<?xml version="1.0" encoding="UTF-8"?>
<!-- Generated by org.testng.reporters.JUnitXMLReporter -->
<testsuite ignored="4" hostname="Dineshs-MacBook-Pro.local" failures="2" tests="67" name="Test" time="100.766" errors="0" timestamp="2025-05-18T21:40:45 EDT">
  <testcase classname="testClasses.TreeTests" name="@BeforeMethod setUpOnce" time="7.529">
    <failure type="java.lang.AssertionError" message="You are logged in expected:&amp;lt;You are logged in&amp;gt; but was:&amp;lt;Login failed or success message mismatch.&amp;gt;">
      <![CDATA[java.lang.AssertionError: You are logged in expected:<You are logged in> but was:<Login failed or success message mismatch.>
at testClasses.TreeTests.setUpOnce(TreeTests.java:48)
at java.base/java.util.ArrayList.forEach(ArrayList.java:1597)
... Removed 30 stack frames]]>
    </failure>
  </testcase> <!-- @BeforeMethod setUpOnce -->
  <testcase classname="testClasses.TreeTests" name="@AfterMethod tearDown" time="0.0">
    <skipped/>
  </testcase> <!-- @AfterMethod tearDown -->
  <testcase classname="testClasses.TreeTests" name="@BeforeMethod setUpOnce" time="0.0">
    <skipped/>
  </testcase> <!-- @BeforeMethod setUpOnce -->
  <testcase classname="testClasses.TreeTests" name="@AfterMethod tearDown" time="0.0">
    <skipped/>
  </testcase> <!-- @AfterMethod tearDown -->
  <testcase classname="testClasses.TreeTests" name="@BeforeMethod setUpOnce" time="0.0">
    <skipped/>
  </testcase> <!-- @BeforeMethod setUpOnce -->
  <testcase classname="testClasses.TreeTests" name="@AfterMethod tearDown" time="0.0">
    <skipped/>
  </testcase> <!-- @AfterMethod tearDown -->
  <testcase classname="testClasses.TreeTests" name="@BeforeMethod setUpOnce" time="0.0">
    <skipped/>
  </testcase> <!-- @BeforeMethod setUpOnce -->
  <testcase classname="testClasses.TreeTests" name="@AfterMethod tearDown" time="0.0">
    <skipped/>
  </testcase> <!-- @AfterMethod tearDown -->
  <testcase classname="testClasses.TreeTests" name="@BeforeMethod setUpOnce" time="0.0">
    <skipped/>
  </testcase> <!-- @BeforeMethod setUpOnce -->
  <testcase classname="testClasses.TreeTests" name="@AfterMethod tearDown" time="0.0">
    <skipped/>
  </testcase> <!-- @AfterMethod tearDown -->
  <testcase classname="testClasses.TreeTests" name="@BeforeMethod setUpOnce" time="0.0">
    <skipped/>
  </testcase> <!-- @BeforeMethod setUpOnce -->
  <testcase classname="testClasses.TreeTests" name="@AfterMethod tearDown" time="0.0">
    <skipped/>
  </testcase> <!-- @AfterMethod tearDown -->
  <testcase classname="testClasses.TreeTests" name="@BeforeMethod setUpOnce" time="0.0">
    <skipped/>
  </testcase> <!-- @BeforeMethod setUpOnce -->
  <testcase classname="testClasses.TreeTests" name="@AfterMethod tearDown" time="0.0">
    <skipped/>
  </testcase> <!-- @AfterMethod tearDown -->
  <testcase classname="testClasses.TreeTests" name="@BeforeMethod setUpOnce" time="0.0">
    <skipped/>
  </testcase> <!-- @BeforeMethod setUpOnce -->
  <testcase classname="testClasses.TreeTests" name="@AfterMethod tearDown" time="0.0">
    <skipped/>
  </testcase> <!-- @AfterMethod tearDown -->
  <testcase classname="testClasses.TreeTests" name="@BeforeMethod setUpOnce" time="0.0">
    <skipped/>
  </testcase> <!-- @BeforeMethod setUpOnce -->
  <testcase classname="testClasses.TreeTests" name="@AfterMethod tearDown" time="0.0">
    <skipped/>
  </testcase> <!-- @AfterMethod tearDown -->
  <testcase classname="testClasses.TreeTests" name="@BeforeMethod setUpOnce" time="0.0">
    <skipped/>
  </testcase> <!-- @BeforeMethod setUpOnce -->
  <testcase classname="testClasses.TreeTests" name="@AfterMethod tearDown" time="0.0">
    <skipped/>
  </testcase> <!-- @AfterMethod tearDown -->
  <testcase classname="testClasses.TreeTests" name="@BeforeMethod setUpOnce" time="0.0">
    <skipped/>
  </testcase> <!-- @BeforeMethod setUpOnce -->
  <testcase classname="testClasses.TreeTests" name="@AfterMethod tearDown" time="0.0">
    <skipped/>
  </testcase> <!-- @AfterMethod tearDown -->
  <testcase classname="testClasses.TreeTests" name="@BeforeMethod setUpOnce" time="0.0">
    <skipped/>
  </testcase> <!-- @BeforeMethod setUpOnce -->
  <testcase classname="testClasses.TreeTests" name="@AfterMethod tearDown" time="0.0">
    <skipped/>
  </testcase> <!-- @AfterMethod tearDown -->
  <testcase classname="testClasses.TreeTests" name="@BeforeMethod setUpOnce" time="0.0">
    <skipped/>
  </testcase> <!-- @BeforeMethod setUpOnce -->
  <testcase classname="testClasses.TreeTests" name="@AfterMethod tearDown" time="0.0">
    <skipped/>
  </testcase> <!-- @AfterMethod tearDown -->
  <testcase classname="testClasses.TreeTests" name="@BeforeMethod setUpOnce" time="0.0">
    <skipped/>
  </testcase> <!-- @BeforeMethod setUpOnce -->
  <testcase classname="testClasses.TreeTests" name="@AfterMethod tearDown" time="0.0">
    <skipped/>
  </testcase> <!-- @AfterMethod tearDown -->
  <testcase classname="testClasses.TreeTests" name="@BeforeMethod setUpOnce" time="0.0">
    <skipped/>
  </testcase> <!-- @BeforeMethod setUpOnce -->
  <testcase classname="testClasses.TreeTests" name="@AfterMethod tearDown" time="0.0">
    <skipped/>
  </testcase> <!-- @AfterMethod tearDown -->
  <testcase classname="testClasses.TreeTests" name="@BeforeMethod setUpOnce" time="0.0">
    <skipped/>
  </testcase> <!-- @BeforeMethod setUpOnce -->
  <testcase classname="testClasses.TreeTests" name="@AfterMethod tearDown" time="0.0">
    <skipped/>
  </testcase> <!-- @AfterMethod tearDown -->
  <testcase classname="testClasses.TreeTests" name="@BeforeMethod setUpOnce" time="0.0">
    <skipped/>
  </testcase> <!-- @BeforeMethod setUpOnce -->
  <testcase classname="testClasses.TreeTests" name="@AfterMethod tearDown" time="0.0">
    <skipped/>
  </testcase> <!-- @AfterMethod tearDown -->
  <testcase classname="testClasses.TreeTests" name="@BeforeMethod setUpOnce" time="0.0">
    <skipped/>
  </testcase> <!-- @BeforeMethod setUpOnce -->
  <testcase classname="testClasses.TreeTests" name="@AfterMethod tearDown" time="0.0">
    <skipped/>
  </testcase> <!-- @AfterMethod tearDown -->
  <testcase classname="testClasses.TreeTests" name="@BeforeMethod setUpOnce" time="0.0">
    <skipped/>
  </testcase> <!-- @BeforeMethod setUpOnce -->
  <testcase classname="testClasses.TreeTests" name="@AfterMethod tearDown" time="0.0">
    <skipped/>
  </testcase> <!-- @AfterMethod tearDown -->
  <testcase classname="testClasses.TreeTests" name="@BeforeMethod setUpOnce" time="0.0">
    <skipped/>
  </testcase> <!-- @BeforeMethod setUpOnce -->
  <testcase classname="testClasses.TreeTests" name="@AfterMethod tearDown" time="0.0">
    <skipped/>
  </testcase> <!-- @AfterMethod tearDown -->
  <testcase classname="testClasses.TreeTests" name="@BeforeMethod setUpOnce" time="0.0">
    <skipped/>
  </testcase> <!-- @BeforeMethod setUpOnce -->
  <testcase classname="testClasses.TreeTests" name="@AfterMethod tearDown" time="0.0">
    <skipped/>
  </testcase> <!-- @AfterMethod tearDown -->
  <testcase classname="testClasses.TreeTests" name="@BeforeMethod setUpOnce" time="0.0">
    <skipped/>
  </testcase> <!-- @BeforeMethod setUpOnce -->
  <testcase classname="testClasses.TreeTests" name="@AfterMethod tearDown" time="0.0">
    <skipped/>
  </testcase> <!-- @AfterMethod tearDown -->
  <testcase classname="testClasses.StackTests" name="@BeforeMethod setUp" time="10.478">
    <failure type="org.openqa.selenium.NoSuchElementException" message="no such element: Unable to locate element: {&amp;quot;method&amp;quot;:&amp;quot;xpath&amp;quot;,&amp;quot;selector&amp;quot;:&amp;quot;//div[@class=&amp;apos;navbar-nav&amp;apos;]//a[@href=&amp;apos;/login&amp;apos;]&amp;quot;}
  (Session info: chrome=136.0.7103.114)
For documentation on this error, please visit: https://www.selenium.dev/documentation/webdriver/troubleshooting/errors#no-such-element-exception
Build info: version: &amp;apos;4.20.0&amp;apos;, revision: &amp;apos;866c76ca80&amp;apos;
System info: os.name: &amp;apos;Mac OS X&amp;apos;, os.arch: &amp;apos;x86_64&amp;apos;, os.version: &amp;apos;15.1.1&amp;apos;, java.version: &amp;apos;23.0.1&amp;apos;
Driver info: org.openqa.selenium.chrome.ChromeDriver
Command: [2918051d4a693cc81437e52d92b5a5dc, findElement {value=//div[@class=&amp;apos;navbar-nav&amp;apos;]//a[@href=&amp;apos;/login&amp;apos;], using=xpath}]
Capabilities {acceptInsecureCerts: false, browserName: chrome, browserVersion: 136.0.7103.114, chrome: {chromedriverVersion: 136.0.7103.94 (fa0be0b33deb..., userDataDir: /var/folders/49/t7zfzxpj60s...}, fedcm:accounts: true, goog:chromeOptions: {debuggerAddress: localhost:51229}, networkConnectionEnabled: false, pageLoadStrategy: normal, platformName: mac, proxy: Proxy(), se:cdp: ws://localhost:51229/devtoo..., se:cdpVersion: 136.0.7103.114, setWindowRect: true, strictFileInteractability: false, timeouts: {implicit: 0, pageLoad: 300000, script: 30000}, unhandledPromptBehavior: dismiss and notify, webauthn:extension:credBlob: true, webauthn:extension:largeBlob: true, webauthn:extension:minPinLength: true, webauthn:extension:prf: true, webauthn:virtualAuthenticators: true}
Session ID: 2918051d4a693cc81437e52d92b5a5dc">
      <![CDATA[org.openqa.selenium.NoSuchElementException: no such element: Unable to locate element: {"method":"xpath","selector":"//div[@class='navbar-nav']//a[@href='/login']"}
  (Session info: chrome=136.0.7103.114)
For documentation on this error, please visit: https://www.selenium.dev/documentation/webdriver/troubleshooting/errors#no-such-element-exception
Build info: version: '4.20.0', revision: '866c76ca80'
System info: os.name: 'Mac OS X', os.arch: 'x86_64', os.version: '15.1.1', java.version: '23.0.1'
Driver info: org.openqa.selenium.chrome.ChromeDriver
Command: [2918051d4a693cc81437e52d92b5a5dc, findElement {value=//div[@class='navbar-nav']//a[@href='/login'], using=xpath}]
Capabilities {acceptInsecureCerts: false, browserName: chrome, browserVersion: 136.0.7103.114, chrome: {chromedriverVersion: 136.0.7103.94 (fa0be0b33deb..., userDataDir: /var/folders/49/t7zfzxpj60s...}, fedcm:accounts: true, goog:chromeOptions: {debuggerAddress: localhost:51229}, networkConnectionEnabled: false, pageLoadStrategy: normal, platformName: mac, proxy: Proxy(), se:cdp: ws://localhost:51229/devtoo..., se:cdpVersion: 136.0.7103.114, setWindowRect: true, strictFileInteractability: false, timeouts: {implicit: 0, pageLoad: 300000, script: 30000}, unhandledPromptBehavior: dismiss and notify, webauthn:extension:credBlob: true, webauthn:extension:largeBlob: true, webauthn:extension:minPinLength: true, webauthn:extension:prf: true, webauthn:virtualAuthenticators: true}
Session ID: 2918051d4a693cc81437e52d92b5a5dc
at org.openqa.selenium.remote.ErrorCodec.decode(ErrorCodec.java:167)
at org.openqa.selenium.remote.codec.w3c.W3CHttpResponseCodec.decode(W3CHttpResponseCodec.java:138)
at org.openqa.selenium.remote.codec.w3c.W3CHttpResponseCodec.decode(W3CHttpResponseCodec.java:50)
at org.openqa.selenium.remote.HttpCommandExecutor.execute(HttpCommandExecutor.java:190)
at org.openqa.selenium.remote.service.DriverCommandExecutor.invokeExecute(DriverCommandExecutor.java:216)
at org.openqa.selenium.remote.service.DriverCommandExecutor.execute(DriverCommandExecutor.java:174)
at org.openqa.selenium.remote.RemoteWebDriver.execute(RemoteWebDriver.java:518)
at org.openqa.selenium.remote.ElementLocation$ElementFinder$2.findElement(ElementLocation.java:165)
at org.openqa.selenium.remote.ElementLocation.findElement(ElementLocation.java:59)
at org.openqa.selenium.remote.RemoteWebDriver.findElement(RemoteWebDriver.java:355)
at org.openqa.selenium.remote.RemoteWebDriver.findElement(RemoteWebDriver.java:349)
at org.openqa.selenium.support.pagefactory.DefaultElementLocator.findElement(DefaultElementLocator.java:68)
at org.openqa.selenium.support.pagefactory.internal.LocatingElementHandler.invoke(LocatingElementHandler.java:38)
at jdk.proxy2/jdk.proxy2.$Proxy15.click(Unknown Source)
at dsAlgoPageObjects.HomePageObj.clickSignInLink(HomePageObj.java:186)
at testClasses.StackTests.setUp(StackTests.java:42)
at java.base/java.util.ArrayList.forEach(ArrayList.java:1597)
... Removed 32 stack frames]]>
    </failure>
  </testcase> <!-- @BeforeMethod setUp -->
  <testcase classname="testClasses.StackTests" name="@AfterMethod tearDown" time="0.0">
    <skipped/>
  </testcase> <!-- @AfterMethod tearDown -->
  <testcase classname="testClasses.StackTests" name="@BeforeMethod setUp" time="0.0">
    <skipped/>
  </testcase> <!-- @BeforeMethod setUp -->
  <testcase classname="testClasses.StackTests" name="@AfterMethod tearDown" time="0.0">
    <skipped/>
  </testcase> <!-- @AfterMethod tearDown -->
  <testcase classname="testClasses.StackTests" name="@BeforeMethod setUp" time="0.0">
    <skipped/>
  </testcase> <!-- @BeforeMethod setUp -->
  <testcase classname="testClasses.StackTests" name="@AfterMethod tearDown" time="0.0">
    <skipped/>
  </testcase> <!-- @AfterMethod tearDown -->
  <testcase classname="testClasses.StackTests" name="@BeforeMethod setUp" time="0.0">
    <skipped/>
  </testcase> <!-- @BeforeMethod setUp -->
  <testcase classname="testClasses.StackTests" name="@AfterMethod tearDown" time="0.0">
    <skipped/>
  </testcase> <!-- @AfterMethod tearDown -->
  <testcase classname="testClasses.StackTests" name="@BeforeMethod setUp" time="0.0">
    <skipped/>
  </testcase> <!-- @BeforeMethod setUp -->
  <testcase classname="testClasses.StackTests" name="@AfterMethod tearDown" time="0.0">
    <skipped/>
  </testcase> <!-- @AfterMethod tearDown -->
  <testcase classname="testClasses.StackTests" name="@BeforeMethod setUp" time="0.0">
    <skipped/>
  </testcase> <!-- @BeforeMethod setUp -->
  <testcase classname="testClasses.StackTests" name="@AfterMethod tearDown" time="0.0">
    <skipped/>
  </testcase> <!-- @AfterMethod tearDown -->
  <testcase classname="testClasses.StackTests" name="@BeforeMethod setUp" time="0.0">
    <skipped/>
  </testcase> <!-- @BeforeMethod setUp -->
  <testcase classname="testClasses.StackTests" name="@AfterMethod tearDown" time="0.0">
    <skipped/>
  </testcase> <!-- @AfterMethod tearDown -->
  <testcase classname="testClasses.StackTests" name="@BeforeMethod setUp" time="0.0">
    <skipped/>
  </testcase> <!-- @BeforeMethod setUp -->
  <testcase classname="testClasses.StackTests" name="@AfterMethod tearDown" time="0.0">
    <skipped/>
  </testcase> <!-- @AfterMethod tearDown -->
  <testcase classname="testClasses.StackTests" name="@BeforeMethod setUp" time="0.0">
    <skipped/>
  </testcase> <!-- @BeforeMethod setUp -->
  <testcase classname="testClasses.StackTests" name="@AfterMethod tearDown" time="0.0">
    <skipped/>
  </testcase> <!-- @AfterMethod tearDown -->
  <testcase classname="testClasses.RegisterTests" name="@BeforeMethod setUpRegister" time="10.359">
    <failure type="org.openqa.selenium.NoSuchElementException" message="no such element: Unable to locate element: {&amp;quot;method&amp;quot;:&amp;quot;xpath&amp;quot;,&amp;quot;selector&amp;quot;:&amp;quot;//a[@href=&amp;apos;/register&amp;apos;]&amp;quot;}
  (Session info: chrome=136.0.7103.114)
For documentation on this error, please visit: https://www.selenium.dev/documentation/webdriver/troubleshooting/errors#no-such-element-exception
Build info: version: &amp;apos;4.20.0&amp;apos;, revision: &amp;apos;866c76ca80&amp;apos;
System info: os.name: &amp;apos;Mac OS X&amp;apos;, os.arch: &amp;apos;x86_64&amp;apos;, os.version: &amp;apos;15.1.1&amp;apos;, java.version: &amp;apos;23.0.1&amp;apos;
Driver info: org.openqa.selenium.chrome.ChromeDriver
Command: [2918051d4a693cc81437e52d92b5a5dc, findElement {value=//a[@href=&amp;apos;/register&amp;apos;], using=xpath}]
Capabilities {acceptInsecureCerts: false, browserName: chrome, browserVersion: 136.0.7103.114, chrome: {chromedriverVersion: 136.0.7103.94 (fa0be0b33deb..., userDataDir: /var/folders/49/t7zfzxpj60s...}, fedcm:accounts: true, goog:chromeOptions: {debuggerAddress: localhost:51229}, networkConnectionEnabled: false, pageLoadStrategy: normal, platformName: mac, proxy: Proxy(), se:cdp: ws://localhost:51229/devtoo..., se:cdpVersion: 136.0.7103.114, setWindowRect: true, strictFileInteractability: false, timeouts: {implicit: 0, pageLoad: 300000, script: 30000}, unhandledPromptBehavior: dismiss and notify, webauthn:extension:credBlob: true, webauthn:extension:largeBlob: true, webauthn:extension:minPinLength: true, webauthn:extension:prf: true, webauthn:virtualAuthenticators: true}
Session ID: 2918051d4a693cc81437e52d92b5a5dc">
      <![CDATA[org.openqa.selenium.NoSuchElementException: no such element: Unable to locate element: {"method":"xpath","selector":"//a[@href='/register']"}
  (Session info: chrome=136.0.7103.114)
For documentation on this error, please visit: https://www.selenium.dev/documentation/webdriver/troubleshooting/errors#no-such-element-exception
Build info: version: '4.20.0', revision: '866c76ca80'
System info: os.name: 'Mac OS X', os.arch: 'x86_64', os.version: '15.1.1', java.version: '23.0.1'
Driver info: org.openqa.selenium.chrome.ChromeDriver
Command: [2918051d4a693cc81437e52d92b5a5dc, findElement {value=//a[@href='/register'], using=xpath}]
Capabilities {acceptInsecureCerts: false, browserName: chrome, browserVersion: 136.0.7103.114, chrome: {chromedriverVersion: 136.0.7103.94 (fa0be0b33deb..., userDataDir: /var/folders/49/t7zfzxpj60s...}, fedcm:accounts: true, goog:chromeOptions: {debuggerAddress: localhost:51229}, networkConnectionEnabled: false, pageLoadStrategy: normal, platformName: mac, proxy: Proxy(), se:cdp: ws://localhost:51229/devtoo..., se:cdpVersion: 136.0.7103.114, setWindowRect: true, strictFileInteractability: false, timeouts: {implicit: 0, pageLoad: 300000, script: 30000}, unhandledPromptBehavior: dismiss and notify, webauthn:extension:credBlob: true, webauthn:extension:largeBlob: true, webauthn:extension:minPinLength: true, webauthn:extension:prf: true, webauthn:virtualAuthenticators: true}
Session ID: 2918051d4a693cc81437e52d92b5a5dc
at org.openqa.selenium.remote.ErrorCodec.decode(ErrorCodec.java:167)
at org.openqa.selenium.remote.codec.w3c.W3CHttpResponseCodec.decode(W3CHttpResponseCodec.java:138)
at org.openqa.selenium.remote.codec.w3c.W3CHttpResponseCodec.decode(W3CHttpResponseCodec.java:50)
at org.openqa.selenium.remote.HttpCommandExecutor.execute(HttpCommandExecutor.java:190)
at org.openqa.selenium.remote.service.DriverCommandExecutor.invokeExecute(DriverCommandExecutor.java:216)
at org.openqa.selenium.remote.service.DriverCommandExecutor.execute(DriverCommandExecutor.java:174)
at org.openqa.selenium.remote.RemoteWebDriver.execute(RemoteWebDriver.java:518)
at org.openqa.selenium.remote.ElementLocation$ElementFinder$2.findElement(ElementLocation.java:165)
at org.openqa.selenium.remote.ElementLocation.findElement(ElementLocation.java:59)
at org.openqa.selenium.remote.RemoteWebDriver.findElement(RemoteWebDriver.java:355)
at org.openqa.selenium.remote.RemoteWebDriver.findElement(RemoteWebDriver.java:349)
at org.openqa.selenium.support.pagefactory.DefaultElementLocator.findElement(DefaultElementLocator.java:68)
at org.openqa.selenium.support.pagefactory.internal.LocatingElementHandler.invoke(LocatingElementHandler.java:38)
at jdk.proxy2/jdk.proxy2.$Proxy15.click(Unknown Source)
at dsAlgoPageObjects.RegisterPageObj.clickRegisterLink(RegisterPageObj.java:111)
at testClasses.RegisterTests.setUpRegister(RegisterTests.java:24)
at java.base/java.util.ArrayList.forEach(ArrayList.java:1597)
... Removed 32 stack frames]]>
    </failure>
  </testcase> <!-- @BeforeMethod setUpRegister -->
  <testcase classname="testClasses.RegisterTests" name="@AfterMethod tearDown" time="0.0">
    <skipped/>
  </testcase> <!-- @AfterMethod tearDown -->
  <testcase classname="testClasses.RegisterTests" name="@BeforeMethod setUpRegister" time="0.0">
    <skipped/>
  </testcase> <!-- @BeforeMethod setUpRegister -->
  <testcase classname="testClasses.RegisterTests" name="@AfterMethod tearDown" time="0.0">
    <skipped/>
  </testcase> <!-- @AfterMethod tearDown -->
  <testcase classname="testClasses.RegisterTests" name="@BeforeMethod setUpRegister" time="0.0">
    <skipped/>
  </testcase> <!-- @BeforeMethod setUpRegister -->
  <testcase classname="testClasses.RegisterTests" name="@AfterMethod tearDown" time="0.0">
    <skipped/>
  </testcase> <!-- @AfterMethod tearDown -->
  <testcase classname="testClasses.RegisterTests" name="@BeforeMethod setUpRegister" time="0.0">
    <skipped/>
  </testcase> <!-- @BeforeMethod setUpRegister -->
  <testcase classname="testClasses.RegisterTests" name="@AfterMethod tearDown" time="0.0">
    <skipped/>
  </testcase> <!-- @AfterMethod tearDown -->
  <testcase classname="testClasses.DataStructureTests" name="@BeforeMethod setUpDataStructure" time="10.318">
    <failure type="org.openqa.selenium.NoSuchElementException" message="no such element: Unable to locate element: {&amp;quot;method&amp;quot;:&amp;quot;xpath&amp;quot;,&amp;quot;selector&amp;quot;:&amp;quot;//div[@class=&amp;apos;navbar-nav&amp;apos;]//a[@href=&amp;apos;/login&amp;apos;]&amp;quot;}
  (Session info: chrome=136.0.7103.114)
For documentation on this error, please visit: https://www.selenium.dev/documentation/webdriver/troubleshooting/errors#no-such-element-exception
Build info: version: &amp;apos;4.20.0&amp;apos;, revision: &amp;apos;866c76ca80&amp;apos;
System info: os.name: &amp;apos;Mac OS X&amp;apos;, os.arch: &amp;apos;x86_64&amp;apos;, os.version: &amp;apos;15.1.1&amp;apos;, java.version: &amp;apos;23.0.1&amp;apos;
Driver info: org.openqa.selenium.chrome.ChromeDriver
Command: [2918051d4a693cc81437e52d92b5a5dc, findElement {value=//div[@class=&amp;apos;navbar-nav&amp;apos;]//a[@href=&amp;apos;/login&amp;apos;], using=xpath}]
Capabilities {acceptInsecureCerts: false, browserName: chrome, browserVersion: 136.0.7103.114, chrome: {chromedriverVersion: 136.0.7103.94 (fa0be0b33deb..., userDataDir: /var/folders/49/t7zfzxpj60s...}, fedcm:accounts: true, goog:chromeOptions: {debuggerAddress: localhost:51229}, networkConnectionEnabled: false, pageLoadStrategy: normal, platformName: mac, proxy: Proxy(), se:cdp: ws://localhost:51229/devtoo..., se:cdpVersion: 136.0.7103.114, setWindowRect: true, strictFileInteractability: false, timeouts: {implicit: 0, pageLoad: 300000, script: 30000}, unhandledPromptBehavior: dismiss and notify, webauthn:extension:credBlob: true, webauthn:extension:largeBlob: true, webauthn:extension:minPinLength: true, webauthn:extension:prf: true, webauthn:virtualAuthenticators: true}
Session ID: 2918051d4a693cc81437e52d92b5a5dc">
      <![CDATA[org.openqa.selenium.NoSuchElementException: no such element: Unable to locate element: {"method":"xpath","selector":"//div[@class='navbar-nav']//a[@href='/login']"}
  (Session info: chrome=136.0.7103.114)
For documentation on this error, please visit: https://www.selenium.dev/documentation/webdriver/troubleshooting/errors#no-such-element-exception
Build info: version: '4.20.0', revision: '866c76ca80'
System info: os.name: 'Mac OS X', os.arch: 'x86_64', os.version: '15.1.1', java.version: '23.0.1'
Driver info: org.openqa.selenium.chrome.ChromeDriver
Command: [2918051d4a693cc81437e52d92b5a5dc, findElement {value=//div[@class='navbar-nav']//a[@href='/login'], using=xpath}]
Capabilities {acceptInsecureCerts: false, browserName: chrome, browserVersion: 136.0.7103.114, chrome: {chromedriverVersion: 136.0.7103.94 (fa0be0b33deb..., userDataDir: /var/folders/49/t7zfzxpj60s...}, fedcm:accounts: true, goog:chromeOptions: {debuggerAddress: localhost:51229}, networkConnectionEnabled: false, pageLoadStrategy: normal, platformName: mac, proxy: Proxy(), se:cdp: ws://localhost:51229/devtoo..., se:cdpVersion: 136.0.7103.114, setWindowRect: true, strictFileInteractability: false, timeouts: {implicit: 0, pageLoad: 300000, script: 30000}, unhandledPromptBehavior: dismiss and notify, webauthn:extension:credBlob: true, webauthn:extension:largeBlob: true, webauthn:extension:minPinLength: true, webauthn:extension:prf: true, webauthn:virtualAuthenticators: true}
Session ID: 2918051d4a693cc81437e52d92b5a5dc
at org.openqa.selenium.remote.ErrorCodec.decode(ErrorCodec.java:167)
at org.openqa.selenium.remote.codec.w3c.W3CHttpResponseCodec.decode(W3CHttpResponseCodec.java:138)
at org.openqa.selenium.remote.codec.w3c.W3CHttpResponseCodec.decode(W3CHttpResponseCodec.java:50)
at org.openqa.selenium.remote.HttpCommandExecutor.execute(HttpCommandExecutor.java:190)
at org.openqa.selenium.remote.service.DriverCommandExecutor.invokeExecute(DriverCommandExecutor.java:216)
at org.openqa.selenium.remote.service.DriverCommandExecutor.execute(DriverCommandExecutor.java:174)
at org.openqa.selenium.remote.RemoteWebDriver.execute(RemoteWebDriver.java:518)
at org.openqa.selenium.remote.ElementLocation$ElementFinder$2.findElement(ElementLocation.java:165)
at org.openqa.selenium.remote.ElementLocation.findElement(ElementLocation.java:59)
at org.openqa.selenium.remote.RemoteWebDriver.findElement(RemoteWebDriver.java:355)
at org.openqa.selenium.remote.RemoteWebDriver.findElement(RemoteWebDriver.java:349)
at org.openqa.selenium.support.pagefactory.DefaultElementLocator.findElement(DefaultElementLocator.java:68)
at org.openqa.selenium.support.pagefactory.internal.LocatingElementHandler.invoke(LocatingElementHandler.java:38)
at jdk.proxy2/jdk.proxy2.$Proxy15.click(Unknown Source)
at dsAlgoPageObjects.HomePageObj.clickSignInLink(HomePageObj.java:186)
at testClasses.DataStructureTests.setUpDataStructure(DataStructureTests.java:39)
at java.base/java.util.ArrayList.forEach(ArrayList.java:1597)
... Removed 32 stack frames]]>
    </failure>
  </testcase> <!-- @BeforeMethod setUpDataStructure -->
  <testcase classname="testClasses.DataStructureTests" name="@AfterMethod tearDown" time="0.0">
    <skipped/>
  </testcase> <!-- @AfterMethod tearDown -->
  <testcase classname="testClasses.DataStructureTests" name="@BeforeMethod setUpDataStructure" time="0.0">
    <skipped/>
  </testcase> <!-- @BeforeMethod setUpDataStructure -->
  <testcase classname="testClasses.DataStructureTests" name="@AfterMethod tearDown" time="0.0">
    <skipped/>
  </testcase> <!-- @AfterMethod tearDown -->
  <testcase classname="testClasses.GraphTests" name="@BeforeMethod setUp" time="10.406">
    <failure type="org.openqa.selenium.NoSuchElementException" message="no such element: Unable to locate element: {&amp;quot;method&amp;quot;:&amp;quot;xpath&amp;quot;,&amp;quot;selector&amp;quot;:&amp;quot;//div[@class=&amp;apos;navbar-nav&amp;apos;]//a[@href=&amp;apos;/login&amp;apos;]&amp;quot;}
  (Session info: chrome=136.0.7103.114)
For documentation on this error, please visit: https://www.selenium.dev/documentation/webdriver/troubleshooting/errors#no-such-element-exception
Build info: version: &amp;apos;4.20.0&amp;apos;, revision: &amp;apos;866c76ca80&amp;apos;
System info: os.name: &amp;apos;Mac OS X&amp;apos;, os.arch: &amp;apos;x86_64&amp;apos;, os.version: &amp;apos;15.1.1&amp;apos;, java.version: &amp;apos;23.0.1&amp;apos;
Driver info: org.openqa.selenium.chrome.ChromeDriver
Command: [2918051d4a693cc81437e52d92b5a5dc, findElement {value=//div[@class=&amp;apos;navbar-nav&amp;apos;]//a[@href=&amp;apos;/login&amp;apos;], using=xpath}]
Capabilities {acceptInsecureCerts: false, browserName: chrome, browserVersion: 136.0.7103.114, chrome: {chromedriverVersion: 136.0.7103.94 (fa0be0b33deb..., userDataDir: /var/folders/49/t7zfzxpj60s...}, fedcm:accounts: true, goog:chromeOptions: {debuggerAddress: localhost:51229}, networkConnectionEnabled: false, pageLoadStrategy: normal, platformName: mac, proxy: Proxy(), se:cdp: ws://localhost:51229/devtoo..., se:cdpVersion: 136.0.7103.114, setWindowRect: true, strictFileInteractability: false, timeouts: {implicit: 0, pageLoad: 300000, script: 30000}, unhandledPromptBehavior: dismiss and notify, webauthn:extension:credBlob: true, webauthn:extension:largeBlob: true, webauthn:extension:minPinLength: true, webauthn:extension:prf: true, webauthn:virtualAuthenticators: true}
Session ID: 2918051d4a693cc81437e52d92b5a5dc">
      <![CDATA[org.openqa.selenium.NoSuchElementException: no such element: Unable to locate element: {"method":"xpath","selector":"//div[@class='navbar-nav']//a[@href='/login']"}
  (Session info: chrome=136.0.7103.114)
For documentation on this error, please visit: https://www.selenium.dev/documentation/webdriver/troubleshooting/errors#no-such-element-exception
Build info: version: '4.20.0', revision: '866c76ca80'
System info: os.name: 'Mac OS X', os.arch: 'x86_64', os.version: '15.1.1', java.version: '23.0.1'
Driver info: org.openqa.selenium.chrome.ChromeDriver
Command: [2918051d4a693cc81437e52d92b5a5dc, findElement {value=//div[@class='navbar-nav']//a[@href='/login'], using=xpath}]
Capabilities {acceptInsecureCerts: false, browserName: chrome, browserVersion: 136.0.7103.114, chrome: {chromedriverVersion: 136.0.7103.94 (fa0be0b33deb..., userDataDir: /var/folders/49/t7zfzxpj60s...}, fedcm:accounts: true, goog:chromeOptions: {debuggerAddress: localhost:51229}, networkConnectionEnabled: false, pageLoadStrategy: normal, platformName: mac, proxy: Proxy(), se:cdp: ws://localhost:51229/devtoo..., se:cdpVersion: 136.0.7103.114, setWindowRect: true, strictFileInteractability: false, timeouts: {implicit: 0, pageLoad: 300000, script: 30000}, unhandledPromptBehavior: dismiss and notify, webauthn:extension:credBlob: true, webauthn:extension:largeBlob: true, webauthn:extension:minPinLength: true, webauthn:extension:prf: true, webauthn:virtualAuthenticators: true}
Session ID: 2918051d4a693cc81437e52d92b5a5dc
at org.openqa.selenium.remote.ErrorCodec.decode(ErrorCodec.java:167)
at org.openqa.selenium.remote.codec.w3c.W3CHttpResponseCodec.decode(W3CHttpResponseCodec.java:138)
at org.openqa.selenium.remote.codec.w3c.W3CHttpResponseCodec.decode(W3CHttpResponseCodec.java:50)
at org.openqa.selenium.remote.HttpCommandExecutor.execute(HttpCommandExecutor.java:190)
at org.openqa.selenium.remote.service.DriverCommandExecutor.invokeExecute(DriverCommandExecutor.java:216)
at org.openqa.selenium.remote.service.DriverCommandExecutor.execute(DriverCommandExecutor.java:174)
at org.openqa.selenium.remote.RemoteWebDriver.execute(RemoteWebDriver.java:518)
at org.openqa.selenium.remote.ElementLocation$ElementFinder$2.findElement(ElementLocation.java:165)
at org.openqa.selenium.remote.ElementLocation.findElement(ElementLocation.java:59)
at org.openqa.selenium.remote.RemoteWebDriver.findElement(RemoteWebDriver.java:355)
at org.openqa.selenium.remote.RemoteWebDriver.findElement(RemoteWebDriver.java:349)
at org.openqa.selenium.support.pagefactory.DefaultElementLocator.findElement(DefaultElementLocator.java:68)
at org.openqa.selenium.support.pagefactory.internal.LocatingElementHandler.invoke(LocatingElementHandler.java:38)
at jdk.proxy2/jdk.proxy2.$Proxy15.click(Unknown Source)
at dsAlgoPageObjects.HomePageObj.clickSignInLink(HomePageObj.java:186)
at testClasses.GraphTests.setUp(GraphTests.java:40)
at java.base/java.util.ArrayList.forEach(ArrayList.java:1597)
... Removed 32 stack frames]]>
    </failure>
  </testcase> <!-- @BeforeMethod setUp -->
  <testcase classname="testClasses.GraphTests" name="@AfterMethod tearDown" time="0.0">
    <skipped/>
  </testcase> <!-- @AfterMethod tearDown -->
  <testcase classname="testClasses.GraphTests" name="@BeforeMethod setUp" time="0.0">
    <skipped/>
  </testcase> <!-- @BeforeMethod setUp -->
  <testcase classname="testClasses.GraphTests" name="@AfterMethod tearDown" time="0.0">
    <skipped/>
  </testcase> <!-- @AfterMethod tearDown -->
  <testcase classname="testClasses.GraphTests" name="@BeforeMethod setUp" time="0.0">
    <skipped/>
  </testcase> <!-- @BeforeMethod setUp -->
  <testcase classname="testClasses.GraphTests" name="@AfterMethod tearDown" time="0.0">
    <skipped/>
  </testcase> <!-- @AfterMethod tearDown -->
  <testcase classname="testClasses.GraphTests" name="@BeforeMethod setUp" time="0.0">
    <skipped/>
  </testcase> <!-- @BeforeMethod setUp -->
  <testcase classname="testClasses.GraphTests" name="@AfterMethod tearDown" time="0.0">
    <skipped/>
  </testcase> <!-- @AfterMethod tearDown -->
  <testcase classname="testClasses.GraphTests" name="@BeforeMethod setUp" time="0.0">
    <skipped/>
  </testcase> <!-- @BeforeMethod setUp -->
  <testcase classname="testClasses.GraphTests" name="@AfterMethod tearDown" time="0.0">
    <skipped/>
  </testcase> <!-- @AfterMethod tearDown -->
  <testcase classname="testClasses.GraphTests" name="@BeforeMethod setUp" time="0.0">
    <skipped/>
  </testcase> <!-- @BeforeMethod setUp -->
  <testcase classname="testClasses.GraphTests" name="@AfterMethod tearDown" time="0.0">
    <skipped/>
  </testcase> <!-- @AfterMethod tearDown -->
  <testcase classname="testClasses.HomeTests" name="@BeforeMethod setUp" time="10.551">
    <failure type="org.openqa.selenium.NoSuchElementException" message="no such element: Unable to locate element: {&amp;quot;method&amp;quot;:&amp;quot;xpath&amp;quot;,&amp;quot;selector&amp;quot;:&amp;quot;//div[@class=&amp;apos;navbar-nav&amp;apos;]//a[@href=&amp;apos;/login&amp;apos;]&amp;quot;}
  (Session info: chrome=136.0.7103.114)
For documentation on this error, please visit: https://www.selenium.dev/documentation/webdriver/troubleshooting/errors#no-such-element-exception
Build info: version: &amp;apos;4.20.0&amp;apos;, revision: &amp;apos;866c76ca80&amp;apos;
System info: os.name: &amp;apos;Mac OS X&amp;apos;, os.arch: &amp;apos;x86_64&amp;apos;, os.version: &amp;apos;15.1.1&amp;apos;, java.version: &amp;apos;23.0.1&amp;apos;
Driver info: org.openqa.selenium.chrome.ChromeDriver
Command: [2918051d4a693cc81437e52d92b5a5dc, findElement {value=//div[@class=&amp;apos;navbar-nav&amp;apos;]//a[@href=&amp;apos;/login&amp;apos;], using=xpath}]
Capabilities {acceptInsecureCerts: false, browserName: chrome, browserVersion: 136.0.7103.114, chrome: {chromedriverVersion: 136.0.7103.94 (fa0be0b33deb..., userDataDir: /var/folders/49/t7zfzxpj60s...}, fedcm:accounts: true, goog:chromeOptions: {debuggerAddress: localhost:51229}, networkConnectionEnabled: false, pageLoadStrategy: normal, platformName: mac, proxy: Proxy(), se:cdp: ws://localhost:51229/devtoo..., se:cdpVersion: 136.0.7103.114, setWindowRect: true, strictFileInteractability: false, timeouts: {implicit: 0, pageLoad: 300000, script: 30000}, unhandledPromptBehavior: dismiss and notify, webauthn:extension:credBlob: true, webauthn:extension:largeBlob: true, webauthn:extension:minPinLength: true, webauthn:extension:prf: true, webauthn:virtualAuthenticators: true}
Session ID: 2918051d4a693cc81437e52d92b5a5dc">
      <![CDATA[org.openqa.selenium.NoSuchElementException: no such element: Unable to locate element: {"method":"xpath","selector":"//div[@class='navbar-nav']//a[@href='/login']"}
  (Session info: chrome=136.0.7103.114)
For documentation on this error, please visit: https://www.selenium.dev/documentation/webdriver/troubleshooting/errors#no-such-element-exception
Build info: version: '4.20.0', revision: '866c76ca80'
System info: os.name: 'Mac OS X', os.arch: 'x86_64', os.version: '15.1.1', java.version: '23.0.1'
Driver info: org.openqa.selenium.chrome.ChromeDriver
Command: [2918051d4a693cc81437e52d92b5a5dc, findElement {value=//div[@class='navbar-nav']//a[@href='/login'], using=xpath}]
Capabilities {acceptInsecureCerts: false, browserName: chrome, browserVersion: 136.0.7103.114, chrome: {chromedriverVersion: 136.0.7103.94 (fa0be0b33deb..., userDataDir: /var/folders/49/t7zfzxpj60s...}, fedcm:accounts: true, goog:chromeOptions: {debuggerAddress: localhost:51229}, networkConnectionEnabled: false, pageLoadStrategy: normal, platformName: mac, proxy: Proxy(), se:cdp: ws://localhost:51229/devtoo..., se:cdpVersion: 136.0.7103.114, setWindowRect: true, strictFileInteractability: false, timeouts: {implicit: 0, pageLoad: 300000, script: 30000}, unhandledPromptBehavior: dismiss and notify, webauthn:extension:credBlob: true, webauthn:extension:largeBlob: true, webauthn:extension:minPinLength: true, webauthn:extension:prf: true, webauthn:virtualAuthenticators: true}
Session ID: 2918051d4a693cc81437e52d92b5a5dc
at org.openqa.selenium.remote.ErrorCodec.decode(ErrorCodec.java:167)
at org.openqa.selenium.remote.codec.w3c.W3CHttpResponseCodec.decode(W3CHttpResponseCodec.java:138)
at org.openqa.selenium.remote.codec.w3c.W3CHttpResponseCodec.decode(W3CHttpResponseCodec.java:50)
at org.openqa.selenium.remote.HttpCommandExecutor.execute(HttpCommandExecutor.java:190)
at org.openqa.selenium.remote.service.DriverCommandExecutor.invokeExecute(DriverCommandExecutor.java:216)
at org.openqa.selenium.remote.service.DriverCommandExecutor.execute(DriverCommandExecutor.java:174)
at org.openqa.selenium.remote.RemoteWebDriver.execute(RemoteWebDriver.java:518)
at org.openqa.selenium.remote.ElementLocation$ElementFinder$2.findElement(ElementLocation.java:165)
at org.openqa.selenium.remote.ElementLocation.findElement(ElementLocation.java:59)
at org.openqa.selenium.remote.RemoteWebDriver.findElement(RemoteWebDriver.java:355)
at org.openqa.selenium.remote.RemoteWebDriver.findElement(RemoteWebDriver.java:349)
at org.openqa.selenium.support.pagefactory.DefaultElementLocator.findElement(DefaultElementLocator.java:68)
at org.openqa.selenium.support.pagefactory.internal.LocatingElementHandler.invoke(LocatingElementHandler.java:38)
at jdk.proxy2/jdk.proxy2.$Proxy15.click(Unknown Source)
at dsAlgoPageObjects.HomePageObj.clickSignInLink(HomePageObj.java:186)
at testClasses.HomeTests.setUp(HomeTests.java:39)
at java.base/java.util.ArrayList.forEach(ArrayList.java:1597)
... Removed 32 stack frames]]>
    </failure>
  </testcase> <!-- @BeforeMethod setUp -->
  <testcase classname="testClasses.HomeTests" name="@AfterMethod tearDown" time="0.0">
    <skipped/>
  </testcase> <!-- @AfterMethod tearDown -->
  <testcase classname="testClasses.HomeTests" name="@BeforeMethod setUp" time="0.0">
    <skipped/>
  </testcase> <!-- @BeforeMethod setUp -->
  <testcase classname="testClasses.HomeTests" name="@AfterMethod tearDown" time="0.0">
    <skipped/>
  </testcase> <!-- @AfterMethod tearDown -->
  <testcase classname="testClasses.HomeTests" name="@BeforeMethod setUp" time="0.0">
    <skipped/>
  </testcase> <!-- @BeforeMethod setUp -->
  <testcase classname="testClasses.HomeTests" name="@AfterMethod tearDown" time="0.0">
    <skipped/>
  </testcase> <!-- @AfterMethod tearDown -->
  <testcase classname="testClasses.HomeTests" name="@BeforeMethod setUp" time="0.0">
    <skipped/>
  </testcase> <!-- @BeforeMethod setUp -->
  <testcase classname="testClasses.HomeTests" name="@AfterMethod tearDown" time="0.0">
    <skipped/>
  </testcase> <!-- @AfterMethod tearDown -->
  <testcase classname="testClasses.HomeTests" name="@BeforeMethod setUp" time="0.0">
    <skipped/>
  </testcase> <!-- @BeforeMethod setUp -->
  <testcase classname="testClasses.HomeTests" name="@AfterMethod tearDown" time="0.0">
    <skipped/>
  </testcase> <!-- @AfterMethod tearDown -->
  <testcase classname="testClasses.HomeTests" name="@BeforeMethod setUp" time="0.0">
    <skipped/>
  </testcase> <!-- @BeforeMethod setUp -->
  <testcase classname="testClasses.HomeTests" name="@AfterMethod tearDown" time="0.0">
    <skipped/>
  </testcase> <!-- @AfterMethod tearDown -->
  <testcase classname="testClasses.HomeTests" name="@BeforeMethod setUp" time="0.0">
    <skipped/>
  </testcase> <!-- @BeforeMethod setUp -->
  <testcase classname="testClasses.HomeTests" name="@AfterMethod tearDown" time="0.0">
    <skipped/>
  </testcase> <!-- @AfterMethod tearDown -->
  <testcase classname="testClasses.HomeTests" name="@BeforeMethod setUp" time="0.0">
    <skipped/>
  </testcase> <!-- @BeforeMethod setUp -->
  <testcase classname="testClasses.HomeTests" name="@AfterMethod tearDown" time="0.0">
    <skipped/>
  </testcase> <!-- @AfterMethod tearDown -->
  <testcase classname="testClasses.ArrayTests" name="@BeforeMethod setUpOnce" time="10.34">
    <failure type="org.openqa.selenium.NoSuchElementException" message="no such element: Unable to locate element: {&amp;quot;method&amp;quot;:&amp;quot;xpath&amp;quot;,&amp;quot;selector&amp;quot;:&amp;quot;//div[@class=&amp;apos;navbar-nav&amp;apos;]//a[@href=&amp;apos;/login&amp;apos;]&amp;quot;}
  (Session info: chrome=136.0.7103.114)
For documentation on this error, please visit: https://www.selenium.dev/documentation/webdriver/troubleshooting/errors#no-such-element-exception
Build info: version: &amp;apos;4.20.0&amp;apos;, revision: &amp;apos;866c76ca80&amp;apos;
System info: os.name: &amp;apos;Mac OS X&amp;apos;, os.arch: &amp;apos;x86_64&amp;apos;, os.version: &amp;apos;15.1.1&amp;apos;, java.version: &amp;apos;23.0.1&amp;apos;
Driver info: org.openqa.selenium.chrome.ChromeDriver
Command: [2918051d4a693cc81437e52d92b5a5dc, findElement {value=//div[@class=&amp;apos;navbar-nav&amp;apos;]//a[@href=&amp;apos;/login&amp;apos;], using=xpath}]
Capabilities {acceptInsecureCerts: false, browserName: chrome, browserVersion: 136.0.7103.114, chrome: {chromedriverVersion: 136.0.7103.94 (fa0be0b33deb..., userDataDir: /var/folders/49/t7zfzxpj60s...}, fedcm:accounts: true, goog:chromeOptions: {debuggerAddress: localhost:51229}, networkConnectionEnabled: false, pageLoadStrategy: normal, platformName: mac, proxy: Proxy(), se:cdp: ws://localhost:51229/devtoo..., se:cdpVersion: 136.0.7103.114, setWindowRect: true, strictFileInteractability: false, timeouts: {implicit: 0, pageLoad: 300000, script: 30000}, unhandledPromptBehavior: dismiss and notify, webauthn:extension:credBlob: true, webauthn:extension:largeBlob: true, webauthn:extension:minPinLength: true, webauthn:extension:prf: true, webauthn:virtualAuthenticators: true}
Session ID: 2918051d4a693cc81437e52d92b5a5dc">
      <![CDATA[org.openqa.selenium.NoSuchElementException: no such element: Unable to locate element: {"method":"xpath","selector":"//div[@class='navbar-nav']//a[@href='/login']"}
  (Session info: chrome=136.0.7103.114)
For documentation on this error, please visit: https://www.selenium.dev/documentation/webdriver/troubleshooting/errors#no-such-element-exception
Build info: version: '4.20.0', revision: '866c76ca80'
System info: os.name: 'Mac OS X', os.arch: 'x86_64', os.version: '15.1.1', java.version: '23.0.1'
Driver info: org.openqa.selenium.chrome.ChromeDriver
Command: [2918051d4a693cc81437e52d92b5a5dc, findElement {value=//div[@class='navbar-nav']//a[@href='/login'], using=xpath}]
Capabilities {acceptInsecureCerts: false, browserName: chrome, browserVersion: 136.0.7103.114, chrome: {chromedriverVersion: 136.0.7103.94 (fa0be0b33deb..., userDataDir: /var/folders/49/t7zfzxpj60s...}, fedcm:accounts: true, goog:chromeOptions: {debuggerAddress: localhost:51229}, networkConnectionEnabled: false, pageLoadStrategy: normal, platformName: mac, proxy: Proxy(), se:cdp: ws://localhost:51229/devtoo..., se:cdpVersion: 136.0.7103.114, setWindowRect: true, strictFileInteractability: false, timeouts: {implicit: 0, pageLoad: 300000, script: 30000}, unhandledPromptBehavior: dismiss and notify, webauthn:extension:credBlob: true, webauthn:extension:largeBlob: true, webauthn:extension:minPinLength: true, webauthn:extension:prf: true, webauthn:virtualAuthenticators: true}
Session ID: 2918051d4a693cc81437e52d92b5a5dc
at org.openqa.selenium.remote.ErrorCodec.decode(ErrorCodec.java:167)
at org.openqa.selenium.remote.codec.w3c.W3CHttpResponseCodec.decode(W3CHttpResponseCodec.java:138)
at org.openqa.selenium.remote.codec.w3c.W3CHttpResponseCodec.decode(W3CHttpResponseCodec.java:50)
at org.openqa.selenium.remote.HttpCommandExecutor.execute(HttpCommandExecutor.java:190)
at org.openqa.selenium.remote.service.DriverCommandExecutor.invokeExecute(DriverCommandExecutor.java:216)
at org.openqa.selenium.remote.service.DriverCommandExecutor.execute(DriverCommandExecutor.java:174)
at org.openqa.selenium.remote.RemoteWebDriver.execute(RemoteWebDriver.java:518)
at org.openqa.selenium.remote.ElementLocation$ElementFinder$2.findElement(ElementLocation.java:165)
at org.openqa.selenium.remote.ElementLocation.findElement(ElementLocation.java:59)
at org.openqa.selenium.remote.RemoteWebDriver.findElement(RemoteWebDriver.java:355)
at org.openqa.selenium.remote.RemoteWebDriver.findElement(RemoteWebDriver.java:349)
at org.openqa.selenium.support.pagefactory.DefaultElementLocator.findElement(DefaultElementLocator.java:68)
at org.openqa.selenium.support.pagefactory.internal.LocatingElementHandler.invoke(LocatingElementHandler.java:38)
at jdk.proxy2/jdk.proxy2.$Proxy15.click(Unknown Source)
at dsAlgoPageObjects.HomePageObj.clickSignInLink(HomePageObj.java:186)
at testClasses.ArrayTests.setUpOnce(ArrayTests.java:47)
at java.base/java.util.ArrayList.forEach(ArrayList.java:1597)
... Removed 32 stack frames]]>
    </failure>
  </testcase> <!-- @BeforeMethod setUpOnce -->
  <testcase classname="testClasses.ArrayTests" name="@AfterMethod tearDown" time="0.0">
    <skipped/>
  </testcase> <!-- @AfterMethod tearDown -->
  <testcase classname="testClasses.ArrayTests" name="@BeforeMethod setUpOnce" time="0.0">
    <skipped/>
  </testcase> <!-- @BeforeMethod setUpOnce -->
  <testcase classname="testClasses.ArrayTests" name="@AfterMethod tearDown" time="0.0">
    <skipped/>
  </testcase> <!-- @AfterMethod tearDown -->
  <testcase classname="testClasses.ArrayTests" name="@BeforeMethod setUpOnce" time="0.0">
    <skipped/>
  </testcase> <!-- @BeforeMethod setUpOnce -->
  <testcase classname="testClasses.ArrayTests" name="@AfterMethod tearDown" time="0.0">
    <skipped/>
  </testcase> <!-- @AfterMethod tearDown -->
  <testcase classname="testClasses.ArrayTests" name="@BeforeMethod setUpOnce" time="0.0">
    <skipped/>
  </testcase> <!-- @BeforeMethod setUpOnce -->
  <testcase classname="testClasses.ArrayTests" name="@AfterMethod tearDown" time="0.0">
    <skipped/>
  </testcase> <!-- @AfterMethod tearDown -->
  <testcase classname="testClasses.ArrayTests" name="@BeforeMethod setUpOnce" time="0.0">
    <skipped/>
  </testcase> <!-- @BeforeMethod setUpOnce -->
  <testcase classname="testClasses.ArrayTests" name="@AfterMethod tearDown" time="0.0">
    <skipped/>
  </testcase> <!-- @AfterMethod tearDown -->
  <testcase classname="testClasses.ArrayTests" name="@BeforeMethod setUpOnce" time="0.0">
    <skipped/>
  </testcase> <!-- @BeforeMethod setUpOnce -->
  <testcase classname="testClasses.ArrayTests" name="@AfterMethod tearDown" time="0.0">
    <skipped/>
  </testcase> <!-- @AfterMethod tearDown -->
  <testcase classname="testClasses.ArrayTests" name="@BeforeMethod setUpOnce" time="0.0">
    <skipped/>
  </testcase> <!-- @BeforeMethod setUpOnce -->
  <testcase classname="testClasses.ArrayTests" name="@AfterMethod tearDown" time="0.0">
    <skipped/>
  </testcase> <!-- @AfterMethod tearDown -->
  <testcase classname="testClasses.ArrayTests" name="@BeforeMethod setUpOnce" time="0.0">
    <skipped/>
  </testcase> <!-- @BeforeMethod setUpOnce -->
  <testcase classname="testClasses.ArrayTests" name="@AfterMethod tearDown" time="0.0">
    <skipped/>
  </testcase> <!-- @AfterMethod tearDown -->
  <testcase classname="testClasses.ArrayTests" name="@BeforeMethod setUpOnce" time="0.0">
    <skipped/>
  </testcase> <!-- @BeforeMethod setUpOnce -->
  <testcase classname="testClasses.ArrayTests" name="@AfterMethod tearDown" time="0.0">
    <skipped/>
  </testcase> <!-- @AfterMethod tearDown -->
  <testcase classname="testClasses.ArrayTests" name="@BeforeMethod setUpOnce" time="0.0">
    <skipped/>
  </testcase> <!-- @BeforeMethod setUpOnce -->
  <testcase classname="testClasses.ArrayTests" name="@AfterMethod tearDown" time="0.0">
    <skipped/>
  </testcase> <!-- @AfterMethod tearDown -->
  <testcase classname="testClasses.ArrayTests" name="@BeforeMethod setUpOnce" time="0.0">
    <skipped/>
  </testcase> <!-- @BeforeMethod setUpOnce -->
  <testcase classname="testClasses.ArrayTests" name="@AfterMethod tearDown" time="0.0">
    <skipped/>
  </testcase> <!-- @AfterMethod tearDown -->
  <testcase classname="testClasses.ArrayTests" name="@BeforeMethod setUpOnce" time="0.0">
    <skipped/>
  </testcase> <!-- @BeforeMethod setUpOnce -->
  <testcase classname="testClasses.ArrayTests" name="@AfterMethod tearDown" time="0.0">
    <skipped/>
  </testcase> <!-- @AfterMethod tearDown -->
  <testcase classname="testClasses.ArrayTests" name="@BeforeMethod setUpOnce" time="0.0">
    <skipped/>
  </testcase> <!-- @BeforeMethod setUpOnce -->
  <testcase classname="testClasses.ArrayTests" name="@AfterMethod tearDown" time="0.0">
    <skipped/>
  </testcase> <!-- @AfterMethod tearDown -->
  <testcase classname="testClasses.ArrayTests" name="@BeforeMethod setUpOnce" time="0.0">
    <skipped/>
  </testcase> <!-- @BeforeMethod setUpOnce -->
  <testcase classname="testClasses.ArrayTests" name="@AfterMethod tearDown" time="0.0">
    <skipped/>
  </testcase> <!-- @AfterMethod tearDown -->
  <testcase classname="testClasses.TreeTests" name="OverviewOfTreesLink" time="0.0">
    <skipped/>
  </testcase> <!-- OverviewOfTreesLink -->
  <testcase classname="testClasses.TreeTests" name="OverviewOfTreesLink1" time="0.001">
    <skipped/>
  </testcase> <!-- OverviewOfTreesLink1 -->
  <testcase classname="testClasses.TreeTests" name="clickTerminologiesLink" time="0.0">
    <skipped/>
  </testcase> <!-- clickTerminologiesLink -->
  <testcase classname="testClasses.TreeTests" name="clickTerminologiesLink1" time="0.0">
    <skipped/>
  </testcase> <!-- clickTerminologiesLink1 -->
  <testcase classname="testClasses.TreeTests" name="clickTypesOfTreesLink" time="0.0">
    <skipped/>
  </testcase> <!-- clickTypesOfTreesLink -->
  <testcase classname="testClasses.TreeTests" name="clickTypesOfTreesLink1" time="0.0">
    <skipped/>
  </testcase> <!-- clickTypesOfTreesLink1 -->
  <testcase classname="testClasses.TreeTests" name="clickTreeTraversalsLink" time="0.001">
    <skipped/>
  </testcase> <!-- clickTreeTraversalsLink -->
  <testcase classname="testClasses.TreeTests" name="clickTreeTraversalsLink1" time="0.0">
    <skipped/>
  </testcase> <!-- clickTreeTraversalsLink1 -->
  <testcase classname="testClasses.TreeTests" name="clickTraversalsIllustrationsLink" time="0.0">
    <skipped/>
  </testcase> <!-- clickTraversalsIllustrationsLink -->
  <testcase classname="testClasses.TreeTests" name="clickTraversalsIllustrationsLink1" time="0.0">
    <skipped/>
  </testcase> <!-- clickTraversalsIllustrationsLink1 -->
  <testcase classname="testClasses.TreeTests" name="clickBinaryTreesLink" time="0.0">
    <skipped/>
  </testcase> <!-- clickBinaryTreesLink -->
  <testcase classname="testClasses.TreeTests" name="clickBinaryTreesLink1" time="0.0">
    <skipped/>
  </testcase> <!-- clickBinaryTreesLink1 -->
  <testcase classname="testClasses.TreeTests" name="clickTypesofBinaryTreesLink" time="0.0">
    <skipped/>
  </testcase> <!-- clickTypesofBinaryTreesLink -->
  <testcase classname="testClasses.TreeTests" name="clickTypesofBinaryTreesLink1" time="0.0">
    <skipped/>
  </testcase> <!-- clickTypesofBinaryTreesLink1 -->
  <testcase classname="testClasses.TreeTests" name="clickImplementationOfBinaryTreesLink" time="0.0">
    <skipped/>
  </testcase> <!-- clickImplementationOfBinaryTreesLink -->
  <testcase classname="testClasses.TreeTests" name="clickImplementationOfBinaryTreesLink1" time="0.0">
    <skipped/>
  </testcase> <!-- clickImplementationOfBinaryTreesLink1 -->
  <testcase classname="testClasses.TreeTests" name="clickApplicationOfBinaryTreesLink" time="0.0">
    <skipped/>
  </testcase> <!-- clickApplicationOfBinaryTreesLink -->
  <testcase classname="testClasses.TreeTests" name="clickApplicationOfBinaryTreesLink1" time="0.0">
    <skipped/>
  </testcase> <!-- clickApplicationOfBinaryTreesLink1 -->
  <testcase classname="testClasses.TreeTests" name="clickBinarySearchTreesLink" time="0.0">
    <skipped/>
  </testcase> <!-- clickBinarySearchTreesLink -->
  <testcase classname="testClasses.TreeTests" name="clickBinarySearchTreesLink1" time="0.0">
    <skipped/>
  </testcase> <!-- clickBinarySearchTreesLink1 -->
  <testcase classname="testClasses.TreeTests" name="clickImplementationofBTSLink" time="0.0">
    <skipped/>
  </testcase> <!-- clickImplementationofBTSLink -->
  <testcase classname="testClasses.TreeTests" name="clickImplementationofBTSLink1" time="0.0">
    <skipped/>
  </testcase> <!-- clickImplementationofBTSLink1 -->
  <testcase classname="testClasses.StackTests" name="testInvalidCodeRunInsideApplications" time="0.0">
    <skipped/>
  </testcase> <!-- testInvalidCodeRunInsideApplications -->
  <testcase classname="testClasses.StackTests" name="testInvalidCodeRunInsideOpsStack" time="0.0">
    <skipped/>
  </testcase> <!-- testInvalidCodeRunInsideOpsStack -->
  <testcase classname="testClasses.StackTests" name="testInvalidCodeStackRepresentation" time="0.0">
    <skipped/>
  </testcase> <!-- testInvalidCodeStackRepresentation -->
  <testcase classname="testClasses.StackTests" name="testValidCodeRunInsideApplications" time="0.0">
    <skipped/>
  </testcase> <!-- testValidCodeRunInsideApplications -->
  <testcase classname="testClasses.StackTests" name="testValidCodeRunInsideOpsStack" time="0.0">
    <skipped/>
  </testcase> <!-- testValidCodeRunInsideOpsStack -->
  <testcase classname="testClasses.StackTests" name="testValidCodeStackRepresentation" time="0.0">
    <skipped/>
  </testcase> <!-- testValidCodeStackRepresentation -->
  <testcase classname="testClasses.StackTests" name="testPracticeQuestionsApplications" time="0.0">
    <skipped/>
  </testcase> <!-- testPracticeQuestionsApplications -->
  <testcase classname="testClasses.StackTests" name="testPracticeQuestionsOpsStack" time="0.0">
    <skipped/>
  </testcase> <!-- testPracticeQuestionsOpsStack -->
  <testcase classname="testClasses.StackTests" name="testPracticeQuestionsImplemntation" time="0.0">
    <skipped/>
  </testcase> <!-- testPracticeQuestionsImplemntation -->
  <testcase classname="testClasses.RegisterTests" name="testEmptyUsernameValidation" time="0.0">
    <skipped/>
  </testcase> <!-- testEmptyUsernameValidation -->
  <testcase classname="testClasses.RegisterTests" name="testNumericPasswordValidation" time="0.0">
    <skipped/>
  </testcase> <!-- testNumericPasswordValidation -->
  <testcase classname="testClasses.RegisterTests" name="testPasswordMismatchRegistration" time="0.0">
    <skipped/>
  </testcase> <!-- testPasswordMismatchRegistration -->
  <testcase classname="testClasses.RegisterTests" name="testValidRegistration" time="0.0">
    <skipped/>
  </testcase> <!-- testValidRegistration -->
  <testcase classname="testClasses.DataStructureTests" name="testInValidOutputforTimeComplexity" time="0.0">
    <skipped/>
  </testcase> <!-- testInValidOutputforTimeComplexity -->
  <testcase classname="testClasses.DataStructureTests" name="testValidOutputforTimeComplexity1" time="0.0">
    <skipped/>
  </testcase> <!-- testValidOutputforTimeComplexity1 -->
  <testcase classname="testClasses.GraphTests" name="testInvalidCodeGraphRepresentation" time="0.0">
    <skipped/>
  </testcase> <!-- testInvalidCodeGraphRepresentation -->
  <testcase classname="testClasses.GraphTests" name="testInvalidCodeRunInsideGraph" time="0.0">
    <skipped/>
  </testcase> <!-- testInvalidCodeRunInsideGraph -->
  <testcase classname="testClasses.GraphTests" name="testValidCodeGraphRepresentation" time="0.0">
    <skipped/>
  </testcase> <!-- testValidCodeGraphRepresentation -->
  <testcase classname="testClasses.GraphTests" name="testValidCodeRunInsideGraph" time="0.0">
    <skipped/>
  </testcase> <!-- testValidCodeRunInsideGraph -->
  <testcase classname="testClasses.GraphTests" name="testPracticeQuestionsLinkInsideGraph" time="0.0">
    <skipped/>
  </testcase> <!-- testPracticeQuestionsLinkInsideGraph -->
  <testcase classname="testClasses.GraphTests" name="testPracticeQuestionsGraphRepresentation" time="0.0">
    <skipped/>
  </testcase> <!-- testPracticeQuestionsGraphRepresentation -->
  <testcase classname="testClasses.HomeTests" name="DSDropdown" time="0.0">
    <skipped/>
  </testcase> <!-- DSDropdown -->
  <testcase classname="testClasses.HomeTests" name="DataStructureIntroductionGetstarted" time="0.0">
    <skipped/>
  </testcase> <!-- DataStructureIntroductionGetstarted -->
  <testcase classname="testClasses.HomeTests" name="ArrayGetStarted" time="0.0">
    <skipped/>
  </testcase> <!-- ArrayGetStarted -->
  <testcase classname="testClasses.HomeTests" name="LinkedListGetStarted" time="0.0">
    <skipped/>
  </testcase> <!-- LinkedListGetStarted -->
  <testcase classname="testClasses.HomeTests" name="StackGetStarted" time="0.0">
    <skipped/>
  </testcase> <!-- StackGetStarted -->
  <testcase classname="testClasses.HomeTests" name="QueueGetStarted" time="0.0">
    <skipped/>
  </testcase> <!-- QueueGetStarted -->
  <testcase classname="testClasses.HomeTests" name="TreeGetStarted" time="0.0">
    <skipped/>
  </testcase> <!-- TreeGetStarted -->
  <testcase classname="testClasses.HomeTests" name="GraphGetStarted" time="0.0">
    <skipped/>
  </testcase> <!-- GraphGetStarted -->
  <testcase classname="testClasses.ArrayTests" name="ArraysinPython" time="0.0">
    <skipped/>
  </testcase> <!-- ArraysinPython -->
  <testcase classname="testClasses.ArrayTests" name="ArraysinPython1" time="0.0">
    <skipped/>
  </testcase> <!-- ArraysinPython1 -->
  <testcase classname="testClasses.ArrayTests" name="ArraysUsingList" time="0.0">
    <skipped/>
  </testcase> <!-- ArraysUsingList -->
  <testcase classname="testClasses.ArrayTests" name="ArraysUsingList1" time="0.0">
    <skipped/>
  </testcase> <!-- ArraysUsingList1 -->
  <testcase classname="testClasses.ArrayTests" name="BasicOperationsinLists" time="0.0">
    <skipped/>
  </testcase> <!-- BasicOperationsinLists -->
  <testcase classname="testClasses.ArrayTests" name="BasicOperationsinLists1" time="0.0">
    <skipped/>
  </testcase> <!-- BasicOperationsinLists1 -->
  <testcase classname="testClasses.ArrayTests" name="ApplicationsofArray" time="0.0">
    <skipped/>
  </testcase> <!-- ApplicationsofArray -->
  <testcase classname="testClasses.ArrayTests" name="ApplicationsofArray1" time="0.0">
    <skipped/>
  </testcase> <!-- ApplicationsofArray1 -->
  <testcase classname="testClasses.ArrayTests" name="SearchTheArray" time="0.0">
    <skipped/>
  </testcase> <!-- SearchTheArray -->
  <testcase classname="testClasses.ArrayTests" name="SearchTheArray1" time="0.0">
    <skipped/>
  </testcase> <!-- SearchTheArray1 -->
  <testcase classname="testClasses.ArrayTests" name="MaxConsecutiveOnes" time="0.0">
    <skipped/>
  </testcase> <!-- MaxConsecutiveOnes -->
  <testcase classname="testClasses.ArrayTests" name="MaxConsecutiveOnes1" time="0.0">
    <skipped/>
  </testcase> <!-- MaxConsecutiveOnes1 -->
  <testcase classname="testClasses.ArrayTests" name="EvenNumberOfDigits" time="0.0">
    <skipped/>
  </testcase> <!-- EvenNumberOfDigits -->
  <testcase classname="testClasses.ArrayTests" name="EvenNumberOfDigits1" time="0.0">
    <skipped/>
  </testcase> <!-- EvenNumberOfDigits1 -->
  <testcase classname="testClasses.ArrayTests" name="SquaresofaSorted" time="0.0">
    <failure type="org.testng.TestNGException" message="
Method public void testClasses.ArrayTests.SquaresofaSorted(java.lang.String,int,java.lang.String) throws java.lang.Exception requires a @DataProvider named : ValidPythonCode">
      <![CDATA[org.testng.TestNGException: 
Method public void testClasses.ArrayTests.SquaresofaSorted(java.lang.String,int,java.lang.String) throws java.lang.Exception requires a @DataProvider named : ValidPythonCode
at java.base/java.util.ArrayList.forEach(ArrayList.java:1597)
... Removed 24 stack frames]]>
    </failure>
  </testcase> <!-- SquaresofaSorted -->
  <testcase classname="testClasses.ArrayTests" name="SquaresofaSorted1" time="0.0">
    <failure type="org.testng.TestNGException" message="
Method public void testClasses.ArrayTests.SquaresofaSorted1(java.lang.String,int,java.lang.String) throws java.lang.Exception requires a @DataProvider named : InValidPythonCode">
      <![CDATA[org.testng.TestNGException: 
Method public void testClasses.ArrayTests.SquaresofaSorted1(java.lang.String,int,java.lang.String) throws java.lang.Exception requires a @DataProvider named : InValidPythonCode
at java.base/java.util.ArrayList.forEach(ArrayList.java:1597)
... Removed 24 stack frames]]>
    </failure>
  </testcase> <!-- SquaresofaSorted1 -->
  <testcase classname="baseClass.BaseClass" name="@BeforeSuite SetUp" time="0.0">
    <ignored/>
  </testcase> <!-- @BeforeSuite SetUp -->
  <testcase classname="baseClass.BaseClass" name="@BeforeSuite SetUp" time="0.0">
    <ignored/>
  </testcase> <!-- @BeforeSuite SetUp -->
  <testcase classname="baseClass.BaseClass" name="@BeforeSuite SetUp" time="0.0">
    <ignored/>
  </testcase> <!-- @BeforeSuite SetUp -->
  <testcase classname="baseClass.BaseClass" name="@BeforeSuite SetUp" time="0.0">
    <ignored/>
  </testcase> <!-- @BeforeSuite SetUp -->
</testsuite> <!-- Test -->
