{"uuid":"582e10f7-fa68-4267-b602-60cf623bd732","historyId":"51382a11532417d7d94ffb5956efb43e","fullName":"testClasses.QueueTests.tearDown","labels":[{"name":"package","value":"testClasses.QueueTests"},{"name":"testClass","value":"testClasses.QueueTests"},{"name":"testMethod","value":"tearDown"},{"name":"parentSuite","value":"Default suite"},{"name":"suite","value":"Default test"},{"name":"subSuite","value":"testClasses.QueueTests"},{"name":"host","value":"Dineshs-MacBook-Pro.local"},{"name":"thread","value":"10502@Dineshs-MacBook-Pro.local.main(1)"},{"name":"framework","value":"testng"},{"name":"language","value":"java"},{"name":"AS_ID","value":"-1"}],"links":[],"name":"tearDown","status":"broken","statusDetails":{"known":false,"muted":false,"flaky":false,"message":"Timed out waiting for driver server to stop.\nBuild info: version: '4.20.0', revision: '866c76ca80'\nSystem info: os.name: 'Mac OS X', os.arch: 'x86_64', os.version: '15.1.1', java.version: '23.0.1'\nDriver info: org.openqa.selenium.chrome.ChromeDriver\nCommand: [cc6b37602799b9965a054d49ef942026, quit {}]\nCapabilities {acceptInsecureCerts: false, browserName: chrome, browserVersion: 136.0.7103.114, chrome: {chromedriverVersion: 136.0.7103.94 (fa0be0b33deb..., userDataDir: /var/folders/49/t7zfzxpj60s...}, fedcm:accounts: true, goog:chromeOptions: {debuggerAddress: localhost:59163}, networkConnectionEnabled: false, pageLoadStrategy: normal, platformName: mac, proxy: Proxy(), se:cdp: ws://localhost:59163/devtoo..., se:cdpVersion: 136.0.7103.114, setWindowRect: true, strictFileInteractability: false, timeouts: {implicit: 0, pageLoad: 300000, script: 30000}, unhandledPromptBehavior: dismiss and notify, webauthn:extension:credBlob: true, webauthn:extension:largeBlob: true, webauthn:extension:minPinLength: true, webauthn:extension:prf: true, webauthn:virtualAuthenticators: true}\nSession ID: cc6b37602799b9965a054d49ef942026","trace":"org.openqa.selenium.WebDriverException: Timed out waiting for driver server to stop.\nBuild info: version: '4.20.0', revision: '866c76ca80'\nSystem info: os.name: 'Mac OS X', os.arch: 'x86_64', os.version: '15.1.1', java.version: '23.0.1'\nDriver info: org.openqa.selenium.chrome.ChromeDriver\nCommand: [cc6b37602799b9965a054d49ef942026, quit {}]\nCapabilities {acceptInsecureCerts: false, browserName: chrome, browserVersion: 136.0.7103.114, chrome: {chromedriverVersion: 136.0.7103.94 (fa0be0b33deb..., userDataDir: /var/folders/49/t7zfzxpj60s...}, fedcm:accounts: true, goog:chromeOptions: {debuggerAddress: localhost:59163}, networkConnectionEnabled: false, pageLoadStrategy: normal, platformName: mac, proxy: Proxy(), se:cdp: ws://localhost:59163/devtoo..., se:cdpVersion: 136.0.7103.114, setWindowRect: true, strictFileInteractability: false, timeouts: {implicit: 0, pageLoad: 300000, script: 30000}, unhandledPromptBehavior: dismiss and notify, webauthn:extension:credBlob: true, webauthn:extension:largeBlob: true, webauthn:extension:minPinLength: true, webauthn:extension:prf: true, webauthn:virtualAuthenticators: true}\nSession ID: cc6b37602799b9965a054d49ef942026\n\tat org.openqa.selenium.remote.service.DriverCommandExecutor.execute(DriverCommandExecutor.java:164)\n\tat org.openqa.selenium.remote.RemoteWebDriver.execute(RemoteWebDriver.java:518)\n\tat org.openqa.selenium.remote.RemoteWebDriver.execute(RemoteWebDriver.java:591)\n\tat org.openqa.selenium.remote.RemoteWebDriver.execute(RemoteWebDriver.java:595)\n\tat org.openqa.selenium.remote.RemoteWebDriver.quit(RemoteWebDriver.java:433)\n\tat org.openqa.selenium.chromium.ChromiumDriver.quit(ChromiumDriver.java:432)\n\tat driverManager.DriverFactory.closeDriver(DriverFactory.java:40)\n\tat testClasses.QueueTests.tearDown(QueueTests.java:184)\n\tat java.base/jdk.internal.reflect.DirectMethodHandleAccessor.invoke(DirectMethodHandleAccessor.java:103)\n\tat java.base/java.lang.reflect.Method.invoke(Method.java:580)\n\tat org.testng.internal.invokers.MethodInvocationHelper.invokeMethod(MethodInvocationHelper.java:141)\n\tat org.testng.internal.invokers.MethodInvocationHelper.invokeMethodConsideringTimeout(MethodInvocationHelper.java:71)\n\tat org.testng.internal.invokers.ConfigInvoker.invokeConfigurationMethod(ConfigInvoker.java:400)\n\tat org.testng.internal.invokers.ConfigInvoker.invokeConfigurations(ConfigInvoker.java:333)\n\tat org.testng.internal.invokers.TestInvoker.runConfigMethods(TestInvoker.java:836)\n\tat org.testng.internal.invokers.TestInvoker.runAfterConfigurations(TestInvoker.java:805)\n\tat org.testng.internal.invokers.TestInvoker.invokeMethod(TestInvoker.java:781)\n\tat org.testng.internal.invokers.TestInvoker.invokeTestMethod(TestInvoker.java:230)\n\tat org.testng.internal.invokers.MethodRunner.runInSequence(MethodRunner.java:63)\n\tat org.testng.internal.invokers.TestInvoker$MethodInvocationAgent.invoke(TestInvoker.java:995)\n\tat org.testng.internal.invokers.TestInvoker.invokeTestMethods(TestInvoker.java:203)\n\tat org.testng.internal.invokers.TestMethodWorker.invokeTestMethods(TestMethodWorker.java:154)\n\tat org.testng.internal.invokers.TestMethodWorker.run(TestMethodWorker.java:134)\n\tat java.base/java.util.ArrayList.forEach(ArrayList.java:1597)\n\tat org.testng.TestRunner.privateRun(TestRunner.java:741)\n\tat org.testng.TestRunner.run(TestRunner.java:616)\n\tat org.testng.SuiteRunner.runTest(SuiteRunner.java:421)\n\tat org.testng.SuiteRunner.runSequentially(SuiteRunner.java:413)\n\tat org.testng.SuiteRunner.privateRun(SuiteRunner.java:373)\n\tat org.testng.SuiteRunner.run(SuiteRunner.java:312)\n\tat org.testng.SuiteRunnerWorker.runSuite(SuiteRunnerWorker.java:52)\n\tat org.testng.SuiteRunnerWorker.run(SuiteRunnerWorker.java:95)\n\tat org.testng.TestNG.runSuitesSequentially(TestNG.java:1274)\n\tat org.testng.TestNG.runSuitesLocally(TestNG.java:1208)\n\tat org.testng.TestNG.runSuites(TestNG.java:1112)\n\tat org.testng.TestNG.run(TestNG.java:1079)\n\tat org.testng.remote.AbstractRemoteTestNG.run(AbstractRemoteTestNG.java:115)\n\tat org.testng.remote.RemoteTestNG.initAndRun(RemoteTestNG.java:293)\n\tat org.testng.remote.RemoteTestNG.main(RemoteTestNG.java:91)\nCaused by: java.util.concurrent.ExecutionException: java.io.UncheckedIOException: java.net.ConnectException\n\tat java.base/java.util.concurrent.CompletableFuture.wrapInExecutionException(CompletableFuture.java:345)\n\tat java.base/java.util.concurrent.CompletableFuture.reportGet(CompletableFuture.java:440)\n\tat java.base/java.util.concurrent.CompletableFuture.get(CompletableFuture.java:2140)\n\tat org.openqa.selenium.remote.service.DriverCommandExecutor.execute(DriverCommandExecutor.java:160)\n\t... 38 more\nCaused by: java.io.UncheckedIOException: java.net.ConnectException\n\tat org.openqa.selenium.remote.http.jdk.JdkHttpClient.execute0(JdkHttpClient.java:436)\n\tat org.openqa.selenium.remote.http.AddSeleniumUserAgent.lambda$apply$0(AddSeleniumUserAgent.java:42)\n\tat org.openqa.selenium.remote.http.Filter.lambda$andFinally$1(Filter.java:55)\n\tat org.openqa.selenium.remote.http.jdk.JdkHttpClient.execute(JdkHttpClient.java:352)\n\tat org.openqa.selenium.remote.HttpCommandExecutor.execute(HttpCommandExecutor.java:187)\n\tat org.openqa.selenium.remote.service.DriverCommandExecutor.invokeExecute(DriverCommandExecutor.java:216)\n\tat org.openqa.selenium.remote.service.DriverCommandExecutor.lambda$execute$1(DriverCommandExecutor.java:126)\n\tat java.base/java.util.concurrent.CompletableFuture$AsyncSupply.run(CompletableFuture.java:1812)\n\tat java.base/java.util.concurrent.ThreadPoolExecutor.runWorker(ThreadPoolExecutor.java:1144)\n\tat java.base/java.util.concurrent.ThreadPoolExecutor$Worker.run(ThreadPoolExecutor.java:642)\n\tat java.base/java.lang.Thread.run(Thread.java:1575)\nCaused by: java.net.ConnectException\n\tat java.net.http/jdk.internal.net.http.common.Utils.toConnectException(Utils.java:1082)\n\tat java.net.http/jdk.internal.net.http.PlainHttpConnection.connectAsync(PlainHttpConnection.java:227)\n\tat java.net.http/jdk.internal.net.http.PlainHttpConnection.checkRetryConnect(PlainHttpConnection.java:280)\n\tat java.net.http/jdk.internal.net.http.PlainHttpConnection.lambda$connectAsync$2(PlainHttpConnection.java:238)\n\tat java.base/java.util.concurrent.CompletableFuture.uniHandle(CompletableFuture.java:978)\n\tat java.base/java.util.concurrent.CompletableFuture$UniHandle.tryFire(CompletableFuture.java:955)\n\tat java.base/java.util.concurrent.CompletableFuture.postComplete(CompletableFuture.java:554)\n\tat java.base/java.util.concurrent.CompletableFuture$AsyncSupply.run(CompletableFuture.java:1817)\n\t... 3 more\nCaused by: java.nio.channels.ClosedChannelException\n\tat java.base/sun.nio.ch.SocketChannelImpl.ensureOpen(SocketChannelImpl.java:204)\n\tat java.base/sun.nio.ch.SocketChannelImpl.connect(SocketChannelImpl.java:958)\n\tat java.net.http/jdk.internal.net.http.PlainHttpConnection.lambda$connectAsync$1(PlainHttpConnection.java:210)\n\tat java.base/java.security.AccessController.doPrivileged(AccessController.java:571)\n\tat java.net.http/jdk.internal.net.http.PlainHttpConnection.connectAsync(PlainHttpConnection.java:212)\n\t... 9 more\n"},"stage":"finished","steps":[],"attachments":[],"parameters":[],"start":1747747052364,"stop":1747747052365}