{"uuid":"e242c042-3670-4d3d-8c5a-4fb38875a1e9","historyId":"61347a0af274a9bc29f2338fb7a96bea","fullName":"testClasses.DataStructureTests.tearDown","labels":[{"name":"package","value":"testClasses.DataStructureTests"},{"name":"testClass","value":"testClasses.DataStructureTests"},{"name":"testMethod","value":"tearDown"},{"name":"parentSuite","value":"Surefire suite"},{"name":"suite","value":"Surefire test"},{"name":"subSuite","value":"testClasses.DataStructureTests"},{"name":"host","value":"Dineshs-MacBook-Pro.local"},{"name":"thread","value":"61133@Dineshs-MacBook-Pro.local.main(3)"},{"name":"framework","value":"testng"},{"name":"language","value":"java"},{"name":"AS_ID","value":"-1"}],"links":[],"name":"tearDown","status":"broken","statusDetails":{"known":false,"muted":false,"flaky":false,"message":"Timed out waiting for driver server to stop.\nBuild info: version: '4.20.0', revision: '866c76ca80'\nSystem info: os.name: 'Mac OS X', os.arch: 'x86_64', os.version: '15.1.1', java.version: '24'\nDriver info: org.openqa.selenium.chrome.ChromeDriver\nCommand: [7ca7e604feadd0a0f6f905b320355039, quit {}]\nCapabilities {acceptInsecureCerts: false, browserName: chrome, browserVersion: 136.0.7103.113, chrome: {chromedriverVersion: 136.0.7103.94 (fa0be0b33deb..., userDataDir: /var/folders/49/t7zfzxpj60s...}, fedcm:accounts: true, goog:chromeOptions: {debuggerAddress: localhost:61872}, networkConnectionEnabled: false, pageLoadStrategy: normal, platformName: mac, proxy: Proxy(), se:cdp: ws://localhost:61872/devtoo..., se:cdpVersion: 136.0.7103.113, setWindowRect: true, strictFileInteractability: false, timeouts: {implicit: 0, pageLoad: 300000, script: 30000}, unhandledPromptBehavior: dismiss and notify, webauthn:extension:credBlob: true, webauthn:extension:largeBlob: true, webauthn:extension:minPinLength: true, webauthn:extension:prf: true, webauthn:virtualAuthenticators: true}\nSession ID: 7ca7e604feadd0a0f6f905b320355039","trace":"org.openqa.selenium.WebDriverException: Timed out waiting for driver server to stop.\nBuild info: version: '4.20.0', revision: '866c76ca80'\nSystem info: os.name: 'Mac OS X', os.arch: 'x86_64', os.version: '15.1.1', java.version: '24'\nDriver info: org.openqa.selenium.chrome.ChromeDriver\nCommand: [7ca7e604feadd0a0f6f905b320355039, quit {}]\nCapabilities {acceptInsecureCerts: false, browserName: chrome, browserVersion: 136.0.7103.113, chrome: {chromedriverVersion: 136.0.7103.94 (fa0be0b33deb..., userDataDir: /var/folders/49/t7zfzxpj60s...}, fedcm:accounts: true, goog:chromeOptions: {debuggerAddress: localhost:61872}, networkConnectionEnabled: false, pageLoadStrategy: normal, platformName: mac, proxy: Proxy(), se:cdp: ws://localhost:61872/devtoo..., se:cdpVersion: 136.0.7103.113, setWindowRect: true, strictFileInteractability: false, timeouts: {implicit: 0, pageLoad: 300000, script: 30000}, unhandledPromptBehavior: dismiss and notify, webauthn:extension:credBlob: true, webauthn:extension:largeBlob: true, webauthn:extension:minPinLength: true, webauthn:extension:prf: true, webauthn:virtualAuthenticators: true}\nSession ID: 7ca7e604feadd0a0f6f905b320355039\n\tat org.openqa.selenium.remote.service.DriverCommandExecutor.execute(DriverCommandExecutor.java:164)\n\tat org.openqa.selenium.remote.RemoteWebDriver.execute(RemoteWebDriver.java:518)\n\tat org.openqa.selenium.remote.RemoteWebDriver.execute(RemoteWebDriver.java:591)\n\tat org.openqa.selenium.remote.RemoteWebDriver.execute(RemoteWebDriver.java:595)\n\tat org.openqa.selenium.remote.RemoteWebDriver.quit(RemoteWebDriver.java:433)\n\tat org.openqa.selenium.chromium.ChromiumDriver.quit(ChromiumDriver.java:432)\n\tat testClasses.DataStructureTests.tearDown(DataStructureTests.java:87)\n\tat java.base/jdk.internal.reflect.DirectMethodHandleAccessor.invoke(DirectMethodHandleAccessor.java:104)\n\tat java.base/java.lang.reflect.Method.invoke(Method.java:565)\n\tat org.testng.internal.invokers.MethodInvocationHelper.invokeMethod(MethodInvocationHelper.java:139)\n\tat org.testng.internal.invokers.MethodInvocationHelper.invokeMethodConsideringTimeout(MethodInvocationHelper.java:69)\n\tat org.testng.internal.invokers.ConfigInvoker.invokeConfigurationMethod(ConfigInvoker.java:393)\n\tat org.testng.internal.invokers.ConfigInvoker.invokeConfigurations(ConfigInvoker.java:326)\n\tat org.testng.internal.invokers.TestMethodWorker.invokeAfterClassConfigurations(TestMethodWorker.java:229)\n\tat org.testng.internal.invokers.TestMethodWorker.invokeAfterClassMethods(TestMethodWorker.java:215)\n\tat org.testng.internal.invokers.TestMethodWorker.run(TestMethodWorker.java:131)\n\tat java.base/java.util.ArrayList.forEach(ArrayList.java:1604)\n\tat org.testng.TestRunner.privateRun(TestRunner.java:819)\n\tat org.testng.TestRunner.run(TestRunner.java:619)\n\tat org.testng.SuiteRunner.runTest(SuiteRunner.java:443)\n\tat org.testng.SuiteRunner.runSequentially(SuiteRunner.java:437)\n\tat org.testng.SuiteRunner.privateRun(SuiteRunner.java:397)\n\tat org.testng.SuiteRunner.run(SuiteRunner.java:336)\n\tat org.testng.SuiteRunnerWorker.runSuite(SuiteRunnerWorker.java:52)\n\tat org.testng.SuiteRunnerWorker.run(SuiteRunnerWorker.java:95)\n\tat org.testng.TestNG.runSuitesSequentially(TestNG.java:1301)\n\tat org.testng.TestNG.runSuitesLocally(TestNG.java:1228)\n\tat org.testng.TestNG.runSuites(TestNG.java:1134)\n\tat org.testng.TestNG.run(TestNG.java:1101)\n\tat org.apache.maven.surefire.testng.TestNGExecutor.run(TestNGExecutor.java:155)\n\tat org.apache.maven.surefire.testng.TestNGDirectoryTestSuite.executeMulti(TestNGDirectoryTestSuite.java:169)\n\tat org.apache.maven.surefire.testng.TestNGDirectoryTestSuite.execute(TestNGDirectoryTestSuite.java:88)\n\tat org.apache.maven.surefire.testng.TestNGProvider.invoke(TestNGProvider.java:137)\n\tat org.apache.maven.surefire.booter.ForkedBooter.runSuitesInProcess(ForkedBooter.java:385)\n\tat org.apache.maven.surefire.booter.ForkedBooter.execute(ForkedBooter.java:162)\n\tat org.apache.maven.surefire.booter.ForkedBooter.run(ForkedBooter.java:507)\n\tat org.apache.maven.surefire.booter.ForkedBooter.main(ForkedBooter.java:495)\nCaused by: java.util.concurrent.ExecutionException: java.io.UncheckedIOException: java.net.ConnectException\n\tat java.base/java.util.concurrent.CompletableFuture.wrapInExecutionException(CompletableFuture.java:347)\n\tat java.base/java.util.concurrent.CompletableFuture.reportGet(CompletableFuture.java:442)\n\tat java.base/java.util.concurrent.CompletableFuture.get(CompletableFuture.java:2142)\n\tat org.openqa.selenium.remote.service.DriverCommandExecutor.execute(DriverCommandExecutor.java:160)\n\t... 36 more\nCaused by: java.io.UncheckedIOException: java.net.ConnectException\n\tat org.openqa.selenium.remote.http.jdk.JdkHttpClient.execute0(JdkHttpClient.java:436)\n\tat org.openqa.selenium.remote.http.AddSeleniumUserAgent.lambda$apply$0(AddSeleniumUserAgent.java:42)\n\tat org.openqa.selenium.remote.http.Filter.lambda$andFinally$1(Filter.java:55)\n\tat org.openqa.selenium.remote.http.jdk.JdkHttpClient.execute(JdkHttpClient.java:352)\n\tat org.openqa.selenium.remote.HttpCommandExecutor.execute(HttpCommandExecutor.java:187)\n\tat org.openqa.selenium.remote.service.DriverCommandExecutor.invokeExecute(DriverCommandExecutor.java:216)\n\tat org.openqa.selenium.remote.service.DriverCommandExecutor.lambda$execute$1(DriverCommandExecutor.java:126)\n\tat java.base/java.util.concurrent.CompletableFuture$AsyncSupply.run(CompletableFuture.java:1814)\n\tat java.base/java.util.concurrent.ThreadPoolExecutor.runWorker(ThreadPoolExecutor.java:1095)\n\tat java.base/java.util.concurrent.ThreadPoolExecutor$Worker.run(ThreadPoolExecutor.java:619)\n\tat java.base/java.lang.Thread.run(Thread.java:1447)\nCaused by: java.net.ConnectException\n\tat java.net.http/jdk.internal.net.http.common.Utils.toConnectException(Utils.java:1046)\n\tat java.net.http/jdk.internal.net.http.PlainHttpConnection.connectAsync(PlainHttpConnection.java:215)\n\tat java.net.http/jdk.internal.net.http.PlainHttpConnection.checkRetryConnect(PlainHttpConnection.java:268)\n\tat java.net.http/jdk.internal.net.http.PlainHttpConnection.lambda$connectAsync$0(PlainHttpConnection.java:226)\n\tat java.base/java.util.concurrent.CompletableFuture.uniHandle(CompletableFuture.java:980)\n\tat java.base/java.util.concurrent.CompletableFuture$UniHandle.tryFire(CompletableFuture.java:957)\n\tat java.base/java.util.concurrent.CompletableFuture.postComplete(CompletableFuture.java:556)\n\tat java.base/java.util.concurrent.CompletableFuture$AsyncSupply.run(CompletableFuture.java:1819)\n\t... 3 more\nCaused by: java.nio.channels.ClosedChannelException\n\tat java.base/sun.nio.ch.SocketChannelImpl.ensureOpen(SocketChannelImpl.java:204)\n\tat java.base/sun.nio.ch.SocketChannelImpl.connect(SocketChannelImpl.java:942)\n\tat java.net.http/jdk.internal.net.http.PlainHttpConnection.connectAsync(PlainHttpConnection.java:203)\n\t... 9 more\n"},"stage":"finished","steps":[],"attachments":[],"parameters":[],"start":1747341553941,"stop":1747341553942}