<!DOCTYPE html>

<html>
  <head>
  <meta charset='utf-8'>
  <title>TestNG reports</title>

    <link type="text/css" href="testng-reports1.css" rel="stylesheet" id="ultra" />
    <link type="text/css" href="testng-reports.css" rel="stylesheet" id="retro" disabled="false"/>
    <script type="text/javascript" src="jquery-3.6.0.min.js"></script>
    <script type="text/javascript" src="testng-reports.js"></script>
    <script type="text/javascript" src="https://www.google.com/jsapi"></script>
    <script type='text/javascript'>
      google.load('visualization', '1', {packages:['table']});
      google.setOnLoadCallback(drawTable);
      var suiteTableInitFunctions = new Array();
      var suiteTableData = new Array();
    </script>
    <!--
      <script type="text/javascript" src="jquery-ui/js/jquery-ui-1.8.16.custom.min.js"></script>
     -->
  </head>

  <body>    <div class="top-banner-root">
      <span class="top-banner-title-font">Test results</span>
      <button id="button" class="button">Switch Retro Theme</button> <!-- button -->
      <br/>
      <span class="top-banner-font-1">1 suite, 26 failed tests</span>
    </div> <!-- top-banner-root -->
    <div class="navigator-root">
      <div class="navigator-suite-header">
        <span>All suites</span>
        <a href="#" title="Collapse/expand all the suites" class="collapse-all-link">
          <img src="collapseall.gif" class="collapse-all-icon">
          </img> <!-- collapse-all-icon -->
        </a> <!-- collapse-all-link -->
      </div> <!-- navigator-suite-header -->
      <div class="suite">
        <div class="rounded-window">
          <div class="suite-header light-rounded-window-top">
            <a href="#" panel-name="suite-Default_suite" class="navigator-link">
              <span class="suite-name border-failed">Default suite</span>
            </a> <!-- navigator-link -->
          </div> <!-- suite-header light-rounded-window-top -->
          <div class="navigator-suite-content">
            <div class="suite-section-title">
              <span>Info</span>
            </div> <!-- suite-section-title -->
            <div class="suite-section-content">
              <ul>
                <li>
                  <a href="#" panel-name="test-xml-Default_suite" class="navigator-link ">
                    <span>testng-customsuite.xml</span>
                  </a> <!-- navigator-link  -->
                </li>
                <li>
                  <a href="#" panel-name="testlist-Default_suite" class="navigator-link ">
                    <span class="test-stats">1 test</span>
                  </a> <!-- navigator-link  -->
                </li>
                <li>
                  <a href="#" panel-name="group-Default_suite" class="navigator-link ">
                    <span>0 groups</span>
                  </a> <!-- navigator-link  -->
                </li>
                <li>
                  <a href="#" panel-name="times-Default_suite" class="navigator-link ">
                    <span>Times</span>
                  </a> <!-- navigator-link  -->
                </li>
                <li>
                  <a href="#" panel-name="reporter-Default_suite" class="navigator-link ">
                    <span>Reporter output</span>
                  </a> <!-- navigator-link  -->
                </li>
                <li>
                  <a href="#" panel-name="ignored-methods-Default_suite" class="navigator-link ">
                    <span>Ignored methods</span>
                  </a> <!-- navigator-link  -->
                </li>
                <li>
                  <a href="#" panel-name="chronological-Default_suite" class="navigator-link ">
                    <span>Chronological view</span>
                  </a> <!-- navigator-link  -->
                </li>
              </ul>
            </div> <!-- suite-section-content -->
            <div class="result-section">
              <div class="suite-section-title">
                <span>Results</span>
              </div> <!-- suite-section-title -->
              <div class="suite-section-content">
                <ul>
                  <li>
                    <span class="method-stats">36 methods, 26 failed,   10 passed</span>
                  </li>
                  <li>
                    <span class="method-list-title failed">Failed methods</span>
                    <span class="show-or-hide-methods failed">
                      <a href="#" panel-name="suite-Default_suite" class="hide-methods failed suite-Default_suite"> (hide)</a> <!-- hide-methods failed suite-Default_suite -->
                      <a href="#" panel-name="suite-Default_suite" class="show-methods failed suite-Default_suite"> (show)</a> <!-- show-methods failed suite-Default_suite -->
                    </span>
                    <div class="method-list-content failed suite-Default_suite">
                      <span>
                        <img src="failed.png" width="3%"/>
                        <a href="#" panel-name="suite-Default_suite" title="testClasses.ArrayTests" class="method navigator-link" hash-for-method="ApplicationsofArray(tryEditorCode, 1, SyntaxError)">ApplicationsofArray(tryEditorCode, 1, SyntaxError)</a> <!-- method navigator-link -->
                      </span>
                      <br/>
                      <span>
                        <img src="failed.png" width="3%"/>
                        <a href="#" panel-name="suite-Default_suite" title="testClasses.ArrayTests" class="method navigator-link" hash-for-method="ApplicationsofArray1(tryEditorCode, 0, Python is fun!)">ApplicationsofArray1(tryEditorCode, 0, Python is fun!)</a> <!-- method navigator-link -->
                      </span>
                      <br/>
                      <span>
                        <img src="failed.png" width="3%"/>
                        <a href="#" panel-name="suite-Default_suite" title="testClasses.ArrayTests" class="method navigator-link" hash-for-method="ArraysUsingList(tryEditorCode, 1, SyntaxError)">ArraysUsingList(tryEditorCode, 1, SyntaxError)</a> <!-- method navigator-link -->
                      </span>
                      <br/>
                      <span>
                        <img src="failed.png" width="3%"/>
                        <a href="#" panel-name="suite-Default_suite" title="testClasses.ArrayTests" class="method navigator-link" hash-for-method="ArraysUsingList1(tryEditorCode, 0, Python is fun!)">ArraysUsingList1(tryEditorCode, 0, Python is fun!)</a> <!-- method navigator-link -->
                      </span>
                      <br/>
                      <span>
                        <img src="failed.png" width="3%"/>
                        <a href="#" panel-name="suite-Default_suite" title="testClasses.ArrayTests" class="method navigator-link" hash-for-method="ArraysinPython(tryEditorCode, 1, SyntaxError)">ArraysinPython(tryEditorCode, 1, SyntaxError)</a> <!-- method navigator-link -->
                      </span>
                      <br/>
                      <span>
                        <img src="failed.png" width="3%"/>
                        <a href="#" panel-name="suite-Default_suite" title="testClasses.ArrayTests" class="method navigator-link" hash-for-method="ArraysinPython1(tryEditorCode, 0, Python is fun!)">ArraysinPython1(tryEditorCode, 0, Python is fun!)</a> <!-- method navigator-link -->
                      </span>
                      <br/>
                      <span>
                        <img src="failed.png" width="3%"/>
                        <a href="#" panel-name="suite-Default_suite" title="testClasses.ArrayTests" class="method navigator-link" hash-for-method="BasicOperationsinLists(tryEditorCode, 1, SyntaxError)">BasicOperationsinLists(tryEditorCode, 1, SyntaxError)</a> <!-- method navigator-link -->
                      </span>
                      <br/>
                      <span>
                        <img src="failed.png" width="3%"/>
                        <a href="#" panel-name="suite-Default_suite" title="testClasses.ArrayTests" class="method navigator-link" hash-for-method="BasicOperationsinLists1(tryEditorCode, 0, Python is fun!)">BasicOperationsinLists1(tryEditorCode, 0, Python is fun!)</a> <!-- method navigator-link -->
                      </span>
                      <br/>
                      <span>
                        <img src="failed.png" width="3%"/>
                        <a href="#" panel-name="suite-Default_suite" title="testClasses.ArrayTests" class="method navigator-link" hash-for-method="EvenNumberOfDigits(pythonCode, 1, SyntaxError)">EvenNumberOfDigits(pythonCode, 1, SyntaxError)</a> <!-- method navigator-link -->
                      </span>
                      <br/>
                      <span>
                        <img src="failed.png" width="3%"/>
                        <a href="#" panel-name="suite-Default_suite" title="testClasses.ArrayTests" class="method navigator-link" hash-for-method="EvenNumberOfDigits(pythonCode, 2, MaxConsecutive Ones)">EvenNumberOfDigits(pythonCode, 2, MaxConsecutive Ones)</a> <!-- method navigator-link -->
                      </span>
                      <br/>
                      <span>
                        <img src="failed.png" width="3%"/>
                        <a href="#" panel-name="suite-Default_suite" title="testClasses.ArrayTests" class="method navigator-link" hash-for-method="EvenNumberOfDigits(pythonCode, 0, Even number)">EvenNumberOfDigits(pythonCode, 0, Even number)</a> <!-- method navigator-link -->
                      </span>
                      <br/>
                      <span>
                        <img src="failed.png" width="3%"/>
                        <a href="#" panel-name="suite-Default_suite" title="testClasses.ArrayTests" class="method navigator-link" hash-for-method="EvenNumberOfDigits(pythonCode, 3, SyntaxError)">EvenNumberOfDigits(pythonCode, 3, SyntaxError)</a> <!-- method navigator-link -->
                      </span>
                      <br/>
                      <span>
                        <img src="failed.png" width="3%"/>
                        <a href="#" panel-name="suite-Default_suite" title="testClasses.ArrayTests" class="method navigator-link" hash-for-method="EvenNumberOfDigits1(ArrayPracticeQnsQ1, 1, Element Found)">EvenNumberOfDigits1(ArrayPracticeQnsQ1, 1, Element Found)</a> <!-- method navigator-link -->
                      </span>
                      <br/>
                      <span>
                        <img src="failed.png" width="3%"/>
                        <a href="#" panel-name="suite-Default_suite" title="testClasses.ArrayTests" class="method navigator-link" hash-for-method="EvenNumberOfDigits1(ArrayPracticeQnsQ1, 0, Element not Found)">EvenNumberOfDigits1(ArrayPracticeQnsQ1, 0, Element not Found)</a> <!-- method navigator-link -->
                      </span>
                      <br/>
                      <span>
                        <img src="failed.png" width="3%"/>
                        <a href="#" panel-name="suite-Default_suite" title="testClasses.ArrayTests" class="method navigator-link" hash-for-method="MaxConsecutiveOnes(pythonCode, 3, SyntaxError)">MaxConsecutiveOnes(pythonCode, 3, SyntaxError)</a> <!-- method navigator-link -->
                      </span>
                      <br/>
                      <span>
                        <img src="failed.png" width="3%"/>
                        <a href="#" panel-name="suite-Default_suite" title="testClasses.ArrayTests" class="method navigator-link" hash-for-method="MaxConsecutiveOnes(pythonCode, 1, SyntaxError)">MaxConsecutiveOnes(pythonCode, 1, SyntaxError)</a> <!-- method navigator-link -->
                      </span>
                      <br/>
                      <span>
                        <img src="failed.png" width="3%"/>
                        <a href="#" panel-name="suite-Default_suite" title="testClasses.ArrayTests" class="method navigator-link" hash-for-method="MaxConsecutiveOnes(pythonCode, 0, Even number)">MaxConsecutiveOnes(pythonCode, 0, Even number)</a> <!-- method navigator-link -->
                      </span>
                      <br/>
                      <span>
                        <img src="failed.png" width="3%"/>
                        <a href="#" panel-name="suite-Default_suite" title="testClasses.ArrayTests" class="method navigator-link" hash-for-method="MaxConsecutiveOnes(pythonCode, 2, MaxConsecutive Ones)">MaxConsecutiveOnes(pythonCode, 2, MaxConsecutive Ones)</a> <!-- method navigator-link -->
                      </span>
                      <br/>
                      <span>
                        <img src="failed.png" width="3%"/>
                        <a href="#" panel-name="suite-Default_suite" title="testClasses.ArrayTests" class="method navigator-link" hash-for-method="MaxConsecutiveOnes1(ArrayPracticeQnsQ1, 0, Element not Found)">MaxConsecutiveOnes1(ArrayPracticeQnsQ1, 0, Element not Found)</a> <!-- method navigator-link -->
                      </span>
                      <br/>
                      <span>
                        <img src="failed.png" width="3%"/>
                        <a href="#" panel-name="suite-Default_suite" title="testClasses.ArrayTests" class="method navigator-link" hash-for-method="MaxConsecutiveOnes1(ArrayPracticeQnsQ1, 1, Element Found)">MaxConsecutiveOnes1(ArrayPracticeQnsQ1, 1, Element Found)</a> <!-- method navigator-link -->
                      </span>
                      <br/>
                      <span>
                        <img src="failed.png" width="3%"/>
                        <a href="#" panel-name="suite-Default_suite" title="testClasses.ArrayTests" class="method navigator-link" hash-for-method="SearchTheArray(ArrayPracticeQnsQ1, 1, Element Found)">SearchTheArray(ArrayPracticeQnsQ1, 1, Element Found)</a> <!-- method navigator-link -->
                      </span>
                      <br/>
                      <span>
                        <img src="failed.png" width="3%"/>
                        <a href="#" panel-name="suite-Default_suite" title="testClasses.ArrayTests" class="method navigator-link" hash-for-method="SearchTheArray(ArrayPracticeQnsQ1, 0, Element not Found)">SearchTheArray(ArrayPracticeQnsQ1, 0, Element not Found)</a> <!-- method navigator-link -->
                      </span>
                      <br/>
                      <span>
                        <img src="failed.png" width="3%"/>
                        <a href="#" panel-name="suite-Default_suite" title="testClasses.ArrayTests" class="method navigator-link" hash-for-method="SearchTheArray1(ArrayPracticeQnsQ1, 0, Element not Found)">SearchTheArray1(ArrayPracticeQnsQ1, 0, Element not Found)</a> <!-- method navigator-link -->
                      </span>
                      <br/>
                      <span>
                        <img src="failed.png" width="3%"/>
                        <a href="#" panel-name="suite-Default_suite" title="testClasses.ArrayTests" class="method navigator-link" hash-for-method="SearchTheArray1(ArrayPracticeQnsQ1, 1, Element Found)">SearchTheArray1(ArrayPracticeQnsQ1, 1, Element Found)</a> <!-- method navigator-link -->
                      </span>
                      <br/>
                      <span>
                        <img src="failed.png" width="3%"/>
                        <a href="#" panel-name="suite-Default_suite" title="testClasses.ArrayTests" class="method navigator-link" hash-for-method="SquaresofaSorted(tryEditorCode, 1, SyntaxError)">SquaresofaSorted(tryEditorCode, 1, SyntaxError)</a> <!-- method navigator-link -->
                      </span>
                      <br/>
                      <span>
                        <img src="failed.png" width="3%"/>
                        <a href="#" panel-name="suite-Default_suite" title="testClasses.ArrayTests" class="method navigator-link" hash-for-method="SquaresofaSorted1(tryEditorCode, 0, Python is fun!)">SquaresofaSorted1(tryEditorCode, 0, Python is fun!)</a> <!-- method navigator-link -->
                      </span>
                      <br/>
                    </div> <!-- method-list-content failed suite-Default_suite -->
                  </li>
                  <li>
                    <span class="method-list-title passed">Passed methods</span>
                    <span class="show-or-hide-methods passed">
                      <a href="#" panel-name="suite-Default_suite" class="hide-methods passed suite-Default_suite"> (hide)</a> <!-- hide-methods passed suite-Default_suite -->
                      <a href="#" panel-name="suite-Default_suite" class="show-methods passed suite-Default_suite"> (show)</a> <!-- show-methods passed suite-Default_suite -->
                    </span>
                    <div class="method-list-content passed suite-Default_suite">
                      <span>
                        <img src="passed.png" width="3%"/>
                        <a href="#" panel-name="suite-Default_suite" title="testClasses.ArrayTests" class="method navigator-link" hash-for-method="ApplicationsofArray(tryEditorCode, 0, Python is fun!)">ApplicationsofArray(tryEditorCode, 0, Python is fun!)</a> <!-- method navigator-link -->
                      </span>
                      <br/>
                      <span>
                        <img src="passed.png" width="3%"/>
                        <a href="#" panel-name="suite-Default_suite" title="testClasses.ArrayTests" class="method navigator-link" hash-for-method="ApplicationsofArray1(tryEditorCode, 1, SyntaxError)">ApplicationsofArray1(tryEditorCode, 1, SyntaxError)</a> <!-- method navigator-link -->
                      </span>
                      <br/>
                      <span>
                        <img src="passed.png" width="3%"/>
                        <a href="#" panel-name="suite-Default_suite" title="testClasses.ArrayTests" class="method navigator-link" hash-for-method="ArraysUsingList(tryEditorCode, 0, Python is fun!)">ArraysUsingList(tryEditorCode, 0, Python is fun!)</a> <!-- method navigator-link -->
                      </span>
                      <br/>
                      <span>
                        <img src="passed.png" width="3%"/>
                        <a href="#" panel-name="suite-Default_suite" title="testClasses.ArrayTests" class="method navigator-link" hash-for-method="ArraysUsingList1(tryEditorCode, 1, SyntaxError)">ArraysUsingList1(tryEditorCode, 1, SyntaxError)</a> <!-- method navigator-link -->
                      </span>
                      <br/>
                      <span>
                        <img src="passed.png" width="3%"/>
                        <a href="#" panel-name="suite-Default_suite" title="testClasses.ArrayTests" class="method navigator-link" hash-for-method="ArraysinPython(tryEditorCode, 0, Python is fun!)">ArraysinPython(tryEditorCode, 0, Python is fun!)</a> <!-- method navigator-link -->
                      </span>
                      <br/>
                      <span>
                        <img src="passed.png" width="3%"/>
                        <a href="#" panel-name="suite-Default_suite" title="testClasses.ArrayTests" class="method navigator-link" hash-for-method="ArraysinPython1(tryEditorCode, 1, SyntaxError)">ArraysinPython1(tryEditorCode, 1, SyntaxError)</a> <!-- method navigator-link -->
                      </span>
                      <br/>
                      <span>
                        <img src="passed.png" width="3%"/>
                        <a href="#" panel-name="suite-Default_suite" title="testClasses.ArrayTests" class="method navigator-link" hash-for-method="BasicOperationsinLists(tryEditorCode, 0, Python is fun!)">BasicOperationsinLists(tryEditorCode, 0, Python is fun!)</a> <!-- method navigator-link -->
                      </span>
                      <br/>
                      <span>
                        <img src="passed.png" width="3%"/>
                        <a href="#" panel-name="suite-Default_suite" title="testClasses.ArrayTests" class="method navigator-link" hash-for-method="BasicOperationsinLists1(tryEditorCode, 1, SyntaxError)">BasicOperationsinLists1(tryEditorCode, 1, SyntaxError)</a> <!-- method navigator-link -->
                      </span>
                      <br/>
                      <span>
                        <img src="passed.png" width="3%"/>
                        <a href="#" panel-name="suite-Default_suite" title="testClasses.ArrayTests" class="method navigator-link" hash-for-method="SquaresofaSorted(tryEditorCode, 0, Python is fun!)">SquaresofaSorted(tryEditorCode, 0, Python is fun!)</a> <!-- method navigator-link -->
                      </span>
                      <br/>
                      <span>
                        <img src="passed.png" width="3%"/>
                        <a href="#" panel-name="suite-Default_suite" title="testClasses.ArrayTests" class="method navigator-link" hash-for-method="SquaresofaSorted1(tryEditorCode, 1, SyntaxError)">SquaresofaSorted1(tryEditorCode, 1, SyntaxError)</a> <!-- method navigator-link -->
                      </span>
                      <br/>
                    </div> <!-- method-list-content passed suite-Default_suite -->
                  </li>
                </ul>
              </div> <!-- suite-section-content -->
            </div> <!-- result-section -->
          </div> <!-- navigator-suite-content -->
        </div> <!-- rounded-window -->
      </div> <!-- suite -->
    </div> <!-- navigator-root -->
    <div class="wrapper">
      <div class="main-panel-root">
        <div panel-name="suite-Default_suite" class="panel Default_suite">
          <div class="suite-Default_suite-class-failed">
            <div class="main-panel-header rounded-window-top">
              <img src="failed.png"/>
              <span class="class-name">testClasses.ArrayTests</span>
            </div> <!-- main-panel-header rounded-window-top -->
            <div class="main-panel-content rounded-window-bottom">
              <div class="method">
                <div class="method-content">
                  <a name="ApplicationsofArray(tryEditorCode, 1, SyntaxError)">
                  </a> <!-- ApplicationsofArray(tryEditorCode, 1, SyntaxError) -->
                  <span class="method-name">ApplicationsofArray</span>
                  <span class="parameters">(tryEditorCode,1,SyntaxError)</span>
                  <div class="stack-trace">java.lang.AssertionError: expected [SyntaxError] but found []
	at org.testng.Assert.fail(Assert.java:111)
	at org.testng.Assert.failNotEquals(Assert.java:1590)
	at org.testng.Assert.assertEqualsImpl(Assert.java:150)
	at org.testng.Assert.assertEquals(Assert.java:132)
	at org.testng.Assert.assertEquals(Assert.java:656)
	at org.testng.Assert.assertEquals(Assert.java:666)
	at testClasses.ArrayTests.ApplicationsofArray(ArrayTests.java:153)
	at java.base/jdk.internal.reflect.DirectMethodHandleAccessor.invoke(DirectMethodHandleAccessor.java:104)
	at java.base/java.lang.reflect.Method.invoke(Method.java:565)
	at org.testng.internal.invokers.MethodInvocationHelper.invokeMethod(MethodInvocationHelper.java:141)
	at org.testng.internal.invokers.TestInvoker.invokeMethod(TestInvoker.java:687)
	at org.testng.internal.invokers.TestInvoker.invokeTestMethod(TestInvoker.java:230)
	at org.testng.internal.invokers.MethodRunner.runInSequence(MethodRunner.java:63)
	at org.testng.internal.invokers.TestInvoker$MethodInvocationAgent.invoke(TestInvoker.java:995)
	at org.testng.internal.invokers.TestInvoker.invokeTestMethods(TestInvoker.java:203)
	at org.testng.internal.invokers.TestMethodWorker.invokeTestMethods(TestMethodWorker.java:154)
	at org.testng.internal.invokers.TestMethodWorker.run(TestMethodWorker.java:134)
	at java.base/java.util.ArrayList.forEach(ArrayList.java:1604)
	at org.testng.TestRunner.privateRun(TestRunner.java:741)
	at org.testng.TestRunner.run(TestRunner.java:616)
	at org.testng.SuiteRunner.runTest(SuiteRunner.java:421)
	at org.testng.SuiteRunner.runSequentially(SuiteRunner.java:413)
	at org.testng.SuiteRunner.privateRun(SuiteRunner.java:373)
	at org.testng.SuiteRunner.run(SuiteRunner.java:312)
	at org.testng.SuiteRunnerWorker.runSuite(SuiteRunnerWorker.java:52)
	at org.testng.SuiteRunnerWorker.run(SuiteRunnerWorker.java:95)
	at org.testng.TestNG.runSuitesSequentially(TestNG.java:1274)
	at org.testng.TestNG.runSuitesLocally(TestNG.java:1208)
	at org.testng.TestNG.runSuites(TestNG.java:1112)
	at org.testng.TestNG.run(TestNG.java:1079)
	at org.testng.remote.AbstractRemoteTestNG.run(AbstractRemoteTestNG.java:115)
	at org.testng.remote.RemoteTestNG.initAndRun(RemoteTestNG.java:293)
	at org.testng.remote.RemoteTestNG.main(RemoteTestNG.java:91)

</div> <!-- stack-trace -->
                </div> <!-- method-content -->
              </div> <!-- method -->
              <div class="method">
                <div class="method-content">
                  <a name="ApplicationsofArray1(tryEditorCode, 0, Python is fun!)">
                  </a> <!-- ApplicationsofArray1(tryEditorCode, 0, Python is fun!) -->
                  <span class="method-name">ApplicationsofArray1</span>
                  <span class="parameters">(tryEditorCode,0,Python is fun!)</span>
                  <div class="stack-trace">java.lang.AssertionError: expected [true] but found [false]
	at org.testng.Assert.fail(Assert.java:111)
	at org.testng.Assert.failNotEquals(Assert.java:1590)
	at org.testng.Assert.assertTrue(Assert.java:57)
	at org.testng.Assert.assertTrue(Assert.java:67)
	at testClasses.ArrayTests.ApplicationsofArray1(ArrayTests.java:164)
	at java.base/jdk.internal.reflect.DirectMethodHandleAccessor.invoke(DirectMethodHandleAccessor.java:104)
	at java.base/java.lang.reflect.Method.invoke(Method.java:565)
	at org.testng.internal.invokers.MethodInvocationHelper.invokeMethod(MethodInvocationHelper.java:141)
	at org.testng.internal.invokers.TestInvoker.invokeMethod(TestInvoker.java:687)
	at org.testng.internal.invokers.TestInvoker.invokeTestMethod(TestInvoker.java:230)
	at org.testng.internal.invokers.MethodRunner.runInSequence(MethodRunner.java:63)
	at org.testng.internal.invokers.TestInvoker$MethodInvocationAgent.invoke(TestInvoker.java:995)
	at org.testng.internal.invokers.TestInvoker.invokeTestMethods(TestInvoker.java:203)
	at org.testng.internal.invokers.TestMethodWorker.invokeTestMethods(TestMethodWorker.java:154)
	at org.testng.internal.invokers.TestMethodWorker.run(TestMethodWorker.java:134)
	at java.base/java.util.ArrayList.forEach(ArrayList.java:1604)
	at org.testng.TestRunner.privateRun(TestRunner.java:741)
	at org.testng.TestRunner.run(TestRunner.java:616)
	at org.testng.SuiteRunner.runTest(SuiteRunner.java:421)
	at org.testng.SuiteRunner.runSequentially(SuiteRunner.java:413)
	at org.testng.SuiteRunner.privateRun(SuiteRunner.java:373)
	at org.testng.SuiteRunner.run(SuiteRunner.java:312)
	at org.testng.SuiteRunnerWorker.runSuite(SuiteRunnerWorker.java:52)
	at org.testng.SuiteRunnerWorker.run(SuiteRunnerWorker.java:95)
	at org.testng.TestNG.runSuitesSequentially(TestNG.java:1274)
	at org.testng.TestNG.runSuitesLocally(TestNG.java:1208)
	at org.testng.TestNG.runSuites(TestNG.java:1112)
	at org.testng.TestNG.run(TestNG.java:1079)
	at org.testng.remote.AbstractRemoteTestNG.run(AbstractRemoteTestNG.java:115)
	at org.testng.remote.RemoteTestNG.initAndRun(RemoteTestNG.java:293)
	at org.testng.remote.RemoteTestNG.main(RemoteTestNG.java:91)

</div> <!-- stack-trace -->
                </div> <!-- method-content -->
              </div> <!-- method -->
              <div class="method">
                <div class="method-content">
                  <a name="ArraysUsingList(tryEditorCode, 1, SyntaxError)">
                  </a> <!-- ArraysUsingList(tryEditorCode, 1, SyntaxError) -->
                  <span class="method-name">ArraysUsingList</span>
                  <span class="parameters">(tryEditorCode,1,SyntaxError)</span>
                  <div class="stack-trace">java.lang.AssertionError: expected [SyntaxError] but found []
	at org.testng.Assert.fail(Assert.java:111)
	at org.testng.Assert.failNotEquals(Assert.java:1590)
	at org.testng.Assert.assertEqualsImpl(Assert.java:150)
	at org.testng.Assert.assertEquals(Assert.java:132)
	at org.testng.Assert.assertEquals(Assert.java:656)
	at org.testng.Assert.assertEquals(Assert.java:666)
	at testClasses.ArrayTests.ArraysUsingList(ArrayTests.java:111)
	at java.base/jdk.internal.reflect.DirectMethodHandleAccessor.invoke(DirectMethodHandleAccessor.java:104)
	at java.base/java.lang.reflect.Method.invoke(Method.java:565)
	at org.testng.internal.invokers.MethodInvocationHelper.invokeMethod(MethodInvocationHelper.java:141)
	at org.testng.internal.invokers.TestInvoker.invokeMethod(TestInvoker.java:687)
	at org.testng.internal.invokers.TestInvoker.invokeTestMethod(TestInvoker.java:230)
	at org.testng.internal.invokers.MethodRunner.runInSequence(MethodRunner.java:63)
	at org.testng.internal.invokers.TestInvoker$MethodInvocationAgent.invoke(TestInvoker.java:995)
	at org.testng.internal.invokers.TestInvoker.invokeTestMethods(TestInvoker.java:203)
	at org.testng.internal.invokers.TestMethodWorker.invokeTestMethods(TestMethodWorker.java:154)
	at org.testng.internal.invokers.TestMethodWorker.run(TestMethodWorker.java:134)
	at java.base/java.util.ArrayList.forEach(ArrayList.java:1604)
	at org.testng.TestRunner.privateRun(TestRunner.java:741)
	at org.testng.TestRunner.run(TestRunner.java:616)
	at org.testng.SuiteRunner.runTest(SuiteRunner.java:421)
	at org.testng.SuiteRunner.runSequentially(SuiteRunner.java:413)
	at org.testng.SuiteRunner.privateRun(SuiteRunner.java:373)
	at org.testng.SuiteRunner.run(SuiteRunner.java:312)
	at org.testng.SuiteRunnerWorker.runSuite(SuiteRunnerWorker.java:52)
	at org.testng.SuiteRunnerWorker.run(SuiteRunnerWorker.java:95)
	at org.testng.TestNG.runSuitesSequentially(TestNG.java:1274)
	at org.testng.TestNG.runSuitesLocally(TestNG.java:1208)
	at org.testng.TestNG.runSuites(TestNG.java:1112)
	at org.testng.TestNG.run(TestNG.java:1079)
	at org.testng.remote.AbstractRemoteTestNG.run(AbstractRemoteTestNG.java:115)
	at org.testng.remote.RemoteTestNG.initAndRun(RemoteTestNG.java:293)
	at org.testng.remote.RemoteTestNG.main(RemoteTestNG.java:91)

</div> <!-- stack-trace -->
                </div> <!-- method-content -->
              </div> <!-- method -->
              <div class="method">
                <div class="method-content">
                  <a name="ArraysUsingList1(tryEditorCode, 0, Python is fun!)">
                  </a> <!-- ArraysUsingList1(tryEditorCode, 0, Python is fun!) -->
                  <span class="method-name">ArraysUsingList1</span>
                  <span class="parameters">(tryEditorCode,0,Python is fun!)</span>
                  <div class="stack-trace">java.lang.AssertionError: expected [true] but found [false]
	at org.testng.Assert.fail(Assert.java:111)
	at org.testng.Assert.failNotEquals(Assert.java:1590)
	at org.testng.Assert.assertTrue(Assert.java:57)
	at org.testng.Assert.assertTrue(Assert.java:67)
	at testClasses.ArrayTests.ArraysUsingList1(ArrayTests.java:122)
	at java.base/jdk.internal.reflect.DirectMethodHandleAccessor.invoke(DirectMethodHandleAccessor.java:104)
	at java.base/java.lang.reflect.Method.invoke(Method.java:565)
	at org.testng.internal.invokers.MethodInvocationHelper.invokeMethod(MethodInvocationHelper.java:141)
	at org.testng.internal.invokers.TestInvoker.invokeMethod(TestInvoker.java:687)
	at org.testng.internal.invokers.TestInvoker.invokeTestMethod(TestInvoker.java:230)
	at org.testng.internal.invokers.MethodRunner.runInSequence(MethodRunner.java:63)
	at org.testng.internal.invokers.TestInvoker$MethodInvocationAgent.invoke(TestInvoker.java:995)
	at org.testng.internal.invokers.TestInvoker.invokeTestMethods(TestInvoker.java:203)
	at org.testng.internal.invokers.TestMethodWorker.invokeTestMethods(TestMethodWorker.java:154)
	at org.testng.internal.invokers.TestMethodWorker.run(TestMethodWorker.java:134)
	at java.base/java.util.ArrayList.forEach(ArrayList.java:1604)
	at org.testng.TestRunner.privateRun(TestRunner.java:741)
	at org.testng.TestRunner.run(TestRunner.java:616)
	at org.testng.SuiteRunner.runTest(SuiteRunner.java:421)
	at org.testng.SuiteRunner.runSequentially(SuiteRunner.java:413)
	at org.testng.SuiteRunner.privateRun(SuiteRunner.java:373)
	at org.testng.SuiteRunner.run(SuiteRunner.java:312)
	at org.testng.SuiteRunnerWorker.runSuite(SuiteRunnerWorker.java:52)
	at org.testng.SuiteRunnerWorker.run(SuiteRunnerWorker.java:95)
	at org.testng.TestNG.runSuitesSequentially(TestNG.java:1274)
	at org.testng.TestNG.runSuitesLocally(TestNG.java:1208)
	at org.testng.TestNG.runSuites(TestNG.java:1112)
	at org.testng.TestNG.run(TestNG.java:1079)
	at org.testng.remote.AbstractRemoteTestNG.run(AbstractRemoteTestNG.java:115)
	at org.testng.remote.RemoteTestNG.initAndRun(RemoteTestNG.java:293)
	at org.testng.remote.RemoteTestNG.main(RemoteTestNG.java:91)

</div> <!-- stack-trace -->
                </div> <!-- method-content -->
              </div> <!-- method -->
              <div class="method">
                <div class="method-content">
                  <a name="ArraysinPython(tryEditorCode, 1, SyntaxError)">
                  </a> <!-- ArraysinPython(tryEditorCode, 1, SyntaxError) -->
                  <span class="method-name">ArraysinPython</span>
                  <span class="parameters">(tryEditorCode,1,SyntaxError)</span>
                  <div class="stack-trace">java.lang.AssertionError: expected [SyntaxError] but found []
	at org.testng.Assert.fail(Assert.java:111)
	at org.testng.Assert.failNotEquals(Assert.java:1590)
	at org.testng.Assert.assertEqualsImpl(Assert.java:150)
	at org.testng.Assert.assertEquals(Assert.java:132)
	at org.testng.Assert.assertEquals(Assert.java:656)
	at org.testng.Assert.assertEquals(Assert.java:666)
	at testClasses.ArrayTests.ArraysinPython(ArrayTests.java:90)
	at java.base/jdk.internal.reflect.DirectMethodHandleAccessor.invoke(DirectMethodHandleAccessor.java:104)
	at java.base/java.lang.reflect.Method.invoke(Method.java:565)
	at org.testng.internal.invokers.MethodInvocationHelper.invokeMethod(MethodInvocationHelper.java:141)
	at org.testng.internal.invokers.TestInvoker.invokeMethod(TestInvoker.java:687)
	at org.testng.internal.invokers.TestInvoker.invokeTestMethod(TestInvoker.java:230)
	at org.testng.internal.invokers.MethodRunner.runInSequence(MethodRunner.java:63)
	at org.testng.internal.invokers.TestInvoker$MethodInvocationAgent.invoke(TestInvoker.java:995)
	at org.testng.internal.invokers.TestInvoker.invokeTestMethods(TestInvoker.java:203)
	at org.testng.internal.invokers.TestMethodWorker.invokeTestMethods(TestMethodWorker.java:154)
	at org.testng.internal.invokers.TestMethodWorker.run(TestMethodWorker.java:134)
	at java.base/java.util.ArrayList.forEach(ArrayList.java:1604)
	at org.testng.TestRunner.privateRun(TestRunner.java:741)
	at org.testng.TestRunner.run(TestRunner.java:616)
	at org.testng.SuiteRunner.runTest(SuiteRunner.java:421)
	at org.testng.SuiteRunner.runSequentially(SuiteRunner.java:413)
	at org.testng.SuiteRunner.privateRun(SuiteRunner.java:373)
	at org.testng.SuiteRunner.run(SuiteRunner.java:312)
	at org.testng.SuiteRunnerWorker.runSuite(SuiteRunnerWorker.java:52)
	at org.testng.SuiteRunnerWorker.run(SuiteRunnerWorker.java:95)
	at org.testng.TestNG.runSuitesSequentially(TestNG.java:1274)
	at org.testng.TestNG.runSuitesLocally(TestNG.java:1208)
	at org.testng.TestNG.runSuites(TestNG.java:1112)
	at org.testng.TestNG.run(TestNG.java:1079)
	at org.testng.remote.AbstractRemoteTestNG.run(AbstractRemoteTestNG.java:115)
	at org.testng.remote.RemoteTestNG.initAndRun(RemoteTestNG.java:293)
	at org.testng.remote.RemoteTestNG.main(RemoteTestNG.java:91)

</div> <!-- stack-trace -->
                </div> <!-- method-content -->
              </div> <!-- method -->
              <div class="method">
                <div class="method-content">
                  <a name="ArraysinPython1(tryEditorCode, 0, Python is fun!)">
                  </a> <!-- ArraysinPython1(tryEditorCode, 0, Python is fun!) -->
                  <span class="method-name">ArraysinPython1</span>
                  <span class="parameters">(tryEditorCode,0,Python is fun!)</span>
                  <div class="stack-trace">java.lang.AssertionError: expected [true] but found [false]
	at org.testng.Assert.fail(Assert.java:111)
	at org.testng.Assert.failNotEquals(Assert.java:1590)
	at org.testng.Assert.assertTrue(Assert.java:57)
	at org.testng.Assert.assertTrue(Assert.java:67)
	at testClasses.ArrayTests.ArraysinPython1(ArrayTests.java:101)
	at java.base/jdk.internal.reflect.DirectMethodHandleAccessor.invoke(DirectMethodHandleAccessor.java:104)
	at java.base/java.lang.reflect.Method.invoke(Method.java:565)
	at org.testng.internal.invokers.MethodInvocationHelper.invokeMethod(MethodInvocationHelper.java:141)
	at org.testng.internal.invokers.TestInvoker.invokeMethod(TestInvoker.java:687)
	at org.testng.internal.invokers.TestInvoker.invokeTestMethod(TestInvoker.java:230)
	at org.testng.internal.invokers.MethodRunner.runInSequence(MethodRunner.java:63)
	at org.testng.internal.invokers.TestInvoker$MethodInvocationAgent.invoke(TestInvoker.java:995)
	at org.testng.internal.invokers.TestInvoker.invokeTestMethods(TestInvoker.java:203)
	at org.testng.internal.invokers.TestMethodWorker.invokeTestMethods(TestMethodWorker.java:154)
	at org.testng.internal.invokers.TestMethodWorker.run(TestMethodWorker.java:134)
	at java.base/java.util.ArrayList.forEach(ArrayList.java:1604)
	at org.testng.TestRunner.privateRun(TestRunner.java:741)
	at org.testng.TestRunner.run(TestRunner.java:616)
	at org.testng.SuiteRunner.runTest(SuiteRunner.java:421)
	at org.testng.SuiteRunner.runSequentially(SuiteRunner.java:413)
	at org.testng.SuiteRunner.privateRun(SuiteRunner.java:373)
	at org.testng.SuiteRunner.run(SuiteRunner.java:312)
	at org.testng.SuiteRunnerWorker.runSuite(SuiteRunnerWorker.java:52)
	at org.testng.SuiteRunnerWorker.run(SuiteRunnerWorker.java:95)
	at org.testng.TestNG.runSuitesSequentially(TestNG.java:1274)
	at org.testng.TestNG.runSuitesLocally(TestNG.java:1208)
	at org.testng.TestNG.runSuites(TestNG.java:1112)
	at org.testng.TestNG.run(TestNG.java:1079)
	at org.testng.remote.AbstractRemoteTestNG.run(AbstractRemoteTestNG.java:115)
	at org.testng.remote.RemoteTestNG.initAndRun(RemoteTestNG.java:293)
	at org.testng.remote.RemoteTestNG.main(RemoteTestNG.java:91)

</div> <!-- stack-trace -->
                </div> <!-- method-content -->
              </div> <!-- method -->
              <div class="method">
                <div class="method-content">
                  <a name="BasicOperationsinLists(tryEditorCode, 1, SyntaxError)">
                  </a> <!-- BasicOperationsinLists(tryEditorCode, 1, SyntaxError) -->
                  <span class="method-name">BasicOperationsinLists</span>
                  <span class="parameters">(tryEditorCode,1,SyntaxError)</span>
                  <div class="stack-trace">java.lang.AssertionError: expected [SyntaxError] but found []
	at org.testng.Assert.fail(Assert.java:111)
	at org.testng.Assert.failNotEquals(Assert.java:1590)
	at org.testng.Assert.assertEqualsImpl(Assert.java:150)
	at org.testng.Assert.assertEquals(Assert.java:132)
	at org.testng.Assert.assertEquals(Assert.java:656)
	at org.testng.Assert.assertEquals(Assert.java:666)
	at testClasses.ArrayTests.BasicOperationsinLists(ArrayTests.java:132)
	at java.base/jdk.internal.reflect.DirectMethodHandleAccessor.invoke(DirectMethodHandleAccessor.java:104)
	at java.base/java.lang.reflect.Method.invoke(Method.java:565)
	at org.testng.internal.invokers.MethodInvocationHelper.invokeMethod(MethodInvocationHelper.java:141)
	at org.testng.internal.invokers.TestInvoker.invokeMethod(TestInvoker.java:687)
	at org.testng.internal.invokers.TestInvoker.invokeTestMethod(TestInvoker.java:230)
	at org.testng.internal.invokers.MethodRunner.runInSequence(MethodRunner.java:63)
	at org.testng.internal.invokers.TestInvoker$MethodInvocationAgent.invoke(TestInvoker.java:995)
	at org.testng.internal.invokers.TestInvoker.invokeTestMethods(TestInvoker.java:203)
	at org.testng.internal.invokers.TestMethodWorker.invokeTestMethods(TestMethodWorker.java:154)
	at org.testng.internal.invokers.TestMethodWorker.run(TestMethodWorker.java:134)
	at java.base/java.util.ArrayList.forEach(ArrayList.java:1604)
	at org.testng.TestRunner.privateRun(TestRunner.java:741)
	at org.testng.TestRunner.run(TestRunner.java:616)
	at org.testng.SuiteRunner.runTest(SuiteRunner.java:421)
	at org.testng.SuiteRunner.runSequentially(SuiteRunner.java:413)
	at org.testng.SuiteRunner.privateRun(SuiteRunner.java:373)
	at org.testng.SuiteRunner.run(SuiteRunner.java:312)
	at org.testng.SuiteRunnerWorker.runSuite(SuiteRunnerWorker.java:52)
	at org.testng.SuiteRunnerWorker.run(SuiteRunnerWorker.java:95)
	at org.testng.TestNG.runSuitesSequentially(TestNG.java:1274)
	at org.testng.TestNG.runSuitesLocally(TestNG.java:1208)
	at org.testng.TestNG.runSuites(TestNG.java:1112)
	at org.testng.TestNG.run(TestNG.java:1079)
	at org.testng.remote.AbstractRemoteTestNG.run(AbstractRemoteTestNG.java:115)
	at org.testng.remote.RemoteTestNG.initAndRun(RemoteTestNG.java:293)
	at org.testng.remote.RemoteTestNG.main(RemoteTestNG.java:91)

</div> <!-- stack-trace -->
                </div> <!-- method-content -->
              </div> <!-- method -->
              <div class="method">
                <div class="method-content">
                  <a name="BasicOperationsinLists1(tryEditorCode, 0, Python is fun!)">
                  </a> <!-- BasicOperationsinLists1(tryEditorCode, 0, Python is fun!) -->
                  <span class="method-name">BasicOperationsinLists1</span>
                  <span class="parameters">(tryEditorCode,0,Python is fun!)</span>
                  <div class="stack-trace">java.lang.AssertionError: expected [true] but found [false]
	at org.testng.Assert.fail(Assert.java:111)
	at org.testng.Assert.failNotEquals(Assert.java:1590)
	at org.testng.Assert.assertTrue(Assert.java:57)
	at org.testng.Assert.assertTrue(Assert.java:67)
	at testClasses.ArrayTests.BasicOperationsinLists1(ArrayTests.java:143)
	at java.base/jdk.internal.reflect.DirectMethodHandleAccessor.invoke(DirectMethodHandleAccessor.java:104)
	at java.base/java.lang.reflect.Method.invoke(Method.java:565)
	at org.testng.internal.invokers.MethodInvocationHelper.invokeMethod(MethodInvocationHelper.java:141)
	at org.testng.internal.invokers.TestInvoker.invokeMethod(TestInvoker.java:687)
	at org.testng.internal.invokers.TestInvoker.invokeTestMethod(TestInvoker.java:230)
	at org.testng.internal.invokers.MethodRunner.runInSequence(MethodRunner.java:63)
	at org.testng.internal.invokers.TestInvoker$MethodInvocationAgent.invoke(TestInvoker.java:995)
	at org.testng.internal.invokers.TestInvoker.invokeTestMethods(TestInvoker.java:203)
	at org.testng.internal.invokers.TestMethodWorker.invokeTestMethods(TestMethodWorker.java:154)
	at org.testng.internal.invokers.TestMethodWorker.run(TestMethodWorker.java:134)
	at java.base/java.util.ArrayList.forEach(ArrayList.java:1604)
	at org.testng.TestRunner.privateRun(TestRunner.java:741)
	at org.testng.TestRunner.run(TestRunner.java:616)
	at org.testng.SuiteRunner.runTest(SuiteRunner.java:421)
	at org.testng.SuiteRunner.runSequentially(SuiteRunner.java:413)
	at org.testng.SuiteRunner.privateRun(SuiteRunner.java:373)
	at org.testng.SuiteRunner.run(SuiteRunner.java:312)
	at org.testng.SuiteRunnerWorker.runSuite(SuiteRunnerWorker.java:52)
	at org.testng.SuiteRunnerWorker.run(SuiteRunnerWorker.java:95)
	at org.testng.TestNG.runSuitesSequentially(TestNG.java:1274)
	at org.testng.TestNG.runSuitesLocally(TestNG.java:1208)
	at org.testng.TestNG.runSuites(TestNG.java:1112)
	at org.testng.TestNG.run(TestNG.java:1079)
	at org.testng.remote.AbstractRemoteTestNG.run(AbstractRemoteTestNG.java:115)
	at org.testng.remote.RemoteTestNG.initAndRun(RemoteTestNG.java:293)
	at org.testng.remote.RemoteTestNG.main(RemoteTestNG.java:91)

</div> <!-- stack-trace -->
                </div> <!-- method-content -->
              </div> <!-- method -->
              <div class="method">
                <div class="method-content">
                  <a name="EvenNumberOfDigits(pythonCode, 1, SyntaxError)">
                  </a> <!-- EvenNumberOfDigits(pythonCode, 1, SyntaxError) -->
                  <span class="method-name">EvenNumberOfDigits</span>
                  <span class="parameters">(pythonCode,1,SyntaxError)</span>
                  <div class="stack-trace">java.io.IOException: Sheet pythonCode not found in src/test/resources/TestData/TestingData.xlsx
	at utils.ExcelRead.readExcelSheet(ExcelRead.java:23)
	at dsAlgoPageObjects.TryEditorPage.enterCodeFromExcel(TryEditorPage.java:78)
	at testClasses.ArrayTests.EvenNumberOfDigits(ArrayTests.java:226)
	at java.base/jdk.internal.reflect.DirectMethodHandleAccessor.invoke(DirectMethodHandleAccessor.java:104)
	at java.base/java.lang.reflect.Method.invoke(Method.java:565)
	at org.testng.internal.invokers.MethodInvocationHelper.invokeMethod(MethodInvocationHelper.java:141)
	at org.testng.internal.invokers.TestInvoker.invokeMethod(TestInvoker.java:687)
	at org.testng.internal.invokers.TestInvoker.invokeTestMethod(TestInvoker.java:230)
	at org.testng.internal.invokers.MethodRunner.runInSequence(MethodRunner.java:63)
	at org.testng.internal.invokers.TestInvoker$MethodInvocationAgent.invoke(TestInvoker.java:995)
	at org.testng.internal.invokers.TestInvoker.invokeTestMethods(TestInvoker.java:203)
	at org.testng.internal.invokers.TestMethodWorker.invokeTestMethods(TestMethodWorker.java:154)
	at org.testng.internal.invokers.TestMethodWorker.run(TestMethodWorker.java:134)
	at java.base/java.util.ArrayList.forEach(ArrayList.java:1604)
	at org.testng.TestRunner.privateRun(TestRunner.java:741)
	at org.testng.TestRunner.run(TestRunner.java:616)
	at org.testng.SuiteRunner.runTest(SuiteRunner.java:421)
	at org.testng.SuiteRunner.runSequentially(SuiteRunner.java:413)
	at org.testng.SuiteRunner.privateRun(SuiteRunner.java:373)
	at org.testng.SuiteRunner.run(SuiteRunner.java:312)
	at org.testng.SuiteRunnerWorker.runSuite(SuiteRunnerWorker.java:52)
	at org.testng.SuiteRunnerWorker.run(SuiteRunnerWorker.java:95)
	at org.testng.TestNG.runSuitesSequentially(TestNG.java:1274)
	at org.testng.TestNG.runSuitesLocally(TestNG.java:1208)
	at org.testng.TestNG.runSuites(TestNG.java:1112)
	at org.testng.TestNG.run(TestNG.java:1079)
	at org.testng.remote.AbstractRemoteTestNG.run(AbstractRemoteTestNG.java:115)
	at org.testng.remote.RemoteTestNG.initAndRun(RemoteTestNG.java:293)
	at org.testng.remote.RemoteTestNG.main(RemoteTestNG.java:91)

</div> <!-- stack-trace -->
                </div> <!-- method-content -->
              </div> <!-- method -->
              <div class="method">
                <div class="method-content">
                  <a name="EvenNumberOfDigits(pythonCode, 2, MaxConsecutive Ones)">
                  </a> <!-- EvenNumberOfDigits(pythonCode, 2, MaxConsecutive Ones) -->
                  <span class="method-name">EvenNumberOfDigits</span>
                  <span class="parameters">(pythonCode,2,MaxConsecutive Ones)</span>
                  <div class="stack-trace">java.io.IOException: Sheet pythonCode not found in src/test/resources/TestData/TestingData.xlsx
	at utils.ExcelRead.readExcelSheet(ExcelRead.java:23)
	at dsAlgoPageObjects.TryEditorPage.enterCodeFromExcel(TryEditorPage.java:78)
	at testClasses.ArrayTests.EvenNumberOfDigits(ArrayTests.java:226)
	at java.base/jdk.internal.reflect.DirectMethodHandleAccessor.invoke(DirectMethodHandleAccessor.java:104)
	at java.base/java.lang.reflect.Method.invoke(Method.java:565)
	at org.testng.internal.invokers.MethodInvocationHelper.invokeMethod(MethodInvocationHelper.java:141)
	at org.testng.internal.invokers.TestInvoker.invokeMethod(TestInvoker.java:687)
	at org.testng.internal.invokers.TestInvoker.invokeTestMethod(TestInvoker.java:230)
	at org.testng.internal.invokers.MethodRunner.runInSequence(MethodRunner.java:63)
	at org.testng.internal.invokers.TestInvoker$MethodInvocationAgent.invoke(TestInvoker.java:995)
	at org.testng.internal.invokers.TestInvoker.invokeTestMethods(TestInvoker.java:203)
	at org.testng.internal.invokers.TestMethodWorker.invokeTestMethods(TestMethodWorker.java:154)
	at org.testng.internal.invokers.TestMethodWorker.run(TestMethodWorker.java:134)
	at java.base/java.util.ArrayList.forEach(ArrayList.java:1604)
	at org.testng.TestRunner.privateRun(TestRunner.java:741)
	at org.testng.TestRunner.run(TestRunner.java:616)
	at org.testng.SuiteRunner.runTest(SuiteRunner.java:421)
	at org.testng.SuiteRunner.runSequentially(SuiteRunner.java:413)
	at org.testng.SuiteRunner.privateRun(SuiteRunner.java:373)
	at org.testng.SuiteRunner.run(SuiteRunner.java:312)
	at org.testng.SuiteRunnerWorker.runSuite(SuiteRunnerWorker.java:52)
	at org.testng.SuiteRunnerWorker.run(SuiteRunnerWorker.java:95)
	at org.testng.TestNG.runSuitesSequentially(TestNG.java:1274)
	at org.testng.TestNG.runSuitesLocally(TestNG.java:1208)
	at org.testng.TestNG.runSuites(TestNG.java:1112)
	at org.testng.TestNG.run(TestNG.java:1079)
	at org.testng.remote.AbstractRemoteTestNG.run(AbstractRemoteTestNG.java:115)
	at org.testng.remote.RemoteTestNG.initAndRun(RemoteTestNG.java:293)
	at org.testng.remote.RemoteTestNG.main(RemoteTestNG.java:91)

</div> <!-- stack-trace -->
                </div> <!-- method-content -->
              </div> <!-- method -->
              <div class="method">
                <div class="method-content">
                  <a name="EvenNumberOfDigits(pythonCode, 0, Even number)">
                  </a> <!-- EvenNumberOfDigits(pythonCode, 0, Even number) -->
                  <span class="method-name">EvenNumberOfDigits</span>
                  <span class="parameters">(pythonCode,0,Even number)</span>
                  <div class="stack-trace">java.io.IOException: Sheet pythonCode not found in src/test/resources/TestData/TestingData.xlsx
	at utils.ExcelRead.readExcelSheet(ExcelRead.java:23)
	at dsAlgoPageObjects.TryEditorPage.enterCodeFromExcel(TryEditorPage.java:78)
	at testClasses.ArrayTests.EvenNumberOfDigits(ArrayTests.java:226)
	at java.base/jdk.internal.reflect.DirectMethodHandleAccessor.invoke(DirectMethodHandleAccessor.java:104)
	at java.base/java.lang.reflect.Method.invoke(Method.java:565)
	at org.testng.internal.invokers.MethodInvocationHelper.invokeMethod(MethodInvocationHelper.java:141)
	at org.testng.internal.invokers.TestInvoker.invokeMethod(TestInvoker.java:687)
	at org.testng.internal.invokers.TestInvoker.invokeTestMethod(TestInvoker.java:230)
	at org.testng.internal.invokers.MethodRunner.runInSequence(MethodRunner.java:63)
	at org.testng.internal.invokers.TestInvoker$MethodInvocationAgent.invoke(TestInvoker.java:995)
	at org.testng.internal.invokers.TestInvoker.invokeTestMethods(TestInvoker.java:203)
	at org.testng.internal.invokers.TestMethodWorker.invokeTestMethods(TestMethodWorker.java:154)
	at org.testng.internal.invokers.TestMethodWorker.run(TestMethodWorker.java:134)
	at java.base/java.util.ArrayList.forEach(ArrayList.java:1604)
	at org.testng.TestRunner.privateRun(TestRunner.java:741)
	at org.testng.TestRunner.run(TestRunner.java:616)
	at org.testng.SuiteRunner.runTest(SuiteRunner.java:421)
	at org.testng.SuiteRunner.runSequentially(SuiteRunner.java:413)
	at org.testng.SuiteRunner.privateRun(SuiteRunner.java:373)
	at org.testng.SuiteRunner.run(SuiteRunner.java:312)
	at org.testng.SuiteRunnerWorker.runSuite(SuiteRunnerWorker.java:52)
	at org.testng.SuiteRunnerWorker.run(SuiteRunnerWorker.java:95)
	at org.testng.TestNG.runSuitesSequentially(TestNG.java:1274)
	at org.testng.TestNG.runSuitesLocally(TestNG.java:1208)
	at org.testng.TestNG.runSuites(TestNG.java:1112)
	at org.testng.TestNG.run(TestNG.java:1079)
	at org.testng.remote.AbstractRemoteTestNG.run(AbstractRemoteTestNG.java:115)
	at org.testng.remote.RemoteTestNG.initAndRun(RemoteTestNG.java:293)
	at org.testng.remote.RemoteTestNG.main(RemoteTestNG.java:91)

</div> <!-- stack-trace -->
                </div> <!-- method-content -->
              </div> <!-- method -->
              <div class="method">
                <div class="method-content">
                  <a name="EvenNumberOfDigits(pythonCode, 3, SyntaxError)">
                  </a> <!-- EvenNumberOfDigits(pythonCode, 3, SyntaxError) -->
                  <span class="method-name">EvenNumberOfDigits</span>
                  <span class="parameters">(pythonCode,3,SyntaxError)</span>
                  <div class="stack-trace">java.io.IOException: Sheet pythonCode not found in src/test/resources/TestData/TestingData.xlsx
	at utils.ExcelRead.readExcelSheet(ExcelRead.java:23)
	at dsAlgoPageObjects.TryEditorPage.enterCodeFromExcel(TryEditorPage.java:78)
	at testClasses.ArrayTests.EvenNumberOfDigits(ArrayTests.java:226)
	at java.base/jdk.internal.reflect.DirectMethodHandleAccessor.invoke(DirectMethodHandleAccessor.java:104)
	at java.base/java.lang.reflect.Method.invoke(Method.java:565)
	at org.testng.internal.invokers.MethodInvocationHelper.invokeMethod(MethodInvocationHelper.java:141)
	at org.testng.internal.invokers.TestInvoker.invokeMethod(TestInvoker.java:687)
	at org.testng.internal.invokers.TestInvoker.invokeTestMethod(TestInvoker.java:230)
	at org.testng.internal.invokers.MethodRunner.runInSequence(MethodRunner.java:63)
	at org.testng.internal.invokers.TestInvoker$MethodInvocationAgent.invoke(TestInvoker.java:995)
	at org.testng.internal.invokers.TestInvoker.invokeTestMethods(TestInvoker.java:203)
	at org.testng.internal.invokers.TestMethodWorker.invokeTestMethods(TestMethodWorker.java:154)
	at org.testng.internal.invokers.TestMethodWorker.run(TestMethodWorker.java:134)
	at java.base/java.util.ArrayList.forEach(ArrayList.java:1604)
	at org.testng.TestRunner.privateRun(TestRunner.java:741)
	at org.testng.TestRunner.run(TestRunner.java:616)
	at org.testng.SuiteRunner.runTest(SuiteRunner.java:421)
	at org.testng.SuiteRunner.runSequentially(SuiteRunner.java:413)
	at org.testng.SuiteRunner.privateRun(SuiteRunner.java:373)
	at org.testng.SuiteRunner.run(SuiteRunner.java:312)
	at org.testng.SuiteRunnerWorker.runSuite(SuiteRunnerWorker.java:52)
	at org.testng.SuiteRunnerWorker.run(SuiteRunnerWorker.java:95)
	at org.testng.TestNG.runSuitesSequentially(TestNG.java:1274)
	at org.testng.TestNG.runSuitesLocally(TestNG.java:1208)
	at org.testng.TestNG.runSuites(TestNG.java:1112)
	at org.testng.TestNG.run(TestNG.java:1079)
	at org.testng.remote.AbstractRemoteTestNG.run(AbstractRemoteTestNG.java:115)
	at org.testng.remote.RemoteTestNG.initAndRun(RemoteTestNG.java:293)
	at org.testng.remote.RemoteTestNG.main(RemoteTestNG.java:91)

</div> <!-- stack-trace -->
                </div> <!-- method-content -->
              </div> <!-- method -->
              <div class="method">
                <div class="method-content">
                  <a name="EvenNumberOfDigits1(ArrayPracticeQnsQ1, 1, Element Found)">
                  </a> <!-- EvenNumberOfDigits1(ArrayPracticeQnsQ1, 1, Element Found) -->
                  <span class="method-name">EvenNumberOfDigits1</span>
                  <span class="parameters">(ArrayPracticeQnsQ1,1,Element Found)</span>
                  <div class="stack-trace">java.lang.AssertionError: expected [true] but found [false]
	at org.testng.Assert.fail(Assert.java:111)
	at org.testng.Assert.failNotEquals(Assert.java:1590)
	at org.testng.Assert.assertTrue(Assert.java:57)
	at org.testng.Assert.assertTrue(Assert.java:67)
	at testClasses.ArrayTests.EvenNumberOfDigits1(ArrayTests.java:237)
	at java.base/jdk.internal.reflect.DirectMethodHandleAccessor.invoke(DirectMethodHandleAccessor.java:104)
	at java.base/java.lang.reflect.Method.invoke(Method.java:565)
	at org.testng.internal.invokers.MethodInvocationHelper.invokeMethod(MethodInvocationHelper.java:141)
	at org.testng.internal.invokers.TestInvoker.invokeMethod(TestInvoker.java:687)
	at org.testng.internal.invokers.TestInvoker.invokeTestMethod(TestInvoker.java:230)
	at org.testng.internal.invokers.MethodRunner.runInSequence(MethodRunner.java:63)
	at org.testng.internal.invokers.TestInvoker$MethodInvocationAgent.invoke(TestInvoker.java:995)
	at org.testng.internal.invokers.TestInvoker.invokeTestMethods(TestInvoker.java:203)
	at org.testng.internal.invokers.TestMethodWorker.invokeTestMethods(TestMethodWorker.java:154)
	at org.testng.internal.invokers.TestMethodWorker.run(TestMethodWorker.java:134)
	at java.base/java.util.ArrayList.forEach(ArrayList.java:1604)
	at org.testng.TestRunner.privateRun(TestRunner.java:741)
	at org.testng.TestRunner.run(TestRunner.java:616)
	at org.testng.SuiteRunner.runTest(SuiteRunner.java:421)
	at org.testng.SuiteRunner.runSequentially(SuiteRunner.java:413)
	at org.testng.SuiteRunner.privateRun(SuiteRunner.java:373)
	at org.testng.SuiteRunner.run(SuiteRunner.java:312)
	at org.testng.SuiteRunnerWorker.runSuite(SuiteRunnerWorker.java:52)
	at org.testng.SuiteRunnerWorker.run(SuiteRunnerWorker.java:95)
	at org.testng.TestNG.runSuitesSequentially(TestNG.java:1274)
	at org.testng.TestNG.runSuitesLocally(TestNG.java:1208)
	at org.testng.TestNG.runSuites(TestNG.java:1112)
	at org.testng.TestNG.run(TestNG.java:1079)
	at org.testng.remote.AbstractRemoteTestNG.run(AbstractRemoteTestNG.java:115)
	at org.testng.remote.RemoteTestNG.initAndRun(RemoteTestNG.java:293)
	at org.testng.remote.RemoteTestNG.main(RemoteTestNG.java:91)

</div> <!-- stack-trace -->
                </div> <!-- method-content -->
              </div> <!-- method -->
              <div class="method">
                <div class="method-content">
                  <a name="EvenNumberOfDigits1(ArrayPracticeQnsQ1, 0, Element not Found)">
                  </a> <!-- EvenNumberOfDigits1(ArrayPracticeQnsQ1, 0, Element not Found) -->
                  <span class="method-name">EvenNumberOfDigits1</span>
                  <span class="parameters">(ArrayPracticeQnsQ1,0,Element not Found)</span>
                  <div class="stack-trace">java.lang.AssertionError: expected [true] but found [false]
	at org.testng.Assert.fail(Assert.java:111)
	at org.testng.Assert.failNotEquals(Assert.java:1590)
	at org.testng.Assert.assertTrue(Assert.java:57)
	at org.testng.Assert.assertTrue(Assert.java:67)
	at testClasses.ArrayTests.EvenNumberOfDigits1(ArrayTests.java:237)
	at java.base/jdk.internal.reflect.DirectMethodHandleAccessor.invoke(DirectMethodHandleAccessor.java:104)
	at java.base/java.lang.reflect.Method.invoke(Method.java:565)
	at org.testng.internal.invokers.MethodInvocationHelper.invokeMethod(MethodInvocationHelper.java:141)
	at org.testng.internal.invokers.TestInvoker.invokeMethod(TestInvoker.java:687)
	at org.testng.internal.invokers.TestInvoker.invokeTestMethod(TestInvoker.java:230)
	at org.testng.internal.invokers.MethodRunner.runInSequence(MethodRunner.java:63)
	at org.testng.internal.invokers.TestInvoker$MethodInvocationAgent.invoke(TestInvoker.java:995)
	at org.testng.internal.invokers.TestInvoker.invokeTestMethods(TestInvoker.java:203)
	at org.testng.internal.invokers.TestMethodWorker.invokeTestMethods(TestMethodWorker.java:154)
	at org.testng.internal.invokers.TestMethodWorker.run(TestMethodWorker.java:134)
	at java.base/java.util.ArrayList.forEach(ArrayList.java:1604)
	at org.testng.TestRunner.privateRun(TestRunner.java:741)
	at org.testng.TestRunner.run(TestRunner.java:616)
	at org.testng.SuiteRunner.runTest(SuiteRunner.java:421)
	at org.testng.SuiteRunner.runSequentially(SuiteRunner.java:413)
	at org.testng.SuiteRunner.privateRun(SuiteRunner.java:373)
	at org.testng.SuiteRunner.run(SuiteRunner.java:312)
	at org.testng.SuiteRunnerWorker.runSuite(SuiteRunnerWorker.java:52)
	at org.testng.SuiteRunnerWorker.run(SuiteRunnerWorker.java:95)
	at org.testng.TestNG.runSuitesSequentially(TestNG.java:1274)
	at org.testng.TestNG.runSuitesLocally(TestNG.java:1208)
	at org.testng.TestNG.runSuites(TestNG.java:1112)
	at org.testng.TestNG.run(TestNG.java:1079)
	at org.testng.remote.AbstractRemoteTestNG.run(AbstractRemoteTestNG.java:115)
	at org.testng.remote.RemoteTestNG.initAndRun(RemoteTestNG.java:293)
	at org.testng.remote.RemoteTestNG.main(RemoteTestNG.java:91)

</div> <!-- stack-trace -->
                </div> <!-- method-content -->
              </div> <!-- method -->
              <div class="method">
                <div class="method-content">
                  <a name="MaxConsecutiveOnes(pythonCode, 3, SyntaxError)">
                  </a> <!-- MaxConsecutiveOnes(pythonCode, 3, SyntaxError) -->
                  <span class="method-name">MaxConsecutiveOnes</span>
                  <span class="parameters">(pythonCode,3,SyntaxError)</span>
                  <div class="stack-trace">java.io.IOException: Sheet pythonCode not found in src/test/resources/TestData/TestingData.xlsx
	at utils.ExcelRead.readExcelSheet(ExcelRead.java:23)
	at dsAlgoPageObjects.TryEditorPage.enterCodeFromExcel(TryEditorPage.java:78)
	at testClasses.ArrayTests.MaxConsecutiveOnes(ArrayTests.java:209)
	at java.base/jdk.internal.reflect.DirectMethodHandleAccessor.invoke(DirectMethodHandleAccessor.java:104)
	at java.base/java.lang.reflect.Method.invoke(Method.java:565)
	at org.testng.internal.invokers.MethodInvocationHelper.invokeMethod(MethodInvocationHelper.java:141)
	at org.testng.internal.invokers.TestInvoker.invokeMethod(TestInvoker.java:687)
	at org.testng.internal.invokers.TestInvoker.invokeTestMethod(TestInvoker.java:230)
	at org.testng.internal.invokers.MethodRunner.runInSequence(MethodRunner.java:63)
	at org.testng.internal.invokers.TestInvoker$MethodInvocationAgent.invoke(TestInvoker.java:995)
	at org.testng.internal.invokers.TestInvoker.invokeTestMethods(TestInvoker.java:203)
	at org.testng.internal.invokers.TestMethodWorker.invokeTestMethods(TestMethodWorker.java:154)
	at org.testng.internal.invokers.TestMethodWorker.run(TestMethodWorker.java:134)
	at java.base/java.util.ArrayList.forEach(ArrayList.java:1604)
	at org.testng.TestRunner.privateRun(TestRunner.java:741)
	at org.testng.TestRunner.run(TestRunner.java:616)
	at org.testng.SuiteRunner.runTest(SuiteRunner.java:421)
	at org.testng.SuiteRunner.runSequentially(SuiteRunner.java:413)
	at org.testng.SuiteRunner.privateRun(SuiteRunner.java:373)
	at org.testng.SuiteRunner.run(SuiteRunner.java:312)
	at org.testng.SuiteRunnerWorker.runSuite(SuiteRunnerWorker.java:52)
	at org.testng.SuiteRunnerWorker.run(SuiteRunnerWorker.java:95)
	at org.testng.TestNG.runSuitesSequentially(TestNG.java:1274)
	at org.testng.TestNG.runSuitesLocally(TestNG.java:1208)
	at org.testng.TestNG.runSuites(TestNG.java:1112)
	at org.testng.TestNG.run(TestNG.java:1079)
	at org.testng.remote.AbstractRemoteTestNG.run(AbstractRemoteTestNG.java:115)
	at org.testng.remote.RemoteTestNG.initAndRun(RemoteTestNG.java:293)
	at org.testng.remote.RemoteTestNG.main(RemoteTestNG.java:91)

</div> <!-- stack-trace -->
                </div> <!-- method-content -->
              </div> <!-- method -->
              <div class="method">
                <div class="method-content">
                  <a name="MaxConsecutiveOnes(pythonCode, 1, SyntaxError)">
                  </a> <!-- MaxConsecutiveOnes(pythonCode, 1, SyntaxError) -->
                  <span class="method-name">MaxConsecutiveOnes</span>
                  <span class="parameters">(pythonCode,1,SyntaxError)</span>
                  <div class="stack-trace">java.io.IOException: Sheet pythonCode not found in src/test/resources/TestData/TestingData.xlsx
	at utils.ExcelRead.readExcelSheet(ExcelRead.java:23)
	at dsAlgoPageObjects.TryEditorPage.enterCodeFromExcel(TryEditorPage.java:78)
	at testClasses.ArrayTests.MaxConsecutiveOnes(ArrayTests.java:209)
	at java.base/jdk.internal.reflect.DirectMethodHandleAccessor.invoke(DirectMethodHandleAccessor.java:104)
	at java.base/java.lang.reflect.Method.invoke(Method.java:565)
	at org.testng.internal.invokers.MethodInvocationHelper.invokeMethod(MethodInvocationHelper.java:141)
	at org.testng.internal.invokers.TestInvoker.invokeMethod(TestInvoker.java:687)
	at org.testng.internal.invokers.TestInvoker.invokeTestMethod(TestInvoker.java:230)
	at org.testng.internal.invokers.MethodRunner.runInSequence(MethodRunner.java:63)
	at org.testng.internal.invokers.TestInvoker$MethodInvocationAgent.invoke(TestInvoker.java:995)
	at org.testng.internal.invokers.TestInvoker.invokeTestMethods(TestInvoker.java:203)
	at org.testng.internal.invokers.TestMethodWorker.invokeTestMethods(TestMethodWorker.java:154)
	at org.testng.internal.invokers.TestMethodWorker.run(TestMethodWorker.java:134)
	at java.base/java.util.ArrayList.forEach(ArrayList.java:1604)
	at org.testng.TestRunner.privateRun(TestRunner.java:741)
	at org.testng.TestRunner.run(TestRunner.java:616)
	at org.testng.SuiteRunner.runTest(SuiteRunner.java:421)
	at org.testng.SuiteRunner.runSequentially(SuiteRunner.java:413)
	at org.testng.SuiteRunner.privateRun(SuiteRunner.java:373)
	at org.testng.SuiteRunner.run(SuiteRunner.java:312)
	at org.testng.SuiteRunnerWorker.runSuite(SuiteRunnerWorker.java:52)
	at org.testng.SuiteRunnerWorker.run(SuiteRunnerWorker.java:95)
	at org.testng.TestNG.runSuitesSequentially(TestNG.java:1274)
	at org.testng.TestNG.runSuitesLocally(TestNG.java:1208)
	at org.testng.TestNG.runSuites(TestNG.java:1112)
	at org.testng.TestNG.run(TestNG.java:1079)
	at org.testng.remote.AbstractRemoteTestNG.run(AbstractRemoteTestNG.java:115)
	at org.testng.remote.RemoteTestNG.initAndRun(RemoteTestNG.java:293)
	at org.testng.remote.RemoteTestNG.main(RemoteTestNG.java:91)

</div> <!-- stack-trace -->
                </div> <!-- method-content -->
              </div> <!-- method -->
              <div class="method">
                <div class="method-content">
                  <a name="MaxConsecutiveOnes(pythonCode, 0, Even number)">
                  </a> <!-- MaxConsecutiveOnes(pythonCode, 0, Even number) -->
                  <span class="method-name">MaxConsecutiveOnes</span>
                  <span class="parameters">(pythonCode,0,Even number)</span>
                  <div class="stack-trace">java.io.IOException: Sheet pythonCode not found in src/test/resources/TestData/TestingData.xlsx
	at utils.ExcelRead.readExcelSheet(ExcelRead.java:23)
	at dsAlgoPageObjects.TryEditorPage.enterCodeFromExcel(TryEditorPage.java:78)
	at testClasses.ArrayTests.MaxConsecutiveOnes(ArrayTests.java:209)
	at java.base/jdk.internal.reflect.DirectMethodHandleAccessor.invoke(DirectMethodHandleAccessor.java:104)
	at java.base/java.lang.reflect.Method.invoke(Method.java:565)
	at org.testng.internal.invokers.MethodInvocationHelper.invokeMethod(MethodInvocationHelper.java:141)
	at org.testng.internal.invokers.TestInvoker.invokeMethod(TestInvoker.java:687)
	at org.testng.internal.invokers.TestInvoker.invokeTestMethod(TestInvoker.java:230)
	at org.testng.internal.invokers.MethodRunner.runInSequence(MethodRunner.java:63)
	at org.testng.internal.invokers.TestInvoker$MethodInvocationAgent.invoke(TestInvoker.java:995)
	at org.testng.internal.invokers.TestInvoker.invokeTestMethods(TestInvoker.java:203)
	at org.testng.internal.invokers.TestMethodWorker.invokeTestMethods(TestMethodWorker.java:154)
	at org.testng.internal.invokers.TestMethodWorker.run(TestMethodWorker.java:134)
	at java.base/java.util.ArrayList.forEach(ArrayList.java:1604)
	at org.testng.TestRunner.privateRun(TestRunner.java:741)
	at org.testng.TestRunner.run(TestRunner.java:616)
	at org.testng.SuiteRunner.runTest(SuiteRunner.java:421)
	at org.testng.SuiteRunner.runSequentially(SuiteRunner.java:413)
	at org.testng.SuiteRunner.privateRun(SuiteRunner.java:373)
	at org.testng.SuiteRunner.run(SuiteRunner.java:312)
	at org.testng.SuiteRunnerWorker.runSuite(SuiteRunnerWorker.java:52)
	at org.testng.SuiteRunnerWorker.run(SuiteRunnerWorker.java:95)
	at org.testng.TestNG.runSuitesSequentially(TestNG.java:1274)
	at org.testng.TestNG.runSuitesLocally(TestNG.java:1208)
	at org.testng.TestNG.runSuites(TestNG.java:1112)
	at org.testng.TestNG.run(TestNG.java:1079)
	at org.testng.remote.AbstractRemoteTestNG.run(AbstractRemoteTestNG.java:115)
	at org.testng.remote.RemoteTestNG.initAndRun(RemoteTestNG.java:293)
	at org.testng.remote.RemoteTestNG.main(RemoteTestNG.java:91)

</div> <!-- stack-trace -->
                </div> <!-- method-content -->
              </div> <!-- method -->
              <div class="method">
                <div class="method-content">
                  <a name="MaxConsecutiveOnes(pythonCode, 2, MaxConsecutive Ones)">
                  </a> <!-- MaxConsecutiveOnes(pythonCode, 2, MaxConsecutive Ones) -->
                  <span class="method-name">MaxConsecutiveOnes</span>
                  <span class="parameters">(pythonCode,2,MaxConsecutive Ones)</span>
                  <div class="stack-trace">java.io.IOException: Sheet pythonCode not found in src/test/resources/TestData/TestingData.xlsx
	at utils.ExcelRead.readExcelSheet(ExcelRead.java:23)
	at dsAlgoPageObjects.TryEditorPage.enterCodeFromExcel(TryEditorPage.java:78)
	at testClasses.ArrayTests.MaxConsecutiveOnes(ArrayTests.java:209)
	at java.base/jdk.internal.reflect.DirectMethodHandleAccessor.invoke(DirectMethodHandleAccessor.java:104)
	at java.base/java.lang.reflect.Method.invoke(Method.java:565)
	at org.testng.internal.invokers.MethodInvocationHelper.invokeMethod(MethodInvocationHelper.java:141)
	at org.testng.internal.invokers.TestInvoker.invokeMethod(TestInvoker.java:687)
	at org.testng.internal.invokers.TestInvoker.invokeTestMethod(TestInvoker.java:230)
	at org.testng.internal.invokers.MethodRunner.runInSequence(MethodRunner.java:63)
	at org.testng.internal.invokers.TestInvoker$MethodInvocationAgent.invoke(TestInvoker.java:995)
	at org.testng.internal.invokers.TestInvoker.invokeTestMethods(TestInvoker.java:203)
	at org.testng.internal.invokers.TestMethodWorker.invokeTestMethods(TestMethodWorker.java:154)
	at org.testng.internal.invokers.TestMethodWorker.run(TestMethodWorker.java:134)
	at java.base/java.util.ArrayList.forEach(ArrayList.java:1604)
	at org.testng.TestRunner.privateRun(TestRunner.java:741)
	at org.testng.TestRunner.run(TestRunner.java:616)
	at org.testng.SuiteRunner.runTest(SuiteRunner.java:421)
	at org.testng.SuiteRunner.runSequentially(SuiteRunner.java:413)
	at org.testng.SuiteRunner.privateRun(SuiteRunner.java:373)
	at org.testng.SuiteRunner.run(SuiteRunner.java:312)
	at org.testng.SuiteRunnerWorker.runSuite(SuiteRunnerWorker.java:52)
	at org.testng.SuiteRunnerWorker.run(SuiteRunnerWorker.java:95)
	at org.testng.TestNG.runSuitesSequentially(TestNG.java:1274)
	at org.testng.TestNG.runSuitesLocally(TestNG.java:1208)
	at org.testng.TestNG.runSuites(TestNG.java:1112)
	at org.testng.TestNG.run(TestNG.java:1079)
	at org.testng.remote.AbstractRemoteTestNG.run(AbstractRemoteTestNG.java:115)
	at org.testng.remote.RemoteTestNG.initAndRun(RemoteTestNG.java:293)
	at org.testng.remote.RemoteTestNG.main(RemoteTestNG.java:91)

</div> <!-- stack-trace -->
                </div> <!-- method-content -->
              </div> <!-- method -->
              <div class="method">
                <div class="method-content">
                  <a name="MaxConsecutiveOnes1(ArrayPracticeQnsQ1, 0, Element not Found)">
                  </a> <!-- MaxConsecutiveOnes1(ArrayPracticeQnsQ1, 0, Element not Found) -->
                  <span class="method-name">MaxConsecutiveOnes1</span>
                  <span class="parameters">(ArrayPracticeQnsQ1,0,Element not Found)</span>
                  <div class="stack-trace">java.lang.AssertionError: expected [true] but found [false]
	at org.testng.Assert.fail(Assert.java:111)
	at org.testng.Assert.failNotEquals(Assert.java:1590)
	at org.testng.Assert.assertTrue(Assert.java:57)
	at org.testng.Assert.assertTrue(Assert.java:67)
	at testClasses.ArrayTests.MaxConsecutiveOnes1(ArrayTests.java:220)
	at java.base/jdk.internal.reflect.DirectMethodHandleAccessor.invoke(DirectMethodHandleAccessor.java:104)
	at java.base/java.lang.reflect.Method.invoke(Method.java:565)
	at org.testng.internal.invokers.MethodInvocationHelper.invokeMethod(MethodInvocationHelper.java:141)
	at org.testng.internal.invokers.TestInvoker.invokeMethod(TestInvoker.java:687)
	at org.testng.internal.invokers.TestInvoker.invokeTestMethod(TestInvoker.java:230)
	at org.testng.internal.invokers.MethodRunner.runInSequence(MethodRunner.java:63)
	at org.testng.internal.invokers.TestInvoker$MethodInvocationAgent.invoke(TestInvoker.java:995)
	at org.testng.internal.invokers.TestInvoker.invokeTestMethods(TestInvoker.java:203)
	at org.testng.internal.invokers.TestMethodWorker.invokeTestMethods(TestMethodWorker.java:154)
	at org.testng.internal.invokers.TestMethodWorker.run(TestMethodWorker.java:134)
	at java.base/java.util.ArrayList.forEach(ArrayList.java:1604)
	at org.testng.TestRunner.privateRun(TestRunner.java:741)
	at org.testng.TestRunner.run(TestRunner.java:616)
	at org.testng.SuiteRunner.runTest(SuiteRunner.java:421)
	at org.testng.SuiteRunner.runSequentially(SuiteRunner.java:413)
	at org.testng.SuiteRunner.privateRun(SuiteRunner.java:373)
	at org.testng.SuiteRunner.run(SuiteRunner.java:312)
	at org.testng.SuiteRunnerWorker.runSuite(SuiteRunnerWorker.java:52)
	at org.testng.SuiteRunnerWorker.run(SuiteRunnerWorker.java:95)
	at org.testng.TestNG.runSuitesSequentially(TestNG.java:1274)
	at org.testng.TestNG.runSuitesLocally(TestNG.java:1208)
	at org.testng.TestNG.runSuites(TestNG.java:1112)
	at org.testng.TestNG.run(TestNG.java:1079)
	at org.testng.remote.AbstractRemoteTestNG.run(AbstractRemoteTestNG.java:115)
	at org.testng.remote.RemoteTestNG.initAndRun(RemoteTestNG.java:293)
	at org.testng.remote.RemoteTestNG.main(RemoteTestNG.java:91)

</div> <!-- stack-trace -->
                </div> <!-- method-content -->
              </div> <!-- method -->
              <div class="method">
                <div class="method-content">
                  <a name="MaxConsecutiveOnes1(ArrayPracticeQnsQ1, 1, Element Found)">
                  </a> <!-- MaxConsecutiveOnes1(ArrayPracticeQnsQ1, 1, Element Found) -->
                  <span class="method-name">MaxConsecutiveOnes1</span>
                  <span class="parameters">(ArrayPracticeQnsQ1,1,Element Found)</span>
                  <div class="stack-trace">java.lang.AssertionError: expected [true] but found [false]
	at org.testng.Assert.fail(Assert.java:111)
	at org.testng.Assert.failNotEquals(Assert.java:1590)
	at org.testng.Assert.assertTrue(Assert.java:57)
	at org.testng.Assert.assertTrue(Assert.java:67)
	at testClasses.ArrayTests.MaxConsecutiveOnes1(ArrayTests.java:220)
	at java.base/jdk.internal.reflect.DirectMethodHandleAccessor.invoke(DirectMethodHandleAccessor.java:104)
	at java.base/java.lang.reflect.Method.invoke(Method.java:565)
	at org.testng.internal.invokers.MethodInvocationHelper.invokeMethod(MethodInvocationHelper.java:141)
	at org.testng.internal.invokers.TestInvoker.invokeMethod(TestInvoker.java:687)
	at org.testng.internal.invokers.TestInvoker.invokeTestMethod(TestInvoker.java:230)
	at org.testng.internal.invokers.MethodRunner.runInSequence(MethodRunner.java:63)
	at org.testng.internal.invokers.TestInvoker$MethodInvocationAgent.invoke(TestInvoker.java:995)
	at org.testng.internal.invokers.TestInvoker.invokeTestMethods(TestInvoker.java:203)
	at org.testng.internal.invokers.TestMethodWorker.invokeTestMethods(TestMethodWorker.java:154)
	at org.testng.internal.invokers.TestMethodWorker.run(TestMethodWorker.java:134)
	at java.base/java.util.ArrayList.forEach(ArrayList.java:1604)
	at org.testng.TestRunner.privateRun(TestRunner.java:741)
	at org.testng.TestRunner.run(TestRunner.java:616)
	at org.testng.SuiteRunner.runTest(SuiteRunner.java:421)
	at org.testng.SuiteRunner.runSequentially(SuiteRunner.java:413)
	at org.testng.SuiteRunner.privateRun(SuiteRunner.java:373)
	at org.testng.SuiteRunner.run(SuiteRunner.java:312)
	at org.testng.SuiteRunnerWorker.runSuite(SuiteRunnerWorker.java:52)
	at org.testng.SuiteRunnerWorker.run(SuiteRunnerWorker.java:95)
	at org.testng.TestNG.runSuitesSequentially(TestNG.java:1274)
	at org.testng.TestNG.runSuitesLocally(TestNG.java:1208)
	at org.testng.TestNG.runSuites(TestNG.java:1112)
	at org.testng.TestNG.run(TestNG.java:1079)
	at org.testng.remote.AbstractRemoteTestNG.run(AbstractRemoteTestNG.java:115)
	at org.testng.remote.RemoteTestNG.initAndRun(RemoteTestNG.java:293)
	at org.testng.remote.RemoteTestNG.main(RemoteTestNG.java:91)

</div> <!-- stack-trace -->
                </div> <!-- method-content -->
              </div> <!-- method -->
              <div class="method">
                <div class="method-content">
                  <a name="SearchTheArray(ArrayPracticeQnsQ1, 1, Element Found)">
                  </a> <!-- SearchTheArray(ArrayPracticeQnsQ1, 1, Element Found) -->
                  <span class="method-name">SearchTheArray</span>
                  <span class="parameters">(ArrayPracticeQnsQ1,1,Element Found)</span>
                  <div class="stack-trace">java.lang.AssertionError: expected [Element Found] but found []
	at org.testng.Assert.fail(Assert.java:111)
	at org.testng.Assert.failNotEquals(Assert.java:1590)
	at org.testng.Assert.assertEqualsImpl(Assert.java:150)
	at org.testng.Assert.assertEquals(Assert.java:132)
	at org.testng.Assert.assertEquals(Assert.java:656)
	at org.testng.Assert.assertEquals(Assert.java:666)
	at testClasses.ArrayTests.SearchTheArray(ArrayTests.java:194)
	at java.base/jdk.internal.reflect.DirectMethodHandleAccessor.invoke(DirectMethodHandleAccessor.java:104)
	at java.base/java.lang.reflect.Method.invoke(Method.java:565)
	at org.testng.internal.invokers.MethodInvocationHelper.invokeMethod(MethodInvocationHelper.java:141)
	at org.testng.internal.invokers.TestInvoker.invokeMethod(TestInvoker.java:687)
	at org.testng.internal.invokers.TestInvoker.invokeTestMethod(TestInvoker.java:230)
	at org.testng.internal.invokers.MethodRunner.runInSequence(MethodRunner.java:63)
	at org.testng.internal.invokers.TestInvoker$MethodInvocationAgent.invoke(TestInvoker.java:995)
	at org.testng.internal.invokers.TestInvoker.invokeTestMethods(TestInvoker.java:203)
	at org.testng.internal.invokers.TestMethodWorker.invokeTestMethods(TestMethodWorker.java:154)
	at org.testng.internal.invokers.TestMethodWorker.run(TestMethodWorker.java:134)
	at java.base/java.util.ArrayList.forEach(ArrayList.java:1604)
	at org.testng.TestRunner.privateRun(TestRunner.java:741)
	at org.testng.TestRunner.run(TestRunner.java:616)
	at org.testng.SuiteRunner.runTest(SuiteRunner.java:421)
	at org.testng.SuiteRunner.runSequentially(SuiteRunner.java:413)
	at org.testng.SuiteRunner.privateRun(SuiteRunner.java:373)
	at org.testng.SuiteRunner.run(SuiteRunner.java:312)
	at org.testng.SuiteRunnerWorker.runSuite(SuiteRunnerWorker.java:52)
	at org.testng.SuiteRunnerWorker.run(SuiteRunnerWorker.java:95)
	at org.testng.TestNG.runSuitesSequentially(TestNG.java:1274)
	at org.testng.TestNG.runSuitesLocally(TestNG.java:1208)
	at org.testng.TestNG.runSuites(TestNG.java:1112)
	at org.testng.TestNG.run(TestNG.java:1079)
	at org.testng.remote.AbstractRemoteTestNG.run(AbstractRemoteTestNG.java:115)
	at org.testng.remote.RemoteTestNG.initAndRun(RemoteTestNG.java:293)
	at org.testng.remote.RemoteTestNG.main(RemoteTestNG.java:91)

</div> <!-- stack-trace -->
                </div> <!-- method-content -->
              </div> <!-- method -->
              <div class="method">
                <div class="method-content">
                  <a name="SearchTheArray(ArrayPracticeQnsQ1, 0, Element not Found)">
                  </a> <!-- SearchTheArray(ArrayPracticeQnsQ1, 0, Element not Found) -->
                  <span class="method-name">SearchTheArray</span>
                  <span class="parameters">(ArrayPracticeQnsQ1,0,Element not Found)</span>
                  <div class="stack-trace">java.lang.AssertionError: expected [Element not Found] but found [Element Found]
	at org.testng.Assert.fail(Assert.java:111)
	at org.testng.Assert.failNotEquals(Assert.java:1590)
	at org.testng.Assert.assertEqualsImpl(Assert.java:150)
	at org.testng.Assert.assertEquals(Assert.java:132)
	at org.testng.Assert.assertEquals(Assert.java:656)
	at org.testng.Assert.assertEquals(Assert.java:666)
	at testClasses.ArrayTests.SearchTheArray(ArrayTests.java:194)
	at java.base/jdk.internal.reflect.DirectMethodHandleAccessor.invoke(DirectMethodHandleAccessor.java:104)
	at java.base/java.lang.reflect.Method.invoke(Method.java:565)
	at org.testng.internal.invokers.MethodInvocationHelper.invokeMethod(MethodInvocationHelper.java:141)
	at org.testng.internal.invokers.TestInvoker.invokeMethod(TestInvoker.java:687)
	at org.testng.internal.invokers.TestInvoker.invokeTestMethod(TestInvoker.java:230)
	at org.testng.internal.invokers.MethodRunner.runInSequence(MethodRunner.java:63)
	at org.testng.internal.invokers.TestInvoker$MethodInvocationAgent.invoke(TestInvoker.java:995)
	at org.testng.internal.invokers.TestInvoker.invokeTestMethods(TestInvoker.java:203)
	at org.testng.internal.invokers.TestMethodWorker.invokeTestMethods(TestMethodWorker.java:154)
	at org.testng.internal.invokers.TestMethodWorker.run(TestMethodWorker.java:134)
	at java.base/java.util.ArrayList.forEach(ArrayList.java:1604)
	at org.testng.TestRunner.privateRun(TestRunner.java:741)
	at org.testng.TestRunner.run(TestRunner.java:616)
	at org.testng.SuiteRunner.runTest(SuiteRunner.java:421)
	at org.testng.SuiteRunner.runSequentially(SuiteRunner.java:413)
	at org.testng.SuiteRunner.privateRun(SuiteRunner.java:373)
	at org.testng.SuiteRunner.run(SuiteRunner.java:312)
	at org.testng.SuiteRunnerWorker.runSuite(SuiteRunnerWorker.java:52)
	at org.testng.SuiteRunnerWorker.run(SuiteRunnerWorker.java:95)
	at org.testng.TestNG.runSuitesSequentially(TestNG.java:1274)
	at org.testng.TestNG.runSuitesLocally(TestNG.java:1208)
	at org.testng.TestNG.runSuites(TestNG.java:1112)
	at org.testng.TestNG.run(TestNG.java:1079)
	at org.testng.remote.AbstractRemoteTestNG.run(AbstractRemoteTestNG.java:115)
	at org.testng.remote.RemoteTestNG.initAndRun(RemoteTestNG.java:293)
	at org.testng.remote.RemoteTestNG.main(RemoteTestNG.java:91)

</div> <!-- stack-trace -->
                </div> <!-- method-content -->
              </div> <!-- method -->
              <div class="method">
                <div class="method-content">
                  <a name="SearchTheArray1(ArrayPracticeQnsQ1, 0, Element not Found)">
                  </a> <!-- SearchTheArray1(ArrayPracticeQnsQ1, 0, Element not Found) -->
                  <span class="method-name">SearchTheArray1</span>
                  <span class="parameters">(ArrayPracticeQnsQ1,0,Element not Found)</span>
                  <div class="stack-trace">java.lang.AssertionError: expected [true] but found [false]
	at org.testng.Assert.fail(Assert.java:111)
	at org.testng.Assert.failNotEquals(Assert.java:1590)
	at org.testng.Assert.assertTrue(Assert.java:57)
	at org.testng.Assert.assertTrue(Assert.java:67)
	at testClasses.ArrayTests.SearchTheArray1(ArrayTests.java:203)
	at java.base/jdk.internal.reflect.DirectMethodHandleAccessor.invoke(DirectMethodHandleAccessor.java:104)
	at java.base/java.lang.reflect.Method.invoke(Method.java:565)
	at org.testng.internal.invokers.MethodInvocationHelper.invokeMethod(MethodInvocationHelper.java:141)
	at org.testng.internal.invokers.TestInvoker.invokeMethod(TestInvoker.java:687)
	at org.testng.internal.invokers.TestInvoker.invokeTestMethod(TestInvoker.java:230)
	at org.testng.internal.invokers.MethodRunner.runInSequence(MethodRunner.java:63)
	at org.testng.internal.invokers.TestInvoker$MethodInvocationAgent.invoke(TestInvoker.java:995)
	at org.testng.internal.invokers.TestInvoker.invokeTestMethods(TestInvoker.java:203)
	at org.testng.internal.invokers.TestMethodWorker.invokeTestMethods(TestMethodWorker.java:154)
	at org.testng.internal.invokers.TestMethodWorker.run(TestMethodWorker.java:134)
	at java.base/java.util.ArrayList.forEach(ArrayList.java:1604)
	at org.testng.TestRunner.privateRun(TestRunner.java:741)
	at org.testng.TestRunner.run(TestRunner.java:616)
	at org.testng.SuiteRunner.runTest(SuiteRunner.java:421)
	at org.testng.SuiteRunner.runSequentially(SuiteRunner.java:413)
	at org.testng.SuiteRunner.privateRun(SuiteRunner.java:373)
	at org.testng.SuiteRunner.run(SuiteRunner.java:312)
	at org.testng.SuiteRunnerWorker.runSuite(SuiteRunnerWorker.java:52)
	at org.testng.SuiteRunnerWorker.run(SuiteRunnerWorker.java:95)
	at org.testng.TestNG.runSuitesSequentially(TestNG.java:1274)
	at org.testng.TestNG.runSuitesLocally(TestNG.java:1208)
	at org.testng.TestNG.runSuites(TestNG.java:1112)
	at org.testng.TestNG.run(TestNG.java:1079)
	at org.testng.remote.AbstractRemoteTestNG.run(AbstractRemoteTestNG.java:115)
	at org.testng.remote.RemoteTestNG.initAndRun(RemoteTestNG.java:293)
	at org.testng.remote.RemoteTestNG.main(RemoteTestNG.java:91)

</div> <!-- stack-trace -->
                </div> <!-- method-content -->
              </div> <!-- method -->
              <div class="method">
                <div class="method-content">
                  <a name="SearchTheArray1(ArrayPracticeQnsQ1, 1, Element Found)">
                  </a> <!-- SearchTheArray1(ArrayPracticeQnsQ1, 1, Element Found) -->
                  <span class="method-name">SearchTheArray1</span>
                  <span class="parameters">(ArrayPracticeQnsQ1,1,Element Found)</span>
                  <div class="stack-trace">java.lang.AssertionError: expected [true] but found [false]
	at org.testng.Assert.fail(Assert.java:111)
	at org.testng.Assert.failNotEquals(Assert.java:1590)
	at org.testng.Assert.assertTrue(Assert.java:57)
	at org.testng.Assert.assertTrue(Assert.java:67)
	at testClasses.ArrayTests.SearchTheArray1(ArrayTests.java:203)
	at java.base/jdk.internal.reflect.DirectMethodHandleAccessor.invoke(DirectMethodHandleAccessor.java:104)
	at java.base/java.lang.reflect.Method.invoke(Method.java:565)
	at org.testng.internal.invokers.MethodInvocationHelper.invokeMethod(MethodInvocationHelper.java:141)
	at org.testng.internal.invokers.TestInvoker.invokeMethod(TestInvoker.java:687)
	at org.testng.internal.invokers.TestInvoker.invokeTestMethod(TestInvoker.java:230)
	at org.testng.internal.invokers.MethodRunner.runInSequence(MethodRunner.java:63)
	at org.testng.internal.invokers.TestInvoker$MethodInvocationAgent.invoke(TestInvoker.java:995)
	at org.testng.internal.invokers.TestInvoker.invokeTestMethods(TestInvoker.java:203)
	at org.testng.internal.invokers.TestMethodWorker.invokeTestMethods(TestMethodWorker.java:154)
	at org.testng.internal.invokers.TestMethodWorker.run(TestMethodWorker.java:134)
	at java.base/java.util.ArrayList.forEach(ArrayList.java:1604)
	at org.testng.TestRunner.privateRun(TestRunner.java:741)
	at org.testng.TestRunner.run(TestRunner.java:616)
	at org.testng.SuiteRunner.runTest(SuiteRunner.java:421)
	at org.testng.SuiteRunner.runSequentially(SuiteRunner.java:413)
	at org.testng.SuiteRunner.privateRun(SuiteRunner.java:373)
	at org.testng.SuiteRunner.run(SuiteRunner.java:312)
	at org.testng.SuiteRunnerWorker.runSuite(SuiteRunnerWorker.java:52)
	at org.testng.SuiteRunnerWorker.run(SuiteRunnerWorker.java:95)
	at org.testng.TestNG.runSuitesSequentially(TestNG.java:1274)
	at org.testng.TestNG.runSuitesLocally(TestNG.java:1208)
	at org.testng.TestNG.runSuites(TestNG.java:1112)
	at org.testng.TestNG.run(TestNG.java:1079)
	at org.testng.remote.AbstractRemoteTestNG.run(AbstractRemoteTestNG.java:115)
	at org.testng.remote.RemoteTestNG.initAndRun(RemoteTestNG.java:293)
	at org.testng.remote.RemoteTestNG.main(RemoteTestNG.java:91)

</div> <!-- stack-trace -->
                </div> <!-- method-content -->
              </div> <!-- method -->
              <div class="method">
                <div class="method-content">
                  <a name="SquaresofaSorted(tryEditorCode, 1, SyntaxError)">
                  </a> <!-- SquaresofaSorted(tryEditorCode, 1, SyntaxError) -->
                  <span class="method-name">SquaresofaSorted</span>
                  <span class="parameters">(tryEditorCode,1,SyntaxError)</span>
                  <div class="stack-trace">java.lang.AssertionError: expected [SyntaxError] but found []
	at org.testng.Assert.fail(Assert.java:111)
	at org.testng.Assert.failNotEquals(Assert.java:1590)
	at org.testng.Assert.assertEqualsImpl(Assert.java:150)
	at org.testng.Assert.assertEquals(Assert.java:132)
	at org.testng.Assert.assertEquals(Assert.java:656)
	at org.testng.Assert.assertEquals(Assert.java:666)
	at testClasses.ArrayTests.SquaresofaSorted(ArrayTests.java:245)
	at java.base/jdk.internal.reflect.DirectMethodHandleAccessor.invoke(DirectMethodHandleAccessor.java:104)
	at java.base/java.lang.reflect.Method.invoke(Method.java:565)
	at org.testng.internal.invokers.MethodInvocationHelper.invokeMethod(MethodInvocationHelper.java:141)
	at org.testng.internal.invokers.TestInvoker.invokeMethod(TestInvoker.java:687)
	at org.testng.internal.invokers.TestInvoker.invokeTestMethod(TestInvoker.java:230)
	at org.testng.internal.invokers.MethodRunner.runInSequence(MethodRunner.java:63)
	at org.testng.internal.invokers.TestInvoker$MethodInvocationAgent.invoke(TestInvoker.java:995)
	at org.testng.internal.invokers.TestInvoker.invokeTestMethods(TestInvoker.java:203)
	at org.testng.internal.invokers.TestMethodWorker.invokeTestMethods(TestMethodWorker.java:154)
	at org.testng.internal.invokers.TestMethodWorker.run(TestMethodWorker.java:134)
	at java.base/java.util.ArrayList.forEach(ArrayList.java:1604)
	at org.testng.TestRunner.privateRun(TestRunner.java:741)
	at org.testng.TestRunner.run(TestRunner.java:616)
	at org.testng.SuiteRunner.runTest(SuiteRunner.java:421)
	at org.testng.SuiteRunner.runSequentially(SuiteRunner.java:413)
	at org.testng.SuiteRunner.privateRun(SuiteRunner.java:373)
	at org.testng.SuiteRunner.run(SuiteRunner.java:312)
	at org.testng.SuiteRunnerWorker.runSuite(SuiteRunnerWorker.java:52)
	at org.testng.SuiteRunnerWorker.run(SuiteRunnerWorker.java:95)
	at org.testng.TestNG.runSuitesSequentially(TestNG.java:1274)
	at org.testng.TestNG.runSuitesLocally(TestNG.java:1208)
	at org.testng.TestNG.runSuites(TestNG.java:1112)
	at org.testng.TestNG.run(TestNG.java:1079)
	at org.testng.remote.AbstractRemoteTestNG.run(AbstractRemoteTestNG.java:115)
	at org.testng.remote.RemoteTestNG.initAndRun(RemoteTestNG.java:293)
	at org.testng.remote.RemoteTestNG.main(RemoteTestNG.java:91)

</div> <!-- stack-trace -->
                </div> <!-- method-content -->
              </div> <!-- method -->
              <div class="method">
                <div class="method-content">
                  <a name="SquaresofaSorted1(tryEditorCode, 0, Python is fun!)">
                  </a> <!-- SquaresofaSorted1(tryEditorCode, 0, Python is fun!) -->
                  <span class="method-name">SquaresofaSorted1</span>
                  <span class="parameters">(tryEditorCode,0,Python is fun!)</span>
                  <div class="stack-trace">java.lang.AssertionError: expected [true] but found [false]
	at org.testng.Assert.fail(Assert.java:111)
	at org.testng.Assert.failNotEquals(Assert.java:1590)
	at org.testng.Assert.assertTrue(Assert.java:57)
	at org.testng.Assert.assertTrue(Assert.java:67)
	at testClasses.ArrayTests.SquaresofaSorted1(ArrayTests.java:254)
	at java.base/jdk.internal.reflect.DirectMethodHandleAccessor.invoke(DirectMethodHandleAccessor.java:104)
	at java.base/java.lang.reflect.Method.invoke(Method.java:565)
	at org.testng.internal.invokers.MethodInvocationHelper.invokeMethod(MethodInvocationHelper.java:141)
	at org.testng.internal.invokers.TestInvoker.invokeMethod(TestInvoker.java:687)
	at org.testng.internal.invokers.TestInvoker.invokeTestMethod(TestInvoker.java:230)
	at org.testng.internal.invokers.MethodRunner.runInSequence(MethodRunner.java:63)
	at org.testng.internal.invokers.TestInvoker$MethodInvocationAgent.invoke(TestInvoker.java:995)
	at org.testng.internal.invokers.TestInvoker.invokeTestMethods(TestInvoker.java:203)
	at org.testng.internal.invokers.TestMethodWorker.invokeTestMethods(TestMethodWorker.java:154)
	at org.testng.internal.invokers.TestMethodWorker.run(TestMethodWorker.java:134)
	at java.base/java.util.ArrayList.forEach(ArrayList.java:1604)
	at org.testng.TestRunner.privateRun(TestRunner.java:741)
	at org.testng.TestRunner.run(TestRunner.java:616)
	at org.testng.SuiteRunner.runTest(SuiteRunner.java:421)
	at org.testng.SuiteRunner.runSequentially(SuiteRunner.java:413)
	at org.testng.SuiteRunner.privateRun(SuiteRunner.java:373)
	at org.testng.SuiteRunner.run(SuiteRunner.java:312)
	at org.testng.SuiteRunnerWorker.runSuite(SuiteRunnerWorker.java:52)
	at org.testng.SuiteRunnerWorker.run(SuiteRunnerWorker.java:95)
	at org.testng.TestNG.runSuitesSequentially(TestNG.java:1274)
	at org.testng.TestNG.runSuitesLocally(TestNG.java:1208)
	at org.testng.TestNG.runSuites(TestNG.java:1112)
	at org.testng.TestNG.run(TestNG.java:1079)
	at org.testng.remote.AbstractRemoteTestNG.run(AbstractRemoteTestNG.java:115)
	at org.testng.remote.RemoteTestNG.initAndRun(RemoteTestNG.java:293)
	at org.testng.remote.RemoteTestNG.main(RemoteTestNG.java:91)

</div> <!-- stack-trace -->
                </div> <!-- method-content -->
              </div> <!-- method -->
            </div> <!-- main-panel-content rounded-window-bottom -->
          </div> <!-- suite-Default_suite-class-failed -->
          <div class="suite-Default_suite-class-passed">
            <div class="main-panel-header rounded-window-top">
              <img src="passed.png"/>
              <span class="class-name">testClasses.ArrayTests</span>
            </div> <!-- main-panel-header rounded-window-top -->
            <div class="main-panel-content rounded-window-bottom">
              <div class="method">
                <div class="method-content">
                  <a name="ApplicationsofArray(tryEditorCode, 0, Python is fun!)">
                  </a> <!-- ApplicationsofArray(tryEditorCode, 0, Python is fun!) -->
                  <span class="method-name">ApplicationsofArray</span>
                  <span class="parameters">(tryEditorCode,0,Python is fun!)</span>
                </div> <!-- method-content -->
              </div> <!-- method -->
              <div class="method">
                <div class="method-content">
                  <a name="ApplicationsofArray1(tryEditorCode, 1, SyntaxError)">
                  </a> <!-- ApplicationsofArray1(tryEditorCode, 1, SyntaxError) -->
                  <span class="method-name">ApplicationsofArray1</span>
                  <span class="parameters">(tryEditorCode,1,SyntaxError)</span>
                </div> <!-- method-content -->
              </div> <!-- method -->
              <div class="method">
                <div class="method-content">
                  <a name="ArraysUsingList(tryEditorCode, 0, Python is fun!)">
                  </a> <!-- ArraysUsingList(tryEditorCode, 0, Python is fun!) -->
                  <span class="method-name">ArraysUsingList</span>
                  <span class="parameters">(tryEditorCode,0,Python is fun!)</span>
                </div> <!-- method-content -->
              </div> <!-- method -->
              <div class="method">
                <div class="method-content">
                  <a name="ArraysUsingList1(tryEditorCode, 1, SyntaxError)">
                  </a> <!-- ArraysUsingList1(tryEditorCode, 1, SyntaxError) -->
                  <span class="method-name">ArraysUsingList1</span>
                  <span class="parameters">(tryEditorCode,1,SyntaxError)</span>
                </div> <!-- method-content -->
              </div> <!-- method -->
              <div class="method">
                <div class="method-content">
                  <a name="ArraysinPython(tryEditorCode, 0, Python is fun!)">
                  </a> <!-- ArraysinPython(tryEditorCode, 0, Python is fun!) -->
                  <span class="method-name">ArraysinPython</span>
                  <span class="parameters">(tryEditorCode,0,Python is fun!)</span>
                </div> <!-- method-content -->
              </div> <!-- method -->
              <div class="method">
                <div class="method-content">
                  <a name="ArraysinPython1(tryEditorCode, 1, SyntaxError)">
                  </a> <!-- ArraysinPython1(tryEditorCode, 1, SyntaxError) -->
                  <span class="method-name">ArraysinPython1</span>
                  <span class="parameters">(tryEditorCode,1,SyntaxError)</span>
                </div> <!-- method-content -->
              </div> <!-- method -->
              <div class="method">
                <div class="method-content">
                  <a name="BasicOperationsinLists(tryEditorCode, 0, Python is fun!)">
                  </a> <!-- BasicOperationsinLists(tryEditorCode, 0, Python is fun!) -->
                  <span class="method-name">BasicOperationsinLists</span>
                  <span class="parameters">(tryEditorCode,0,Python is fun!)</span>
                </div> <!-- method-content -->
              </div> <!-- method -->
              <div class="method">
                <div class="method-content">
                  <a name="BasicOperationsinLists1(tryEditorCode, 1, SyntaxError)">
                  </a> <!-- BasicOperationsinLists1(tryEditorCode, 1, SyntaxError) -->
                  <span class="method-name">BasicOperationsinLists1</span>
                  <span class="parameters">(tryEditorCode,1,SyntaxError)</span>
                </div> <!-- method-content -->
              </div> <!-- method -->
              <div class="method">
                <div class="method-content">
                  <a name="SquaresofaSorted(tryEditorCode, 0, Python is fun!)">
                  </a> <!-- SquaresofaSorted(tryEditorCode, 0, Python is fun!) -->
                  <span class="method-name">SquaresofaSorted</span>
                  <span class="parameters">(tryEditorCode,0,Python is fun!)</span>
                </div> <!-- method-content -->
              </div> <!-- method -->
              <div class="method">
                <div class="method-content">
                  <a name="SquaresofaSorted1(tryEditorCode, 1, SyntaxError)">
                  </a> <!-- SquaresofaSorted1(tryEditorCode, 1, SyntaxError) -->
                  <span class="method-name">SquaresofaSorted1</span>
                  <span class="parameters">(tryEditorCode,1,SyntaxError)</span>
                </div> <!-- method-content -->
              </div> <!-- method -->
            </div> <!-- main-panel-content rounded-window-bottom -->
          </div> <!-- suite-Default_suite-class-passed -->
        </div> <!-- panel Default_suite -->
        <div panel-name="test-xml-Default_suite" class="panel">
          <div class="main-panel-header rounded-window-top">
            <span class="header-content">/private/var/folders/49/t7zfzxpj60s905gxqmsknjg40000gn/T/testng-eclipse--140013440/testng-customsuite.xml</span>
          </div> <!-- main-panel-header rounded-window-top -->
          <div class="main-panel-content rounded-window-bottom">
            <pre>
&lt;?xml version=&quot;1.0&quot; encoding=&quot;UTF-8&quot;?&gt;
&lt;!DOCTYPE suite SYSTEM &quot;https://testng.org/testng-1.0.dtd&quot;&gt;
&lt;suite name=&quot;Default suite&quot; guice-stage=&quot;DEVELOPMENT&quot;&gt;
  &lt;test thread-count=&quot;5&quot; name=&quot;Default test&quot; verbose=&quot;2&quot;&gt;
    &lt;classes&gt;
      &lt;class name=&quot;testClasses.ArrayTests&quot;/&gt;
    &lt;/classes&gt;
  &lt;/test&gt; &lt;!-- Default test --&gt;
&lt;/suite&gt; &lt;!-- Default suite --&gt;
            </pre>
          </div> <!-- main-panel-content rounded-window-bottom -->
        </div> <!-- panel -->
        <div panel-name="testlist-Default_suite" class="panel">
          <div class="main-panel-header rounded-window-top">
            <span class="header-content">Tests for Default suite</span>
          </div> <!-- main-panel-header rounded-window-top -->
          <div class="main-panel-content rounded-window-bottom">
            <ul>
              <li>
                <span class="test-name">Default test (1 class)</span>
              </li>
            </ul>
          </div> <!-- main-panel-content rounded-window-bottom -->
        </div> <!-- panel -->
        <div panel-name="group-Default_suite" class="panel">
          <div class="main-panel-header rounded-window-top">
            <span class="header-content">Groups for Default suite</span>
          </div> <!-- main-panel-header rounded-window-top -->
          <div class="main-panel-content rounded-window-bottom">
          </div> <!-- main-panel-content rounded-window-bottom -->
        </div> <!-- panel -->
        <div panel-name="times-Default_suite" class="panel">
          <div class="main-panel-header rounded-window-top">
            <span class="header-content">Times for Default suite</span>
          </div> <!-- main-panel-header rounded-window-top -->
          <div class="main-panel-content rounded-window-bottom">
            <div class="times-div">
              <script type="text/javascript">
suiteTableInitFunctions.push('tableData_Default_suite');
function tableData_Default_suite() {
var data = new google.visualization.DataTable();
data.addColumn('number', 'Number');
data.addColumn('string', 'Method');
data.addColumn('string', 'Class');
data.addColumn('number', 'Time (ms)');
data.addRows(36);
data.setCell(0, 0, 0)
data.setCell(0, 1, 'ArraysinPython1')
data.setCell(0, 2, 'testClasses.ArrayTests')
data.setCell(0, 3, 16548);
data.setCell(1, 0, 1)
data.setCell(1, 1, 'SearchTheArray1')
data.setCell(1, 2, 'testClasses.ArrayTests')
data.setCell(1, 3, 16244);
data.setCell(2, 0, 2)
data.setCell(2, 1, 'BasicOperationsinLists1')
data.setCell(2, 2, 'testClasses.ArrayTests')
data.setCell(2, 3, 11485);
data.setCell(3, 0, 3)
data.setCell(3, 1, 'EvenNumberOfDigits1')
data.setCell(3, 2, 'testClasses.ArrayTests')
data.setCell(3, 3, 11276);
data.setCell(4, 0, 4)
data.setCell(4, 1, 'SquaresofaSorted1')
data.setCell(4, 2, 'testClasses.ArrayTests')
data.setCell(4, 3, 11246);
data.setCell(5, 0, 5)
data.setCell(5, 1, 'MaxConsecutiveOnes1')
data.setCell(5, 2, 'testClasses.ArrayTests')
data.setCell(5, 3, 11232);
data.setCell(6, 0, 6)
data.setCell(6, 1, 'ArraysUsingList1')
data.setCell(6, 2, 'testClasses.ArrayTests')
data.setCell(6, 3, 11133);
data.setCell(7, 0, 7)
data.setCell(7, 1, 'ApplicationsofArray1')
data.setCell(7, 2, 'testClasses.ArrayTests')
data.setCell(7, 3, 11064);
data.setCell(8, 0, 8)
data.setCell(8, 1, 'SquaresofaSorted1')
data.setCell(8, 2, 'testClasses.ArrayTests')
data.setCell(8, 3, 6232);
data.setCell(9, 0, 9)
data.setCell(9, 1, 'SquaresofaSorted')
data.setCell(9, 2, 'testClasses.ArrayTests')
data.setCell(9, 3, 6185);
data.setCell(10, 0, 10)
data.setCell(10, 1, 'MaxConsecutiveOnes1')
data.setCell(10, 2, 'testClasses.ArrayTests')
data.setCell(10, 3, 6166);
data.setCell(11, 0, 11)
data.setCell(11, 1, 'EvenNumberOfDigits1')
data.setCell(11, 2, 'testClasses.ArrayTests')
data.setCell(11, 3, 6164);
data.setCell(12, 0, 12)
data.setCell(12, 1, 'BasicOperationsinLists1')
data.setCell(12, 2, 'testClasses.ArrayTests')
data.setCell(12, 3, 6114);
data.setCell(13, 0, 13)
data.setCell(13, 1, 'MaxConsecutiveOnes')
data.setCell(13, 2, 'testClasses.ArrayTests')
data.setCell(13, 3, 6056);
data.setCell(14, 0, 14)
data.setCell(14, 1, 'EvenNumberOfDigits')
data.setCell(14, 2, 'testClasses.ArrayTests')
data.setCell(14, 3, 5991);
data.setCell(15, 0, 15)
data.setCell(15, 1, 'ArraysUsingList1')
data.setCell(15, 2, 'testClasses.ArrayTests')
data.setCell(15, 3, 5957);
data.setCell(16, 0, 16)
data.setCell(16, 1, 'ArraysinPython1')
data.setCell(16, 2, 'testClasses.ArrayTests')
data.setCell(16, 3, 5946);
data.setCell(17, 0, 17)
data.setCell(17, 1, 'ApplicationsofArray1')
data.setCell(17, 2, 'testClasses.ArrayTests')
data.setCell(17, 3, 5925);
data.setCell(18, 0, 18)
data.setCell(18, 1, 'ArraysinPython')
data.setCell(18, 2, 'testClasses.ArrayTests')
data.setCell(18, 3, 2458);
data.setCell(19, 0, 19)
data.setCell(19, 1, 'SearchTheArray')
data.setCell(19, 2, 'testClasses.ArrayTests')
data.setCell(19, 3, 1189);
data.setCell(20, 0, 20)
data.setCell(20, 1, 'SearchTheArray')
data.setCell(20, 2, 'testClasses.ArrayTests')
data.setCell(20, 3, 1171);
data.setCell(21, 0, 21)
data.setCell(21, 1, 'SearchTheArray1')
data.setCell(21, 2, 'testClasses.ArrayTests')
data.setCell(21, 3, 1163);
data.setCell(22, 0, 22)
data.setCell(22, 1, 'SquaresofaSorted')
data.setCell(22, 2, 'testClasses.ArrayTests')
data.setCell(22, 3, 1132);
data.setCell(23, 0, 23)
data.setCell(23, 1, 'ApplicationsofArray')
data.setCell(23, 2, 'testClasses.ArrayTests')
data.setCell(23, 3, 1075);
data.setCell(24, 0, 24)
data.setCell(24, 1, 'MaxConsecutiveOnes')
data.setCell(24, 2, 'testClasses.ArrayTests')
data.setCell(24, 3, 1054);
data.setCell(25, 0, 25)
data.setCell(25, 1, 'ApplicationsofArray')
data.setCell(25, 2, 'testClasses.ArrayTests')
data.setCell(25, 3, 1046);
data.setCell(26, 0, 26)
data.setCell(26, 1, 'ArraysUsingList')
data.setCell(26, 2, 'testClasses.ArrayTests')
data.setCell(26, 3, 1032);
data.setCell(27, 0, 27)
data.setCell(27, 1, 'BasicOperationsinLists')
data.setCell(27, 2, 'testClasses.ArrayTests')
data.setCell(27, 3, 1025);
data.setCell(28, 0, 28)
data.setCell(28, 1, 'ArraysinPython')
data.setCell(28, 2, 'testClasses.ArrayTests')
data.setCell(28, 3, 1020);
data.setCell(29, 0, 29)
data.setCell(29, 1, 'EvenNumberOfDigits')
data.setCell(29, 2, 'testClasses.ArrayTests')
data.setCell(29, 3, 1005);
data.setCell(30, 0, 30)
data.setCell(30, 1, 'EvenNumberOfDigits')
data.setCell(30, 2, 'testClasses.ArrayTests')
data.setCell(30, 3, 1003);
data.setCell(31, 0, 31)
data.setCell(31, 1, 'EvenNumberOfDigits')
data.setCell(31, 2, 'testClasses.ArrayTests')
data.setCell(31, 3, 994);
data.setCell(32, 0, 32)
data.setCell(32, 1, 'MaxConsecutiveOnes')
data.setCell(32, 2, 'testClasses.ArrayTests')
data.setCell(32, 3, 958);
data.setCell(33, 0, 33)
data.setCell(33, 1, 'MaxConsecutiveOnes')
data.setCell(33, 2, 'testClasses.ArrayTests')
data.setCell(33, 3, 945);
data.setCell(34, 0, 34)
data.setCell(34, 1, 'BasicOperationsinLists')
data.setCell(34, 2, 'testClasses.ArrayTests')
data.setCell(34, 3, 933);
data.setCell(35, 0, 35)
data.setCell(35, 1, 'ArraysUsingList')
data.setCell(35, 2, 'testClasses.ArrayTests')
data.setCell(35, 3, 906);
window.suiteTableData['Default_suite']= { tableData: data, tableDiv: 'times-div-Default_suite'}
return data;
}
              </script>
              <span class="suite-total-time">Total running time: 3 minutes</span>
              <div id="times-div-Default_suite">
              </div> <!-- times-div-Default_suite -->
            </div> <!-- times-div -->
          </div> <!-- main-panel-content rounded-window-bottom -->
        </div> <!-- panel -->
        <div panel-name="reporter-Default_suite" class="panel">
          <div class="main-panel-header rounded-window-top">
            <span class="header-content">Reporter output for Default suite</span>
          </div> <!-- main-panel-header rounded-window-top -->
          <div class="main-panel-content rounded-window-bottom">
          </div> <!-- main-panel-content rounded-window-bottom -->
        </div> <!-- panel -->
        <div panel-name="ignored-methods-Default_suite" class="panel">
          <div class="main-panel-header rounded-window-top">
            <span class="header-content">0 ignored methods</span>
          </div> <!-- main-panel-header rounded-window-top -->
          <div class="main-panel-content rounded-window-bottom">
          </div> <!-- main-panel-content rounded-window-bottom -->
        </div> <!-- panel -->
        <div panel-name="chronological-Default_suite" class="panel">
          <div class="main-panel-header rounded-window-top">
            <span class="header-content">Methods in chronological order</span>
          </div> <!-- main-panel-header rounded-window-top -->
          <div class="main-panel-content rounded-window-bottom">
            <div class="chronological-class">
              <div class="chronological-class-name">testClasses.ArrayTests</div> <!-- chronological-class-name -->
              <div class="configuration-suite before">
                <span class="method-name">SetUp</span>
                <span class="method-start">0 ms</span>
              </div> <!-- configuration-suite before -->
              <div class="configuration-class before">
                <span class="method-name">setUpOnce</span>
                <span class="method-start">3560 ms</span>
              </div> <!-- configuration-class before -->
              <div class="configuration-method before">
                <span class="method-name">resetToHomeBeforeTest</span>
                <span class="method-start">11091 ms</span>
              </div> <!-- configuration-method before -->
              <div class="test-method">
                <span class="method-name">ArraysinPython(tryEditorCode, 0, Python is fun!)</span>
                <span class="method-start">11520 ms</span>
              </div> <!-- test-method -->
              <div class="configuration-method before">
                <span class="method-name">resetToHomeBeforeTest</span>
                <span class="method-start">13993 ms</span>
              </div> <!-- configuration-method before -->
              <div class="test-method">
                <img src="failed.png">
                </img>
                <span class="method-name">ArraysinPython(tryEditorCode, 1, SyntaxError)</span>
                <span class="method-start">14312 ms</span>
              </div> <!-- test-method -->
              <div class="configuration-method before">
                <span class="method-name">resetToHomeBeforeTest</span>
                <span class="method-start">15345 ms</span>
              </div> <!-- configuration-method before -->
              <div class="test-method">
                <img src="failed.png">
                </img>
                <span class="method-name">ArraysinPython1(tryEditorCode, 0, Python is fun!)</span>
                <span class="method-start">15739 ms</span>
              </div> <!-- test-method -->
              <div class="configuration-method before">
                <span class="method-name">resetToHomeBeforeTest</span>
                <span class="method-start">32290 ms</span>
              </div> <!-- configuration-method before -->
              <div class="test-method">
                <span class="method-name">ArraysinPython1(tryEditorCode, 1, SyntaxError)</span>
                <span class="method-start">32656 ms</span>
              </div> <!-- test-method -->
              <div class="configuration-method before">
                <span class="method-name">resetToHomeBeforeTest</span>
                <span class="method-start">38605 ms</span>
              </div> <!-- configuration-method before -->
              <div class="test-method">
                <span class="method-name">ArraysUsingList(tryEditorCode, 0, Python is fun!)</span>
                <span class="method-start">39028 ms</span>
              </div> <!-- test-method -->
              <div class="configuration-method before">
                <span class="method-name">resetToHomeBeforeTest</span>
                <span class="method-start">40064 ms</span>
              </div> <!-- configuration-method before -->
              <div class="test-method">
                <img src="failed.png">
                </img>
                <span class="method-name">ArraysUsingList(tryEditorCode, 1, SyntaxError)</span>
                <span class="method-start">40383 ms</span>
              </div> <!-- test-method -->
              <div class="configuration-method before">
                <span class="method-name">resetToHomeBeforeTest</span>
                <span class="method-start">41296 ms</span>
              </div> <!-- configuration-method before -->
              <div class="test-method">
                <img src="failed.png">
                </img>
                <span class="method-name">ArraysUsingList1(tryEditorCode, 0, Python is fun!)</span>
                <span class="method-start">41697 ms</span>
              </div> <!-- test-method -->
              <div class="configuration-method before">
                <span class="method-name">resetToHomeBeforeTest</span>
                <span class="method-start">52834 ms</span>
              </div> <!-- configuration-method before -->
              <div class="test-method">
                <span class="method-name">ArraysUsingList1(tryEditorCode, 1, SyntaxError)</span>
                <span class="method-start">53154 ms</span>
              </div> <!-- test-method -->
              <div class="configuration-method before">
                <span class="method-name">resetToHomeBeforeTest</span>
                <span class="method-start">59115 ms</span>
              </div> <!-- configuration-method before -->
              <div class="test-method">
                <span class="method-name">BasicOperationsinLists(tryEditorCode, 0, Python is fun!)</span>
                <span class="method-start">59513 ms</span>
              </div> <!-- test-method -->
              <div class="configuration-method before">
                <span class="method-name">resetToHomeBeforeTest</span>
                <span class="method-start">60541 ms</span>
              </div> <!-- configuration-method before -->
              <div class="test-method">
                <img src="failed.png">
                </img>
                <span class="method-name">BasicOperationsinLists(tryEditorCode, 1, SyntaxError)</span>
                <span class="method-start">60846 ms</span>
              </div> <!-- test-method -->
              <div class="configuration-method before">
                <span class="method-name">resetToHomeBeforeTest</span>
                <span class="method-start">61783 ms</span>
              </div> <!-- configuration-method before -->
              <div class="test-method">
                <img src="failed.png">
                </img>
                <span class="method-name">BasicOperationsinLists1(tryEditorCode, 0, Python is fun!)</span>
                <span class="method-start">62196 ms</span>
              </div> <!-- test-method -->
              <div class="configuration-method before">
                <span class="method-name">resetToHomeBeforeTest</span>
                <span class="method-start">73685 ms</span>
              </div> <!-- configuration-method before -->
              <div class="test-method">
                <span class="method-name">BasicOperationsinLists1(tryEditorCode, 1, SyntaxError)</span>
                <span class="method-start">74102 ms</span>
              </div> <!-- test-method -->
              <div class="configuration-method before">
                <span class="method-name">resetToHomeBeforeTest</span>
                <span class="method-start">80221 ms</span>
              </div> <!-- configuration-method before -->
              <div class="test-method">
                <span class="method-name">ApplicationsofArray(tryEditorCode, 0, Python is fun!)</span>
                <span class="method-start">80669 ms</span>
              </div> <!-- test-method -->
              <div class="configuration-method before">
                <span class="method-name">resetToHomeBeforeTest</span>
                <span class="method-start">81719 ms</span>
              </div> <!-- configuration-method before -->
              <div class="test-method">
                <img src="failed.png">
                </img>
                <span class="method-name">ApplicationsofArray(tryEditorCode, 1, SyntaxError)</span>
                <span class="method-start">82039 ms</span>
              </div> <!-- test-method -->
              <div class="configuration-method before">
                <span class="method-name">resetToHomeBeforeTest</span>
                <span class="method-start">83119 ms</span>
              </div> <!-- configuration-method before -->
              <div class="test-method">
                <img src="failed.png">
                </img>
                <span class="method-name">ApplicationsofArray1(tryEditorCode, 0, Python is fun!)</span>
                <span class="method-start">83569 ms</span>
              </div> <!-- test-method -->
              <div class="configuration-method before">
                <span class="method-name">resetToHomeBeforeTest</span>
                <span class="method-start">94636 ms</span>
              </div> <!-- configuration-method before -->
              <div class="test-method">
                <span class="method-name">ApplicationsofArray1(tryEditorCode, 1, SyntaxError)</span>
                <span class="method-start">94981 ms</span>
              </div> <!-- test-method -->
              <div class="configuration-method before">
                <span class="method-name">resetToHomeBeforeTest</span>
                <span class="method-start">100911 ms</span>
              </div> <!-- configuration-method before -->
              <div class="test-method">
                <img src="failed.png">
                </img>
                <span class="method-name">SearchTheArray(ArrayPracticeQnsQ1, 1, Element Found)</span>
                <span class="method-start">101323 ms</span>
              </div> <!-- test-method -->
              <div class="configuration-method before">
                <span class="method-name">resetToHomeBeforeTest</span>
                <span class="method-start">102498 ms</span>
              </div> <!-- configuration-method before -->
              <div class="test-method">
                <img src="failed.png">
                </img>
                <span class="method-name">SearchTheArray(ArrayPracticeQnsQ1, 0, Element not Found)</span>
                <span class="method-start">102912 ms</span>
              </div> <!-- test-method -->
              <div class="configuration-method before">
                <span class="method-name">resetToHomeBeforeTest</span>
                <span class="method-start">104107 ms</span>
              </div> <!-- configuration-method before -->
              <div class="test-method">
                <img src="failed.png">
                </img>
                <span class="method-name">SearchTheArray1(ArrayPracticeQnsQ1, 1, Element Found)</span>
                <span class="method-start">104433 ms</span>
              </div> <!-- test-method -->
              <div class="configuration-method before">
                <span class="method-name">resetToHomeBeforeTest</span>
                <span class="method-start">105599 ms</span>
              </div> <!-- configuration-method before -->
              <div class="test-method">
                <img src="failed.png">
                </img>
                <span class="method-name">SearchTheArray1(ArrayPracticeQnsQ1, 0, Element not Found)</span>
                <span class="method-start">106035 ms</span>
              </div> <!-- test-method -->
              <div class="configuration-method before">
                <span class="method-name">resetToHomeBeforeTest</span>
                <span class="method-start">122282 ms</span>
              </div> <!-- configuration-method before -->
              <div class="test-method">
                <img src="failed.png">
                </img>
                <span class="method-name">MaxConsecutiveOnes(pythonCode, 0, Even number)</span>
                <span class="method-start">122642 ms</span>
              </div> <!-- test-method -->
              <div class="configuration-method before">
                <span class="method-name">resetToHomeBeforeTest</span>
                <span class="method-start">128702 ms</span>
              </div> <!-- configuration-method before -->
              <div class="test-method">
                <img src="failed.png">
                </img>
                <span class="method-name">MaxConsecutiveOnes(pythonCode, 1, SyntaxError)</span>
                <span class="method-start">129065 ms</span>
              </div> <!-- test-method -->
              <div class="configuration-method before">
                <span class="method-name">resetToHomeBeforeTest</span>
                <span class="method-start">130026 ms</span>
              </div> <!-- configuration-method before -->
              <div class="test-method">
                <img src="failed.png">
                </img>
                <span class="method-name">MaxConsecutiveOnes(pythonCode, 2, MaxConsecutive Ones)</span>
                <span class="method-start">130341 ms</span>
              </div> <!-- test-method -->
              <div class="configuration-method before">
                <span class="method-name">resetToHomeBeforeTest</span>
                <span class="method-start">131399 ms</span>
              </div> <!-- configuration-method before -->
              <div class="test-method">
                <img src="failed.png">
                </img>
                <span class="method-name">MaxConsecutiveOnes(pythonCode, 3, SyntaxError)</span>
                <span class="method-start">131754 ms</span>
              </div> <!-- test-method -->
              <div class="configuration-method before">
                <span class="method-name">resetToHomeBeforeTest</span>
                <span class="method-start">132704 ms</span>
              </div> <!-- configuration-method before -->
              <div class="test-method">
                <img src="failed.png">
                </img>
                <span class="method-name">MaxConsecutiveOnes1(ArrayPracticeQnsQ1, 1, Element Found)</span>
                <span class="method-start">133025 ms</span>
              </div> <!-- test-method -->
              <div class="configuration-method before">
                <span class="method-name">resetToHomeBeforeTest</span>
                <span class="method-start">139194 ms</span>
              </div> <!-- configuration-method before -->
              <div class="test-method">
                <img src="failed.png">
                </img>
                <span class="method-name">MaxConsecutiveOnes1(ArrayPracticeQnsQ1, 0, Element not Found)</span>
                <span class="method-start">139666 ms</span>
              </div> <!-- test-method -->
              <div class="configuration-method before">
                <span class="method-name">resetToHomeBeforeTest</span>
                <span class="method-start">150901 ms</span>
              </div> <!-- configuration-method before -->
              <div class="test-method">
                <img src="failed.png">
                </img>
                <span class="method-name">EvenNumberOfDigits(pythonCode, 0, Even number)</span>
                <span class="method-start">151285 ms</span>
              </div> <!-- test-method -->
              <div class="configuration-method before">
                <span class="method-name">resetToHomeBeforeTest</span>
                <span class="method-start">157279 ms</span>
              </div> <!-- configuration-method before -->
              <div class="test-method">
                <img src="failed.png">
                </img>
                <span class="method-name">EvenNumberOfDigits(pythonCode, 1, SyntaxError)</span>
                <span class="method-start">157590 ms</span>
              </div> <!-- test-method -->
              <div class="configuration-method before">
                <span class="method-name">resetToHomeBeforeTest</span>
                <span class="method-start">158599 ms</span>
              </div> <!-- configuration-method before -->
              <div class="test-method">
                <img src="failed.png">
                </img>
                <span class="method-name">EvenNumberOfDigits(pythonCode, 2, MaxConsecutive Ones)</span>
                <span class="method-start">158955 ms</span>
              </div> <!-- test-method -->
              <div class="configuration-method before">
                <span class="method-name">resetToHomeBeforeTest</span>
                <span class="method-start">159955 ms</span>
              </div> <!-- configuration-method before -->
              <div class="test-method">
                <img src="failed.png">
                </img>
                <span class="method-name">EvenNumberOfDigits(pythonCode, 3, SyntaxError)</span>
                <span class="method-start">160283 ms</span>
              </div> <!-- test-method -->
              <div class="configuration-method before">
                <span class="method-name">resetToHomeBeforeTest</span>
                <span class="method-start">161291 ms</span>
              </div> <!-- configuration-method before -->
              <div class="test-method">
                <img src="failed.png">
                </img>
                <span class="method-name">EvenNumberOfDigits1(ArrayPracticeQnsQ1, 1, Element Found)</span>
                <span class="method-start">161634 ms</span>
              </div> <!-- test-method -->
              <div class="configuration-method before">
                <span class="method-name">resetToHomeBeforeTest</span>
                <span class="method-start">167802 ms</span>
              </div> <!-- configuration-method before -->
              <div class="test-method">
                <img src="failed.png">
                </img>
                <span class="method-name">EvenNumberOfDigits1(ArrayPracticeQnsQ1, 0, Element not Found)</span>
                <span class="method-start">168232 ms</span>
              </div> <!-- test-method -->
              <div class="configuration-method before">
                <span class="method-name">resetToHomeBeforeTest</span>
                <span class="method-start">179511 ms</span>
              </div> <!-- configuration-method before -->
              <div class="test-method">
                <span class="method-name">SquaresofaSorted(tryEditorCode, 0, Python is fun!)</span>
                <span class="method-start">179826 ms</span>
              </div> <!-- test-method -->
              <div class="configuration-method before">
                <span class="method-name">resetToHomeBeforeTest</span>
                <span class="method-start">186013 ms</span>
              </div> <!-- configuration-method before -->
              <div class="test-method">
                <img src="failed.png">
                </img>
                <span class="method-name">SquaresofaSorted(tryEditorCode, 1, SyntaxError)</span>
                <span class="method-start">186344 ms</span>
              </div> <!-- test-method -->
              <div class="configuration-method before">
                <span class="method-name">resetToHomeBeforeTest</span>
                <span class="method-start">187482 ms</span>
              </div> <!-- configuration-method before -->
              <div class="test-method">
                <img src="failed.png">
                </img>
                <span class="method-name">SquaresofaSorted1(tryEditorCode, 0, Python is fun!)</span>
                <span class="method-start">187868 ms</span>
              </div> <!-- test-method -->
              <div class="configuration-method before">
                <span class="method-name">resetToHomeBeforeTest</span>
                <span class="method-start">199117 ms</span>
              </div> <!-- configuration-method before -->
              <div class="test-method">
                <span class="method-name">SquaresofaSorted1(tryEditorCode, 1, SyntaxError)</span>
                <span class="method-start">199467 ms</span>
              </div> <!-- test-method -->
              <div class="configuration-class after">
                <span class="method-name">tearDown</span>
                <span class="method-start">205704 ms</span>
              </div> <!-- configuration-class after -->
          </div> <!-- main-panel-content rounded-window-bottom -->
        </div> <!-- panel -->
      </div> <!-- main-panel-root -->
    </div> <!-- wrapper -->
  </body>
<script type="text/javascript" src="testng-reports2.js"></script>
</html>
