<?xml version="1.0" encoding="UTF-8"?>
<!-- Generated by org.testng.reporters.JUnitReportReporter -->
<testsuite hostname="Dineshs-MacBook-Pro.local" failures="0" tests="43" name="testClasses.LinkListTests" time="533.735" errors="1" timestamp="2025-05-19T14:39:18 EDT" skipped="0">
  <testcase classname="testClasses.LinkListTests" name="testUserSignIn" time="29.867">
    <error message="Expected condition failed: waiting for element to be clickable: Proxy element for: DefaultElementLocator &#039;By.xpath: //div[@class=&#039;navbar-nav&#039;]//a[@href=&#039;/login&#039;]&#039; (tried for 10 second(s) with 500 milliseconds interval)" type="org.openqa.selenium.TimeoutException">
      <![CDATA[org.openqa.selenium.TimeoutException: Expected condition failed: waiting for element to be clickable: Proxy element for: DefaultElementLocator 'By.xpath: //div[@class='navbar-nav']//a[@href='/login']' (tried for 10 second(s) with 500 milliseconds interval)
at org.openqa.selenium.support.ui.WebDriverWait.timeoutException(WebDriverWait.java:84)
at org.openqa.selenium.support.ui.FluentWait.until(FluentWait.java:228)
at dsAlgoPageObjects.HomePageObj.clickSignInLink(HomePageObj.java:186)
at testClasses.LinkListTests.testUserSignIn(LinkListTests.java:67)
at java.base/jdk.internal.reflect.DirectMethodHandleAccessor.invoke(DirectMethodHandleAccessor.java:103)
at java.base/java.lang.reflect.Method.invoke(Method.java:580)
at org.testng.internal.invokers.MethodInvocationHelper.invokeMethod(MethodInvocationHelper.java:141)
at org.testng.internal.invokers.TestInvoker.invokeMethod(TestInvoker.java:687)
at org.testng.internal.invokers.TestInvoker.invokeTestMethod(TestInvoker.java:230)
at org.testng.internal.invokers.MethodRunner.runInSequence(MethodRunner.java:63)
at org.testng.internal.invokers.TestInvoker$MethodInvocationAgent.invoke(TestInvoker.java:995)
at org.testng.internal.invokers.TestInvoker.invokeTestMethods(TestInvoker.java:203)
at org.testng.internal.invokers.TestMethodWorker.invokeTestMethods(TestMethodWorker.java:154)
at org.testng.internal.invokers.TestMethodWorker.run(TestMethodWorker.java:134)
at java.base/java.util.concurrent.Executors$RunnableAdapter.call(Executors.java:572)
at java.base/java.util.concurrent.FutureTask.run(FutureTask.java:317)
at org.testng.internal.thread.graph.TestNGFutureTask.run(TestNGFutureTask.java:22)
at java.base/java.util.concurrent.ThreadPoolExecutor.runWorker(ThreadPoolExecutor.java:1144)
at java.base/java.util.concurrent.ThreadPoolExecutor$Worker.run(ThreadPoolExecutor.java:642)
at java.base/java.lang.Thread.run(Thread.java:1575)
Caused by: org.openqa.selenium.NoSuchElementException: no such element: Unable to locate element: {"method":"xpath","selector":"//div[@class='navbar-nav']//a[@href='/login']"}
  (Session info: chrome=136.0.7103.114)
For documentation on this error, please visit: https://www.selenium.dev/documentation/webdriver/troubleshooting/errors#no-such-element-exception
Build info: version: '4.20.0', revision: '866c76ca80'
System info: os.name: 'Mac OS X', os.arch: 'x86_64', os.version: '15.1.1', java.version: '23.0.1'
Driver info: org.openqa.selenium.chrome.ChromeDriver
Command: [dc3d3676a27e2d7304a02d80b38f81f5, findElement {using=xpath, value=//div[@class='navbar-nav']//a[@href='/login']}]
Capabilities {acceptInsecureCerts: false, browserName: chrome, browserVersion: 136.0.7103.114, chrome: {chromedriverVersion: 136.0.7103.94 (fa0be0b33deb..., userDataDir: /var/folders/49/t7zfzxpj60s...}, fedcm:accounts: true, goog:chromeOptions: {debuggerAddress: localhost:60937}, networkConnectionEnabled: false, pageLoadStrategy: normal, platformName: mac, proxy: Proxy(), se:cdp: ws://localhost:60937/devtoo..., se:cdpVersion: 136.0.7103.114, setWindowRect: true, strictFileInteractability: false, timeouts: {implicit: 0, pageLoad: 300000, script: 30000}, unhandledPromptBehavior: dismiss and notify, webauthn:extension:credBlob: true, webauthn:extension:largeBlob: true, webauthn:extension:minPinLength: true, webauthn:extension:prf: true, webauthn:virtualAuthenticators: true}
Session ID: dc3d3676a27e2d7304a02d80b38f81f5
at java.base/jdk.internal.reflect.DirectConstructorHandleAccessor.newInstance(DirectConstructorHandleAccessor.java:62)
at java.base/java.lang.reflect.Constructor.newInstanceWithCaller(Constructor.java:501)
at java.base/java.lang.reflect.Constructor.newInstance(Constructor.java:485)
at org.openqa.selenium.remote.ErrorCodec.decode(ErrorCodec.java:167)
at org.openqa.selenium.remote.codec.w3c.W3CHttpResponseCodec.decode(W3CHttpResponseCodec.java:138)
at org.openqa.selenium.remote.codec.w3c.W3CHttpResponseCodec.decode(W3CHttpResponseCodec.java:50)
at org.openqa.selenium.remote.HttpCommandExecutor.execute(HttpCommandExecutor.java:190)
at org.openqa.selenium.remote.service.DriverCommandExecutor.invokeExecute(DriverCommandExecutor.java:216)
at org.openqa.selenium.remote.service.DriverCommandExecutor.execute(DriverCommandExecutor.java:174)
at org.openqa.selenium.remote.RemoteWebDriver.execute(RemoteWebDriver.java:518)
at org.openqa.selenium.remote.ElementLocation$ElementFinder$2.findElement(ElementLocation.java:165)
at org.openqa.selenium.remote.ElementLocation.findElement(ElementLocation.java:59)
at org.openqa.selenium.remote.RemoteWebDriver.findElement(RemoteWebDriver.java:355)
at org.openqa.selenium.remote.RemoteWebDriver.findElement(RemoteWebDriver.java:349)
at org.openqa.selenium.support.pagefactory.DefaultElementLocator.findElement(DefaultElementLocator.java:68)
at org.openqa.selenium.support.pagefactory.internal.LocatingElementHandler.invoke(LocatingElementHandler.java:38)
at jdk.proxy2/jdk.proxy2.$Proxy17.isDisplayed(Unknown Source)
at org.openqa.selenium.support.ui.ExpectedConditions.elementIfVisible(ExpectedConditions.java:304)
at org.openqa.selenium.support.ui.ExpectedConditions$10.apply(ExpectedConditions.java:290)
at org.openqa.selenium.support.ui.ExpectedConditions$10.apply(ExpectedConditions.java:287)
at org.openqa.selenium.support.ui.ExpectedConditions$23.apply(ExpectedConditions.java:656)
at org.openqa.selenium.support.ui.ExpectedConditions$23.apply(ExpectedConditions.java:652)
at org.openqa.selenium.support.ui.FluentWait.until(FluentWait.java:203)
... 18 more
]]>
    </error>
  </testcase> <!-- testUserSignIn -->
  <testcase classname="testClasses.LinkListTests" name="testNavigateToIntroductionPage" time="20.922"/>
  <testcase classname="testClasses.LinkListTests" name="testLLIntroductionPageNavigation" time="10.856"/>
  <testcase classname="testClasses.LinkListTests" name="testTryHereButtonIntroduction" time="11.428"/>
  <testcase classname="testClasses.LinkListTests" name="testInvalidCodeRunIntroductionPage" time="15.868"/>
  <testcase classname="testClasses.LinkListTests" name="testValidCodeRunIntroductionPage" time="12.193"/>
  <testcase classname="testClasses.LinkListTests" name="testPracticeQuestionsLinkIntroductionPage" time="13.896"/>
  <testcase classname="testClasses.LinkListTests" name="testCreatingLLPage" time="4.679"/>
  <testcase classname="testClasses.LinkListTests" name="testCreatingLLPageNavigation" time="4.976"/>
  <testcase classname="testClasses.LinkListTests" name="testTryHereButtonCreatingLL" time="8.649"/>
  <testcase classname="testClasses.LinkListTests" name="testInvalidCodeCreatingLL" time="10.355"/>
  <testcase classname="testClasses.LinkListTests" name="testValidCodeCreatingLL" time="14.910"/>
  <testcase classname="testClasses.LinkListTests" name="testPracticeQuestionsLinkcreatingLL" time="7.608"/>
  <testcase classname="testClasses.LinkListTests" name="testTypesofLLPage" time="12.036"/>
  <testcase classname="testClasses.LinkListTests" name="testTypesofLLPageNavigation" time="12.971"/>
  <testcase classname="testClasses.LinkListTests" name="testTryHereButtonTypesofLL" time="11.792"/>
  <testcase classname="testClasses.LinkListTests" name="testInvalidCodeTypesofLL" time="26.900"/>
  <testcase classname="testClasses.LinkListTests" name="testValidCodeTypesofLL" time="5.924"/>
  <testcase classname="testClasses.LinkListTests" name="testPracticeQuestionsLinkTypesofLL" time="13.928"/>
  <testcase classname="testClasses.LinkListTests" name="implementLLPage" time="9.582"/>
  <testcase classname="testClasses.LinkListTests" name="testImplementLLPageNavigation" time="10.586"/>
  <testcase classname="testClasses.LinkListTests" name="testTryHereButtonImplementLL" time="15.150"/>
  <testcase classname="testClasses.LinkListTests" name="testInvalidCodeImplementLL" time="15.643"/>
  <testcase classname="testClasses.LinkListTests" name="testValidCodeImplementLL" time="17.705"/>
  <testcase classname="testClasses.LinkListTests" name="testPracticeQuestionsLinkImplementLL" time="23.708"/>
  <testcase classname="testClasses.LinkListTests" name="traversalPage" time="9.547"/>
  <testcase classname="testClasses.LinkListTests" name="testTraversalPageNavigation" time="7.111"/>
  <testcase classname="testClasses.LinkListTests" name="testTryHereButtonTraversal" time="13.732"/>
  <testcase classname="testClasses.LinkListTests" name="testInvalidCodeTraversal" time="10.649"/>
  <testcase classname="testClasses.LinkListTests" name="testValidCodeTraversal" time="10.615"/>
  <testcase classname="testClasses.LinkListTests" name="testPracticeQuestionsLinkTraversal" time="6.183"/>
  <testcase classname="testClasses.LinkListTests" name="insertionPage" time="9.430"/>
  <testcase classname="testClasses.LinkListTests" name="testInsertionPageNavigation" time="4.705"/>
  <testcase classname="testClasses.LinkListTests" name="testTryHereButtonInsertion" time="10.993"/>
  <testcase classname="testClasses.LinkListTests" name="testInvalidCodeInsertion" time="12.580"/>
  <testcase classname="testClasses.LinkListTests" name="testValidCodeInsertion" time="14.790"/>
  <testcase classname="testClasses.LinkListTests" name="testPracticeQuestionsLinkInsertion" time="10.318"/>
  <testcase classname="testClasses.LinkListTests" name="deletionPage" time="11.201"/>
  <testcase classname="testClasses.LinkListTests" name="testDeletionPageNavigation" time="6.017"/>
  <testcase classname="testClasses.LinkListTests" name="testTryHereButtonDeletion" time="12.259"/>
  <testcase classname="testClasses.LinkListTests" name="testInvalidCodeDeletion" time="12.896"/>
  <testcase classname="testClasses.LinkListTests" name="testValidCodeDeletion" time="13.946"/>
  <testcase classname="testClasses.LinkListTests" name="testPracticeQuestionsLinkDeletion" time="14.631"/>
</testsuite> <!-- testClasses.LinkListTests -->
