<?xml version="1.0" encoding="UTF-8"?>
<!-- Generated by org.testng.reporters.JUnitXMLReporter -->
<testsuite ignored="7" hostname="Dineshs-MacBook-Pro.local" failures="15" tests="138" name="DSAlgo Tests" time="534.096" errors="0" timestamp="2025-05-19T14:39:17 EDT">
  <testcase classname="testClasses.RegisterTests" name="testValidRegistration" time="0.641">
    <failure type="java.lang.IllegalArgumentException" message="Invalid row index: 3">
      <![CDATA[java.lang.IllegalArgumentException: Invalid row index: 3
at dsAlgoPageObjects.RegisterPageObj.fillRegistrationForm(RegisterPageObj.java:85)
at testClasses.RegisterTests.testValidRegistration(RegisterTests.java:57)
at java.base/java.util.concurrent.Executors$RunnableAdapter.call(Executors.java:572)
at java.base/java.util.concurrent.FutureTask.run(FutureTask.java:317)
at java.base/java.util.concurrent.ThreadPoolExecutor.runWorker(ThreadPoolExecutor.java:1144)
at java.base/java.util.concurrent.ThreadPoolExecutor$Worker.run(ThreadPoolExecutor.java:642)
at java.base/java.lang.Thread.run(Thread.java:1575)
... Removed 11 stack frames]]>
    </failure>
  </testcase> <!-- testValidRegistration -->
  <testcase classname="testClasses.SignInTests" name="testValidLogin" time="2.916"/>
  <testcase classname="testClasses.StackTests" name="testInvalidCodeRunInsideApplications" time="7.218"/>
  <testcase classname="testClasses.DataStructureTests" name="testInValidOutputforTimeComplexity" time="7.506"/>
  <testcase classname="testClasses.TreeTests" name="OverviewOfTreesLink" time="7.621"/>
  <testcase classname="testClasses.RegisterTests" name="testPasswordMismatchRegistration" time="5.886"/>
  <testcase classname="testClasses.SignInTests" name="testInvalidLogin" time="8.463"/>
  <testcase classname="testClasses.RegisterTests" name="testEmptyUsernameValidation" time="5.49"/>
  <testcase classname="testClasses.QueueTests" name="testUserSignIn" time="21.047">
    <failure type="org.openqa.selenium.TimeoutException" message="Expected condition failed: waiting for element to be clickable: Proxy element for: DefaultElementLocator &amp;apos;By.xpath: //div[@class=&amp;apos;navbar-nav&amp;apos;]//a[@href=&amp;apos;/login&amp;apos;]&amp;apos; (tried for 10 second(s) with 500 milliseconds interval)">
      <![CDATA[org.openqa.selenium.TimeoutException: Expected condition failed: waiting for element to be clickable: Proxy element for: DefaultElementLocator 'By.xpath: //div[@class='navbar-nav']//a[@href='/login']' (tried for 10 second(s) with 500 milliseconds interval)
at org.openqa.selenium.support.ui.WebDriverWait.timeoutException(WebDriverWait.java:84)
at org.openqa.selenium.support.ui.FluentWait.until(FluentWait.java:228)
at dsAlgoPageObjects.HomePageObj.clickSignInLink(HomePageObj.java:186)
at testClasses.QueueTests.testUserSignIn(QueueTests.java:68)
at java.base/java.util.concurrent.Executors$RunnableAdapter.call(Executors.java:572)
at java.base/java.util.concurrent.FutureTask.run(FutureTask.java:317)
at java.base/java.util.concurrent.ThreadPoolExecutor.runWorker(ThreadPoolExecutor.java:1144)
at java.base/java.util.concurrent.ThreadPoolExecutor$Worker.run(ThreadPoolExecutor.java:642)
at java.base/java.lang.Thread.run(Thread.java:1575)
Caused by: org.openqa.selenium.NoSuchElementException: no such element: Unable to locate element: {"method":"xpath","selector":"//div[@class='navbar-nav']//a[@href='/login']"}
  (Session info: chrome=136.0.7103.114)
For documentation on this error, please visit: https://www.selenium.dev/documentation/webdriver/troubleshooting/errors#no-such-element-exception
Build info: version: '4.20.0', revision: '866c76ca80'
System info: os.name: 'Mac OS X', os.arch: 'x86_64', os.version: '15.1.1', java.version: '23.0.1'
Driver info: org.openqa.selenium.chrome.ChromeDriver
Command: [acb6ab661ce46c8ce826b7ad2852fd10, findElement {using=xpath, value=//div[@class='navbar-nav']//a[@href='/login']}]
Capabilities {acceptInsecureCerts: false, browserName: chrome, browserVersion: 136.0.7103.114, chrome: {chromedriverVersion: 136.0.7103.94 (fa0be0b33deb..., userDataDir: /var/folders/49/t7zfzxpj60s...}, fedcm:accounts: true, goog:chromeOptions: {debuggerAddress: localhost:60931}, networkConnectionEnabled: false, pageLoadStrategy: normal, platformName: mac, proxy: Proxy(), se:cdp: ws://localhost:60931/devtoo..., se:cdpVersion: 136.0.7103.114, setWindowRect: true, strictFileInteractability: false, timeouts: {implicit: 0, pageLoad: 300000, script: 30000}, unhandledPromptBehavior: dismiss and notify, webauthn:extension:credBlob: true, webauthn:extension:largeBlob: true, webauthn:extension:minPinLength: true, webauthn:extension:prf: true, webauthn:virtualAuthenticators: true}
Session ID: acb6ab661ce46c8ce826b7ad2852fd10
at org.openqa.selenium.remote.ErrorCodec.decode(ErrorCodec.java:167)
at org.openqa.selenium.remote.codec.w3c.W3CHttpResponseCodec.decode(W3CHttpResponseCodec.java:138)
at org.openqa.selenium.remote.codec.w3c.W3CHttpResponseCodec.decode(W3CHttpResponseCodec.java:50)
at org.openqa.selenium.remote.HttpCommandExecutor.execute(HttpCommandExecutor.java:190)
at org.openqa.selenium.remote.service.DriverCommandExecutor.invokeExecute(DriverCommandExecutor.java:216)
at org.openqa.selenium.remote.service.DriverCommandExecutor.execute(DriverCommandExecutor.java:174)
at org.openqa.selenium.remote.RemoteWebDriver.execute(RemoteWebDriver.java:518)
at org.openqa.selenium.remote.ElementLocation$ElementFinder$2.findElement(ElementLocation.java:165)
at org.openqa.selenium.remote.ElementLocation.findElement(ElementLocation.java:59)
at org.openqa.selenium.remote.RemoteWebDriver.findElement(RemoteWebDriver.java:355)
at org.openqa.selenium.remote.RemoteWebDriver.findElement(RemoteWebDriver.java:349)
at org.openqa.selenium.support.pagefactory.DefaultElementLocator.findElement(DefaultElementLocator.java:68)
at org.openqa.selenium.support.pagefactory.internal.LocatingElementHandler.invoke(LocatingElementHandler.java:38)
at jdk.proxy2/jdk.proxy2.$Proxy17.isDisplayed(Unknown Source)
at org.openqa.selenium.support.ui.ExpectedConditions.elementIfVisible(ExpectedConditions.java:304)
at org.openqa.selenium.support.ui.ExpectedConditions$10.apply(ExpectedConditions.java:290)
at org.openqa.selenium.support.ui.ExpectedConditions$10.apply(ExpectedConditions.java:287)
at org.openqa.selenium.support.ui.ExpectedConditions$23.apply(ExpectedConditions.java:656)
at org.openqa.selenium.support.ui.ExpectedConditions$23.apply(ExpectedConditions.java:652)
at org.openqa.selenium.support.ui.FluentWait.until(FluentWait.java:203)
... 18 more
... Removed 14 stack frames]]>
    </failure>
  </testcase> <!-- testUserSignIn -->
  <testcase classname="testClasses.SignInTests" name="testEmptyData" time="6.819"/>
  <testcase classname="testClasses.DataStructureTests" name="testValidOutputforTimeComplexity1" time="9.409"/>
  <testcase classname="testClasses.LinkListTests" name="testUserSignIn" time="25.722">
    <failure type="org.openqa.selenium.TimeoutException" message="Expected condition failed: waiting for element to be clickable: Proxy element for: DefaultElementLocator &amp;apos;By.xpath: //div[@class=&amp;apos;navbar-nav&amp;apos;]//a[@href=&amp;apos;/login&amp;apos;]&amp;apos; (tried for 10 second(s) with 500 milliseconds interval)">
      <![CDATA[org.openqa.selenium.TimeoutException: Expected condition failed: waiting for element to be clickable: Proxy element for: DefaultElementLocator 'By.xpath: //div[@class='navbar-nav']//a[@href='/login']' (tried for 10 second(s) with 500 milliseconds interval)
at org.openqa.selenium.support.ui.WebDriverWait.timeoutException(WebDriverWait.java:84)
at org.openqa.selenium.support.ui.FluentWait.until(FluentWait.java:228)
at dsAlgoPageObjects.HomePageObj.clickSignInLink(HomePageObj.java:186)
at testClasses.LinkListTests.testUserSignIn(LinkListTests.java:67)
at java.base/java.util.concurrent.Executors$RunnableAdapter.call(Executors.java:572)
at java.base/java.util.concurrent.FutureTask.run(FutureTask.java:317)
at java.base/java.util.concurrent.ThreadPoolExecutor.runWorker(ThreadPoolExecutor.java:1144)
at java.base/java.util.concurrent.ThreadPoolExecutor$Worker.run(ThreadPoolExecutor.java:642)
at java.base/java.lang.Thread.run(Thread.java:1575)
Caused by: org.openqa.selenium.NoSuchElementException: no such element: Unable to locate element: {"method":"xpath","selector":"//div[@class='navbar-nav']//a[@href='/login']"}
  (Session info: chrome=136.0.7103.114)
For documentation on this error, please visit: https://www.selenium.dev/documentation/webdriver/troubleshooting/errors#no-such-element-exception
Build info: version: '4.20.0', revision: '866c76ca80'
System info: os.name: 'Mac OS X', os.arch: 'x86_64', os.version: '15.1.1', java.version: '23.0.1'
Driver info: org.openqa.selenium.chrome.ChromeDriver
Command: [dc3d3676a27e2d7304a02d80b38f81f5, findElement {using=xpath, value=//div[@class='navbar-nav']//a[@href='/login']}]
Capabilities {acceptInsecureCerts: false, browserName: chrome, browserVersion: 136.0.7103.114, chrome: {chromedriverVersion: 136.0.7103.94 (fa0be0b33deb..., userDataDir: /var/folders/49/t7zfzxpj60s...}, fedcm:accounts: true, goog:chromeOptions: {debuggerAddress: localhost:60937}, networkConnectionEnabled: false, pageLoadStrategy: normal, platformName: mac, proxy: Proxy(), se:cdp: ws://localhost:60937/devtoo..., se:cdpVersion: 136.0.7103.114, setWindowRect: true, strictFileInteractability: false, timeouts: {implicit: 0, pageLoad: 300000, script: 30000}, unhandledPromptBehavior: dismiss and notify, webauthn:extension:credBlob: true, webauthn:extension:largeBlob: true, webauthn:extension:minPinLength: true, webauthn:extension:prf: true, webauthn:virtualAuthenticators: true}
Session ID: dc3d3676a27e2d7304a02d80b38f81f5
at org.openqa.selenium.remote.ErrorCodec.decode(ErrorCodec.java:167)
at org.openqa.selenium.remote.codec.w3c.W3CHttpResponseCodec.decode(W3CHttpResponseCodec.java:138)
at org.openqa.selenium.remote.codec.w3c.W3CHttpResponseCodec.decode(W3CHttpResponseCodec.java:50)
at org.openqa.selenium.remote.HttpCommandExecutor.execute(HttpCommandExecutor.java:190)
at org.openqa.selenium.remote.service.DriverCommandExecutor.invokeExecute(DriverCommandExecutor.java:216)
at org.openqa.selenium.remote.service.DriverCommandExecutor.execute(DriverCommandExecutor.java:174)
at org.openqa.selenium.remote.RemoteWebDriver.execute(RemoteWebDriver.java:518)
at org.openqa.selenium.remote.ElementLocation$ElementFinder$2.findElement(ElementLocation.java:165)
at org.openqa.selenium.remote.ElementLocation.findElement(ElementLocation.java:59)
at org.openqa.selenium.remote.RemoteWebDriver.findElement(RemoteWebDriver.java:355)
at org.openqa.selenium.remote.RemoteWebDriver.findElement(RemoteWebDriver.java:349)
at org.openqa.selenium.support.pagefactory.DefaultElementLocator.findElement(DefaultElementLocator.java:68)
at org.openqa.selenium.support.pagefactory.internal.LocatingElementHandler.invoke(LocatingElementHandler.java:38)
at jdk.proxy2/jdk.proxy2.$Proxy17.isDisplayed(Unknown Source)
at org.openqa.selenium.support.ui.ExpectedConditions.elementIfVisible(ExpectedConditions.java:304)
at org.openqa.selenium.support.ui.ExpectedConditions$10.apply(ExpectedConditions.java:290)
at org.openqa.selenium.support.ui.ExpectedConditions$10.apply(ExpectedConditions.java:287)
at org.openqa.selenium.support.ui.ExpectedConditions$23.apply(ExpectedConditions.java:656)
at org.openqa.selenium.support.ui.ExpectedConditions$23.apply(ExpectedConditions.java:652)
at org.openqa.selenium.support.ui.FluentWait.until(FluentWait.java:203)
... 18 more
... Removed 14 stack frames]]>
    </failure>
  </testcase> <!-- testUserSignIn -->
  <testcase classname="testClasses.StackTests" name="testInvalidCodeRunInsideOpsStack" time="9.567"/>
  <testcase classname="testClasses.TreeTests" name="OverviewOfTreesLink1" time="10.191"/>
  <testcase classname="testClasses.RegisterTests" name="testNumericPasswordValidation" time="0.9"/>
  <testcase classname="testClasses.QueueTests" name="testNavigateToImplementationofQueueinPythonPage" time="0.394"/>
  <testcase classname="testClasses.HomeTests" name="DSDropdown" time="5.248"/>
  <testcase classname="testClasses.LinkListTests" name="testNavigateToIntroductionPage" time="5.917"/>
  <testcase classname="testClasses.GraphTests" name="testInvalidCodeGraphRepresentation" time="9.139"/>
  <testcase classname="testClasses.QueueTests" name="testImplementationofQueueinPythonPageNavigation" time="6.888"/>
  <testcase classname="testClasses.StackTests" name="testInvalidCodeStackRepresentation" time="10.694"/>
  <testcase classname="testClasses.ArrayTests" name="ArraysinPython" time="10.88"/>
  <testcase classname="testClasses.TreeTests" name="clickTerminologiesLink" time="12.305"/>
  <testcase classname="testClasses.HomeTests" name="DataStructureIntroductionGetstarted" time="5.472"/>
  <testcase classname="testClasses.LinkListTests" name="testLLIntroductionPageNavigation" time="6.269"/>
  <testcase classname="testClasses.StackTests" name="testValidCodeRunInsideApplications" time="2.64"/>
  <testcase classname="testClasses.ArrayTests" name="ArraysinPython1" time="2.928"/>
  <testcase classname="testClasses.GraphTests" name="testInvalidCodeRunInsideGraph" time="7.75"/>
  <testcase classname="testClasses.TreeTests" name="clickTerminologiesLink1" time="2.628"/>
  <testcase classname="testClasses.QueueTests" name="testTryHereButtonImplementationOfQueueInPython" time="7.114"/>
  <testcase classname="testClasses.HomeTests" name="ArrayGetStarted" time="0.465"/>
  <testcase classname="testClasses.HomeTests" name="LinkedListGetStarted" time="0.402"/>
  <testcase classname="testClasses.LinkListTests" name="testTryHereButtonIntroduction" time="7.04"/>
  <testcase classname="testClasses.StackTests" name="testValidCodeRunInsideOpsStack" time="7.663"/>
  <testcase classname="testClasses.QueueTests" name="testInvalidCodeRunImplementationofQueuePythonPage" time="3.628"/>
  <testcase classname="testClasses.ArrayTests" name="ArraysUsingList" time="8.663"/>
  <testcase classname="testClasses.GraphTests" name="testValidCodeGraphRepresentation" time="9.123"/>
  <testcase classname="testClasses.HomeTests" name="StackGetStarted" time="0.456"/>
  <testcase classname="testClasses.TreeTests" name="clickTypesOfTreesLink" time="9.697"/>
  <testcase classname="testClasses.LinkListTests" name="testInvalidCodeRunIntroductionPage" time="7.176"/>
  <testcase classname="testClasses.QueueTests" name="testValidCodeRunImplementationofQueuePythonPage" time="2.163"/>
  <testcase classname="testClasses.ArrayTests" name="ArraysUsingList1" time="1.955">
    <failure type="org.openqa.selenium.UnhandledAlertException" message="unexpected alert open: {Alert text : SyntaxError: bad input on line 1}
  (Session info: chrome=136.0.7103.114): SyntaxError: bad input on line 1
Build info: version: &amp;apos;4.20.0&amp;apos;, revision: &amp;apos;866c76ca80&amp;apos;
System info: os.name: &amp;apos;Mac OS X&amp;apos;, os.arch: &amp;apos;x86_64&amp;apos;, os.version: &amp;apos;15.1.1&amp;apos;, java.version: &amp;apos;23.0.1&amp;apos;
Driver info: org.openqa.selenium.chrome.ChromeDriver
Command: [bcca98f7a67039c37cdcb0b94aa9a5eb, findElement {using=xpath, value=//button[text()=&amp;apos;Run&amp;apos;]}]
Capabilities {acceptInsecureCerts: false, browserName: chrome, browserVersion: 136.0.7103.114, chrome: {chromedriverVersion: 136.0.7103.94 (fa0be0b33deb..., userDataDir: /var/folders/49/t7zfzxpj60s...}, fedcm:accounts: true, goog:chromeOptions: {debuggerAddress: localhost:62159}, networkConnectionEnabled: false, pageLoadStrategy: normal, platformName: mac, proxy: Proxy(), se:cdp: ws://localhost:62159/devtoo..., se:cdpVersion: 136.0.7103.114, setWindowRect: true, strictFileInteractability: false, timeouts: {implicit: 0, pageLoad: 300000, script: 30000}, unhandledPromptBehavior: dismiss and notify, webauthn:extension:credBlob: true, webauthn:extension:largeBlob: true, webauthn:extension:minPinLength: true, webauthn:extension:prf: true, webauthn:virtualAuthenticators: true}
Session ID: bcca98f7a67039c37cdcb0b94aa9a5eb">
      <![CDATA[org.openqa.selenium.UnhandledAlertException: unexpected alert open: {Alert text : SyntaxError: bad input on line 1}
  (Session info: chrome=136.0.7103.114): SyntaxError: bad input on line 1
Build info: version: '4.20.0', revision: '866c76ca80'
System info: os.name: 'Mac OS X', os.arch: 'x86_64', os.version: '15.1.1', java.version: '23.0.1'
Driver info: org.openqa.selenium.chrome.ChromeDriver
Command: [bcca98f7a67039c37cdcb0b94aa9a5eb, findElement {using=xpath, value=//button[text()='Run']}]
Capabilities {acceptInsecureCerts: false, browserName: chrome, browserVersion: 136.0.7103.114, chrome: {chromedriverVersion: 136.0.7103.94 (fa0be0b33deb..., userDataDir: /var/folders/49/t7zfzxpj60s...}, fedcm:accounts: true, goog:chromeOptions: {debuggerAddress: localhost:62159}, networkConnectionEnabled: false, pageLoadStrategy: normal, platformName: mac, proxy: Proxy(), se:cdp: ws://localhost:62159/devtoo..., se:cdpVersion: 136.0.7103.114, setWindowRect: true, strictFileInteractability: false, timeouts: {implicit: 0, pageLoad: 300000, script: 30000}, unhandledPromptBehavior: dismiss and notify, webauthn:extension:credBlob: true, webauthn:extension:largeBlob: true, webauthn:extension:minPinLength: true, webauthn:extension:prf: true, webauthn:virtualAuthenticators: true}
Session ID: bcca98f7a67039c37cdcb0b94aa9a5eb
at org.openqa.selenium.remote.codec.w3c.W3CHttpResponseCodec.decode(W3CHttpResponseCodec.java:136)
at org.openqa.selenium.remote.codec.w3c.W3CHttpResponseCodec.decode(W3CHttpResponseCodec.java:50)
at org.openqa.selenium.remote.HttpCommandExecutor.execute(HttpCommandExecutor.java:190)
at org.openqa.selenium.remote.service.DriverCommandExecutor.invokeExecute(DriverCommandExecutor.java:216)
at org.openqa.selenium.remote.service.DriverCommandExecutor.execute(DriverCommandExecutor.java:174)
at org.openqa.selenium.remote.RemoteWebDriver.execute(RemoteWebDriver.java:518)
at org.openqa.selenium.remote.ElementLocation$ElementFinder$2.findElement(ElementLocation.java:165)
at org.openqa.selenium.remote.ElementLocation.findElement(ElementLocation.java:59)
at org.openqa.selenium.remote.RemoteWebDriver.findElement(RemoteWebDriver.java:355)
at org.openqa.selenium.remote.RemoteWebDriver.findElement(RemoteWebDriver.java:349)
at org.openqa.selenium.support.pagefactory.DefaultElementLocator.findElement(DefaultElementLocator.java:68)
at org.openqa.selenium.support.pagefactory.internal.LocatingElementHandler.invoke(LocatingElementHandler.java:38)
at jdk.proxy2/jdk.proxy2.$Proxy17.isDisplayed(Unknown Source)
at org.openqa.selenium.support.ui.ExpectedConditions.elementIfVisible(ExpectedConditions.java:304)
at org.openqa.selenium.support.ui.ExpectedConditions$10.apply(ExpectedConditions.java:290)
at org.openqa.selenium.support.ui.ExpectedConditions$10.apply(ExpectedConditions.java:287)
at org.openqa.selenium.support.ui.ExpectedConditions$23.apply(ExpectedConditions.java:656)
at org.openqa.selenium.support.ui.ExpectedConditions$23.apply(ExpectedConditions.java:652)
at org.openqa.selenium.support.ui.FluentWait.until(FluentWait.java:203)
at dsAlgoPageObjects.TryEditorPage.clickRunButton(TryEditorPage.java:52)
at testClasses.ArrayTests.ArraysUsingList1(ArrayTests.java:138)
at java.base/java.util.concurrent.Executors$RunnableAdapter.call(Executors.java:572)
at java.base/java.util.concurrent.FutureTask.run(FutureTask.java:317)
at java.base/java.util.concurrent.ThreadPoolExecutor.runWorker(ThreadPoolExecutor.java:1144)
at java.base/java.util.concurrent.ThreadPoolExecutor$Worker.run(ThreadPoolExecutor.java:642)
at java.base/java.lang.Thread.run(Thread.java:1575)
... Removed 11 stack frames]]>
    </failure>
  </testcase> <!-- ArraysUsingList1 -->
  <testcase classname="testClasses.StackTests" name="testValidCodeStackRepresentation" time="7.33"/>
  <testcase classname="testClasses.HomeTests" name="QueueGetStarted" time="0.572"/>
  <testcase classname="testClasses.GraphTests" name="testValidCodeRunInsideGraph" time="2.621"/>
  <testcase classname="testClasses.TreeTests" name="clickTypesOfTreesLink1" time="2.387"/>
  <testcase classname="testClasses.LinkListTests" name="testValidCodeRunIntroductionPage" time="7.019"/>
  <testcase classname="testClasses.HomeTests" name="TreeGetStarted" time="0.395"/>
  <testcase classname="testClasses.GraphTests" name="testPracticeQuestionsLinkInsideGraph" time="1.456"/>
  <testcase classname="testClasses.QueueTests" name="testPracticeQuestionsLinkImplementaionofQueuePythonPage" time="6.441"/>
  <testcase classname="testClasses.ArrayTests" name="BasicOperationsinLists" time="7.09"/>
  <testcase classname="testClasses.StackTests" name="testPracticeQuestionsApplications" time="6.232"/>
  <testcase classname="testClasses.TreeTests" name="clickTreeTraversalsLink" time="3.05"/>
  <testcase classname="testClasses.HomeTests" name="GraphGetStarted" time="5.291"/>
  <testcase classname="testClasses.LinkListTests" name="testPracticeQuestionsLinkIntroductionPage" time="6.206"/>
  <testcase classname="testClasses.StackTests" name="testPracticeQuestionsOpsStack" time="1.563"/>
  <testcase classname="testClasses.GraphTests" name="testPracticeQuestionsGraphRepresentation" time="6.729"/>
  <testcase classname="testClasses.TreeTests" name="clickTreeTraversalsLink1" time="3.032"/>
  <testcase classname="testClasses.QueueTests" name="testNavigateToImplementationusingCollectionsPage" time="0.798"/>
  <testcase classname="testClasses.ArrayTests" name="BasicOperationsinLists1" time="8.213"/>
  <testcase classname="testClasses.LinkListTests" name="testCreatingLLPage" time="0.502"/>
  <testcase classname="testClasses.LinkListTests" name="testCreatingLLPageNavigation" time="0.749"/>
  <testcase classname="testClasses.StackTests" name="testPracticeQuestionsImplemntation" time="6.149"/>
  <testcase classname="testClasses.QueueTests" name="testImplementationusingCollectionsPageNavigation" time="5.81"/>
  <testcase classname="testClasses.TreeTests" name="clickTraversalsIllustrationsLink" time="8.179"/>
  <testcase classname="testClasses.ArrayTests" name="ApplicationsofArray" time="7.63"/>
  <testcase classname="testClasses.LinkListTests" name="testTryHereButtonCreatingLL" time="1.667"/>
  <testcase classname="testClasses.QueueTests" name="testTryHereButtonImplementationusingCollections" time="7.043"/>
  <testcase classname="testClasses.LinkListTests" name="testInvalidCodeCreatingLL" time="2.005"/>
  <testcase classname="testClasses.TreeTests" name="clickTraversalsIllustrationsLink1" time="7.188"/>
  <testcase classname="testClasses.ArrayTests" name="ApplicationsofArray1" time="7.375"/>
  <testcase classname="testClasses.QueueTests" name="testInvalidCodeRunImplementationusingCollectionsPage" time="1.973"/>
  <testcase classname="testClasses.LinkListTests" name="testValidCodeCreatingLL" time="6.707"/>
  <testcase classname="testClasses.QueueTests" name="testValidCodeRunImplementationusingCollectionsPage" time="2.036"/>
  <testcase classname="testClasses.TreeTests" name="clickBinaryTreesLink" time="8.146"/>
  <testcase classname="testClasses.ArrayTests" name="SearchTheArray" time="8.036"/>
  <testcase classname="testClasses.LinkListTests" name="testPracticeQuestionsLinkcreatingLL" time="1.219"/>
  <testcase classname="testClasses.TreeTests" name="clickBinaryTreesLink1" time="6.838"/>
  <testcase classname="testClasses.QueueTests" name="testPracticeQuestionsLinkImplementaionusingCollectionsPage" time="1.108"/>
  <testcase classname="testClasses.LinkListTests" name="testTypesofLLPage" time="5.462"/>
  <testcase classname="testClasses.ArrayTests" name="SearchTheArray1" time="7.937">
    <failure type="org.openqa.selenium.UnhandledAlertException" message="unexpected alert open: {Alert text : SyntaxError: bad input on line 2}
  (Session info: chrome=136.0.7103.114): SyntaxError: bad input on line 2
Build info: version: &amp;apos;4.20.0&amp;apos;, revision: &amp;apos;866c76ca80&amp;apos;
System info: os.name: &amp;apos;Mac OS X&amp;apos;, os.arch: &amp;apos;x86_64&amp;apos;, os.version: &amp;apos;15.1.1&amp;apos;, java.version: &amp;apos;23.0.1&amp;apos;
Driver info: org.openqa.selenium.chrome.ChromeDriver
Command: [43d1b00e9b393a2570940b8fff77ce49, findElement {using=xpath, value=//button[text()=&amp;apos;Run&amp;apos;]}]
Capabilities {acceptInsecureCerts: false, browserName: chrome, browserVersion: 136.0.7103.114, chrome: {chromedriverVersion: 136.0.7103.94 (fa0be0b33deb..., userDataDir: /var/folders/49/t7zfzxpj60s...}, fedcm:accounts: true, goog:chromeOptions: {debuggerAddress: localhost:63443}, networkConnectionEnabled: false, pageLoadStrategy: normal, platformName: mac, proxy: Proxy(), se:cdp: ws://localhost:63443/devtoo..., se:cdpVersion: 136.0.7103.114, setWindowRect: true, strictFileInteractability: false, timeouts: {implicit: 0, pageLoad: 300000, script: 30000}, unhandledPromptBehavior: dismiss and notify, webauthn:extension:credBlob: true, webauthn:extension:largeBlob: true, webauthn:extension:minPinLength: true, webauthn:extension:prf: true, webauthn:virtualAuthenticators: true}
Session ID: 43d1b00e9b393a2570940b8fff77ce49">
      <![CDATA[org.openqa.selenium.UnhandledAlertException: unexpected alert open: {Alert text : SyntaxError: bad input on line 2}
  (Session info: chrome=136.0.7103.114): SyntaxError: bad input on line 2
Build info: version: '4.20.0', revision: '866c76ca80'
System info: os.name: 'Mac OS X', os.arch: 'x86_64', os.version: '15.1.1', java.version: '23.0.1'
Driver info: org.openqa.selenium.chrome.ChromeDriver
Command: [43d1b00e9b393a2570940b8fff77ce49, findElement {using=xpath, value=//button[text()='Run']}]
Capabilities {acceptInsecureCerts: false, browserName: chrome, browserVersion: 136.0.7103.114, chrome: {chromedriverVersion: 136.0.7103.94 (fa0be0b33deb..., userDataDir: /var/folders/49/t7zfzxpj60s...}, fedcm:accounts: true, goog:chromeOptions: {debuggerAddress: localhost:63443}, networkConnectionEnabled: false, pageLoadStrategy: normal, platformName: mac, proxy: Proxy(), se:cdp: ws://localhost:63443/devtoo..., se:cdpVersion: 136.0.7103.114, setWindowRect: true, strictFileInteractability: false, timeouts: {implicit: 0, pageLoad: 300000, script: 30000}, unhandledPromptBehavior: dismiss and notify, webauthn:extension:credBlob: true, webauthn:extension:largeBlob: true, webauthn:extension:minPinLength: true, webauthn:extension:prf: true, webauthn:virtualAuthenticators: true}
Session ID: 43d1b00e9b393a2570940b8fff77ce49
at org.openqa.selenium.remote.codec.w3c.W3CHttpResponseCodec.decode(W3CHttpResponseCodec.java:136)
at org.openqa.selenium.remote.codec.w3c.W3CHttpResponseCodec.decode(W3CHttpResponseCodec.java:50)
at org.openqa.selenium.remote.HttpCommandExecutor.execute(HttpCommandExecutor.java:190)
at org.openqa.selenium.remote.service.DriverCommandExecutor.invokeExecute(DriverCommandExecutor.java:216)
at org.openqa.selenium.remote.service.DriverCommandExecutor.execute(DriverCommandExecutor.java:174)
at org.openqa.selenium.remote.RemoteWebDriver.execute(RemoteWebDriver.java:518)
at org.openqa.selenium.remote.ElementLocation$ElementFinder$2.findElement(ElementLocation.java:165)
at org.openqa.selenium.remote.ElementLocation.findElement(ElementLocation.java:59)
at org.openqa.selenium.remote.RemoteWebDriver.findElement(RemoteWebDriver.java:355)
at org.openqa.selenium.remote.RemoteWebDriver.findElement(RemoteWebDriver.java:349)
at org.openqa.selenium.support.pagefactory.DefaultElementLocator.findElement(DefaultElementLocator.java:68)
at org.openqa.selenium.support.pagefactory.internal.LocatingElementHandler.invoke(LocatingElementHandler.java:38)
at jdk.proxy2/jdk.proxy2.$Proxy17.isDisplayed(Unknown Source)
at org.openqa.selenium.support.ui.ExpectedConditions.elementIfVisible(ExpectedConditions.java:304)
at org.openqa.selenium.support.ui.ExpectedConditions$10.apply(ExpectedConditions.java:290)
at org.openqa.selenium.support.ui.ExpectedConditions$10.apply(ExpectedConditions.java:287)
at org.openqa.selenium.support.ui.ExpectedConditions$23.apply(ExpectedConditions.java:656)
at org.openqa.selenium.support.ui.ExpectedConditions$23.apply(ExpectedConditions.java:652)
at org.openqa.selenium.support.ui.FluentWait.until(FluentWait.java:203)
at dsAlgoPageObjects.TryEditorPage.clickRunButton(TryEditorPage.java:52)
at testClasses.ArrayTests.SearchTheArray1(ArrayTests.java:233)
at java.base/java.util.concurrent.Executors$RunnableAdapter.call(Executors.java:572)
at java.base/java.util.concurrent.FutureTask.run(FutureTask.java:317)
at java.base/java.util.concurrent.ThreadPoolExecutor.runWorker(ThreadPoolExecutor.java:1144)
at java.base/java.util.concurrent.ThreadPoolExecutor$Worker.run(ThreadPoolExecutor.java:642)
at java.base/java.lang.Thread.run(Thread.java:1575)
... Removed 11 stack frames]]>
    </failure>
  </testcase> <!-- SearchTheArray1 -->
  <testcase classname="testClasses.ArrayTests" name="MaxConsecutiveOnes" time="0.0">
    <failure type="org.testng.TestNGException" message="
Found two providers called &amp;apos;MaxConsecutiveOnesData&amp;apos; on class testClasses.ArrayTests">
      <![CDATA[org.testng.TestNGException: 
Found two providers called 'MaxConsecutiveOnesData' on class testClasses.ArrayTests
at java.base/java.util.concurrent.Executors$RunnableAdapter.call(Executors.java:572)
at java.base/java.util.concurrent.FutureTask.run(FutureTask.java:317)
at java.base/java.util.concurrent.ThreadPoolExecutor.runWorker(ThreadPoolExecutor.java:1144)
at java.base/java.util.concurrent.ThreadPoolExecutor$Worker.run(ThreadPoolExecutor.java:642)
at java.base/java.lang.Thread.run(Thread.java:1575)
... Removed 11 stack frames]]>
    </failure>
  </testcase> <!-- MaxConsecutiveOnes -->
  <testcase classname="testClasses.ArrayTests" name="MaxConsecutiveOnes1" time="0.0">
    <failure type="org.testng.TestNGException" message="
Found two providers called &amp;apos;MaxConsecutiveOnesData&amp;apos; on class testClasses.ArrayTests">
      <![CDATA[org.testng.TestNGException: 
Found two providers called 'MaxConsecutiveOnesData' on class testClasses.ArrayTests
at java.base/java.util.concurrent.Executors$RunnableAdapter.call(Executors.java:572)
at java.base/java.util.concurrent.FutureTask.run(FutureTask.java:317)
at java.base/java.util.concurrent.ThreadPoolExecutor.runWorker(ThreadPoolExecutor.java:1144)
at java.base/java.util.concurrent.ThreadPoolExecutor$Worker.run(ThreadPoolExecutor.java:642)
at java.base/java.lang.Thread.run(Thread.java:1575)
... Removed 11 stack frames]]>
    </failure>
  </testcase> <!-- MaxConsecutiveOnes1 -->
  <testcase classname="testClasses.ArrayTests" name="EvenNumberOfDigits" time="0.0">
    <failure type="org.testng.TestNGException" message="
Found two providers called &amp;apos;EvenDigitsData&amp;apos; on class testClasses.ArrayTests">
      <![CDATA[org.testng.TestNGException: 
Found two providers called 'EvenDigitsData' on class testClasses.ArrayTests
at java.base/java.util.concurrent.Executors$RunnableAdapter.call(Executors.java:572)
at java.base/java.util.concurrent.FutureTask.run(FutureTask.java:317)
at java.base/java.util.concurrent.ThreadPoolExecutor.runWorker(ThreadPoolExecutor.java:1144)
at java.base/java.util.concurrent.ThreadPoolExecutor$Worker.run(ThreadPoolExecutor.java:642)
at java.base/java.lang.Thread.run(Thread.java:1575)
... Removed 11 stack frames]]>
    </failure>
  </testcase> <!-- EvenNumberOfDigits -->
  <testcase classname="testClasses.ArrayTests" name="EvenNumberOfDigits1" time="0.0">
    <failure type="org.testng.TestNGException" message="
Found two providers called &amp;apos;EvenDigitsData&amp;apos; on class testClasses.ArrayTests">
      <![CDATA[org.testng.TestNGException: 
Found two providers called 'EvenDigitsData' on class testClasses.ArrayTests
at java.base/java.util.concurrent.Executors$RunnableAdapter.call(Executors.java:572)
at java.base/java.util.concurrent.FutureTask.run(FutureTask.java:317)
at java.base/java.util.concurrent.ThreadPoolExecutor.runWorker(ThreadPoolExecutor.java:1144)
at java.base/java.util.concurrent.ThreadPoolExecutor$Worker.run(ThreadPoolExecutor.java:642)
at java.base/java.lang.Thread.run(Thread.java:1575)
... Removed 11 stack frames]]>
    </failure>
  </testcase> <!-- EvenNumberOfDigits1 -->
  <testcase classname="testClasses.TreeTests" name="clickTypesofBinaryTreesLink" time="2.132"/>
  <testcase classname="testClasses.QueueTests" name="testNavigateToImplementationusingArrayPage" time="5.291"/>
  <testcase classname="testClasses.TreeTests" name="clickTypesofBinaryTreesLink1" time="2.358"/>
  <testcase classname="testClasses.LinkListTests" name="testTypesofLLPageNavigation" time="6.349"/>
  <testcase classname="testClasses.ArrayTests" name="SquaresofaSorted" time="8.699"/>
  <testcase classname="testClasses.ArrayTests" name="SquaresofaSorted1" time="0.0">
    <failure type="org.testng.TestNGException" message="
Method public void testClasses.ArrayTests.SquaresofaSorted1(java.lang.String,int,java.lang.String) throws java.io.IOException,org.apache.poi.openxml4j.exceptions.OpenXML4JException requires a @DataProvider named : InValidPythonCode in class utils.DataProviders">
      <![CDATA[org.testng.TestNGException: 
Method public void testClasses.ArrayTests.SquaresofaSorted1(java.lang.String,int,java.lang.String) throws java.io.IOException,org.apache.poi.openxml4j.exceptions.OpenXML4JException requires a @DataProvider named : InValidPythonCode in class utils.DataProviders
at java.base/java.util.concurrent.Executors$RunnableAdapter.call(Executors.java:572)
at java.base/java.util.concurrent.FutureTask.run(FutureTask.java:317)
at java.base/java.util.concurrent.ThreadPoolExecutor.runWorker(ThreadPoolExecutor.java:1144)
at java.base/java.util.concurrent.ThreadPoolExecutor$Worker.run(ThreadPoolExecutor.java:642)
at java.base/java.lang.Thread.run(Thread.java:1575)
... Removed 10 stack frames]]>
    </failure>
  </testcase> <!-- SquaresofaSorted1 -->
  <testcase classname="testClasses.QueueTests" name="testImplementationusingArrayPageNavigation" time="0.885"/>
  <testcase classname="testClasses.TreeTests" name="clickImplementationOfBinaryTreesLink" time="7.72"/>
  <testcase classname="testClasses.LinkListTests" name="testTryHereButtonTypesofLL" time="7.347"/>
  <testcase classname="testClasses.QueueTests" name="testTryHereButtonImplementationusingArray" time="6.702"/>
  <testcase classname="testClasses.TreeTests" name="clickImplementationOfBinaryTreesLink1" time="1.885"/>
  <testcase classname="testClasses.LinkListTests" name="testInvalidCodeTypesofLL" time="7.287"/>
  <testcase classname="testClasses.QueueTests" name="testInvalidCodeRunImplementationusingArrayPage" time="7.627"/>
  <testcase classname="testClasses.TreeTests" name="clickApplicationOfBinaryTreesLink" time="7.061"/>
  <testcase classname="testClasses.LinkListTests" name="testValidCodeTypesofLL" time="1.785"/>
  <testcase classname="testClasses.QueueTests" name="testValidCodeRunImplementationusingArrayPage" time="6.931"/>
  <testcase classname="testClasses.TreeTests" name="clickApplicationOfBinaryTreesLink1" time="7.155"/>
  <testcase classname="testClasses.LinkListTests" name="testPracticeQuestionsLinkTypesofLL" time="6.177"/>
  <testcase classname="testClasses.QueueTests" name="testPracticeQuestionsLinkImplementaionusingArrayPage" time="0.871"/>
  <testcase classname="testClasses.TreeTests" name="clickBinarySearchTreesLink" time="7.571"/>
  <testcase classname="testClasses.QueueTests" name="testNavigateToQueueOperationsPage" time="0.337"/>
  <testcase classname="testClasses.LinkListTests" name="implementLLPage" time="5.437"/>
  <testcase classname="testClasses.TreeTests" name="clickBinarySearchTreesLink1" time="3.941"/>
  <testcase classname="testClasses.LinkListTests" name="testImplementLLPageNavigation" time="5.932"/>
  <testcase classname="testClasses.TreeTests" name="clickImplementationofBTSLink" time="6.888"/>
  <testcase classname="testClasses.QueueTests" name="testQueueOperationsPageNavigation" time="30.98">
    <failure type="org.openqa.selenium.TimeoutException" message="Expected condition failed: waiting for visibility of Proxy element for: DefaultElementLocator &amp;apos;By.xpath: //*[@id=&amp;apos;content&amp;apos;]/a&amp;apos; (tried for 20 second(s) with 500 milliseconds interval)">
      <![CDATA[org.openqa.selenium.TimeoutException: Expected condition failed: waiting for visibility of Proxy element for: DefaultElementLocator 'By.xpath: //*[@id='content']/a' (tried for 20 second(s) with 500 milliseconds interval)
at org.openqa.selenium.support.ui.WebDriverWait.timeoutException(WebDriverWait.java:84)
at org.openqa.selenium.support.ui.FluentWait.until(FluentWait.java:228)
at dsAlgoPageObjects.QueuePageObj.clickQueueOperationslink(QueuePageObj.java:71)
at testClasses.QueueTests.testQueueOperationsPageNavigation(QueueTests.java:258)
at java.base/java.util.concurrent.Executors$RunnableAdapter.call(Executors.java:572)
at java.base/java.util.concurrent.FutureTask.run(FutureTask.java:317)
at java.base/java.util.concurrent.ThreadPoolExecutor.runWorker(ThreadPoolExecutor.java:1144)
at java.base/java.util.concurrent.ThreadPoolExecutor$Worker.run(ThreadPoolExecutor.java:642)
at java.base/java.lang.Thread.run(Thread.java:1575)
Caused by: org.openqa.selenium.NoSuchElementException: no such element: Unable to locate element: {"method":"xpath","selector":"//*[@id='content']/a"}
  (Session info: chrome=136.0.7103.114)
For documentation on this error, please visit: https://www.selenium.dev/documentation/webdriver/troubleshooting/errors#no-such-element-exception
Build info: version: '4.20.0', revision: '866c76ca80'
System info: os.name: 'Mac OS X', os.arch: 'x86_64', os.version: '15.1.1', java.version: '23.0.1'
Driver info: org.openqa.selenium.chrome.ChromeDriver
Command: [058e26defcd839653261da750139013d, findElement {using=xpath, value=//*[@id='content']/a}]
Capabilities {acceptInsecureCerts: false, browserName: chrome, browserVersion: 136.0.7103.114, chrome: {chromedriverVersion: 136.0.7103.94 (fa0be0b33deb..., userDataDir: /var/folders/49/t7zfzxpj60s...}, fedcm:accounts: true, goog:chromeOptions: {debuggerAddress: localhost:64347}, networkConnectionEnabled: false, pageLoadStrategy: normal, platformName: mac, proxy: Proxy(), se:cdp: ws://localhost:64347/devtoo..., se:cdpVersion: 136.0.7103.114, setWindowRect: true, strictFileInteractability: false, timeouts: {implicit: 0, pageLoad: 300000, script: 30000}, unhandledPromptBehavior: dismiss and notify, webauthn:extension:credBlob: true, webauthn:extension:largeBlob: true, webauthn:extension:minPinLength: true, webauthn:extension:prf: true, webauthn:virtualAuthenticators: true}
Session ID: 058e26defcd839653261da750139013d
at org.openqa.selenium.remote.ErrorCodec.decode(ErrorCodec.java:167)
at org.openqa.selenium.remote.codec.w3c.W3CHttpResponseCodec.decode(W3CHttpResponseCodec.java:138)
at org.openqa.selenium.remote.codec.w3c.W3CHttpResponseCodec.decode(W3CHttpResponseCodec.java:50)
at org.openqa.selenium.remote.HttpCommandExecutor.execute(HttpCommandExecutor.java:190)
at org.openqa.selenium.remote.service.DriverCommandExecutor.invokeExecute(DriverCommandExecutor.java:216)
at org.openqa.selenium.remote.service.DriverCommandExecutor.execute(DriverCommandExecutor.java:174)
at org.openqa.selenium.remote.RemoteWebDriver.execute(RemoteWebDriver.java:518)
at org.openqa.selenium.remote.ElementLocation$ElementFinder$2.findElement(ElementLocation.java:165)
at org.openqa.selenium.remote.ElementLocation.findElement(ElementLocation.java:59)
at org.openqa.selenium.remote.RemoteWebDriver.findElement(RemoteWebDriver.java:355)
at org.openqa.selenium.remote.RemoteWebDriver.findElement(RemoteWebDriver.java:349)
at org.openqa.selenium.support.pagefactory.DefaultElementLocator.findElement(DefaultElementLocator.java:68)
at org.openqa.selenium.support.pagefactory.internal.LocatingElementHandler.invoke(LocatingElementHandler.java:38)
at jdk.proxy2/jdk.proxy2.$Proxy17.isDisplayed(Unknown Source)
at org.openqa.selenium.support.ui.ExpectedConditions.elementIfVisible(ExpectedConditions.java:304)
at org.openqa.selenium.support.ui.ExpectedConditions$10.apply(ExpectedConditions.java:290)
at org.openqa.selenium.support.ui.ExpectedConditions$10.apply(ExpectedConditions.java:287)
at org.openqa.selenium.support.ui.FluentWait.until(FluentWait.java:203)
... 18 more
... Removed 14 stack frames]]>
    </failure>
  </testcase> <!-- testQueueOperationsPageNavigation -->
  <testcase classname="testClasses.LinkListTests" name="testTryHereButtonImplementLL" time="6.374"/>
  <testcase classname="testClasses.TreeTests" name="clickImplementationofBTSLink1" time="8.267"/>
  <testcase classname="testClasses.LinkListTests" name="testInvalidCodeImplementLL" time="7.828"/>
  <testcase classname="testClasses.LinkListTests" name="testValidCodeImplementLL" time="6.384"/>
  <testcase classname="testClasses.QueueTests" name="testTryHereButtonQueueOperations" time="30.863">
    <failure type="org.openqa.selenium.TimeoutException" message="Expected condition failed: waiting for visibility of Proxy element for: DefaultElementLocator &amp;apos;By.xpath: //*[@id=&amp;apos;content&amp;apos;]/a&amp;apos; (tried for 20 second(s) with 500 milliseconds interval)">
      <![CDATA[org.openqa.selenium.TimeoutException: Expected condition failed: waiting for visibility of Proxy element for: DefaultElementLocator 'By.xpath: //*[@id='content']/a' (tried for 20 second(s) with 500 milliseconds interval)
at org.openqa.selenium.support.ui.WebDriverWait.timeoutException(WebDriverWait.java:84)
at org.openqa.selenium.support.ui.FluentWait.until(FluentWait.java:228)
at dsAlgoPageObjects.QueuePageObj.clickQueueOperationslink(QueuePageObj.java:71)
at testClasses.QueueTests.testTryHereButtonQueueOperations(QueueTests.java:265)
at java.base/java.util.concurrent.Executors$RunnableAdapter.call(Executors.java:572)
at java.base/java.util.concurrent.FutureTask.run(FutureTask.java:317)
at java.base/java.util.concurrent.ThreadPoolExecutor.runWorker(ThreadPoolExecutor.java:1144)
at java.base/java.util.concurrent.ThreadPoolExecutor$Worker.run(ThreadPoolExecutor.java:642)
at java.base/java.lang.Thread.run(Thread.java:1575)
Caused by: org.openqa.selenium.NoSuchElementException: no such element: Unable to locate element: {"method":"xpath","selector":"//*[@id='content']/a"}
  (Session info: chrome=136.0.7103.114)
For documentation on this error, please visit: https://www.selenium.dev/documentation/webdriver/troubleshooting/errors#no-such-element-exception
Build info: version: '4.20.0', revision: '866c76ca80'
System info: os.name: 'Mac OS X', os.arch: 'x86_64', os.version: '15.1.1', java.version: '23.0.1'
Driver info: org.openqa.selenium.chrome.ChromeDriver
Command: [a761558d7844a5fb2ff0a6ca3de3d470, findElement {using=xpath, value=//*[@id='content']/a}]
Capabilities {acceptInsecureCerts: false, browserName: chrome, browserVersion: 136.0.7103.114, chrome: {chromedriverVersion: 136.0.7103.94 (fa0be0b33deb..., userDataDir: /var/folders/49/t7zfzxpj60s...}, fedcm:accounts: true, goog:chromeOptions: {debuggerAddress: localhost:64585}, networkConnectionEnabled: false, pageLoadStrategy: normal, platformName: mac, proxy: Proxy(), se:cdp: ws://localhost:64585/devtoo..., se:cdpVersion: 136.0.7103.114, setWindowRect: true, strictFileInteractability: false, timeouts: {implicit: 0, pageLoad: 300000, script: 30000}, unhandledPromptBehavior: dismiss and notify, webauthn:extension:credBlob: true, webauthn:extension:largeBlob: true, webauthn:extension:minPinLength: true, webauthn:extension:prf: true, webauthn:virtualAuthenticators: true}
Session ID: a761558d7844a5fb2ff0a6ca3de3d470
at org.openqa.selenium.remote.ErrorCodec.decode(ErrorCodec.java:167)
at org.openqa.selenium.remote.codec.w3c.W3CHttpResponseCodec.decode(W3CHttpResponseCodec.java:138)
at org.openqa.selenium.remote.codec.w3c.W3CHttpResponseCodec.decode(W3CHttpResponseCodec.java:50)
at org.openqa.selenium.remote.HttpCommandExecutor.execute(HttpCommandExecutor.java:190)
at org.openqa.selenium.remote.service.DriverCommandExecutor.invokeExecute(DriverCommandExecutor.java:216)
at org.openqa.selenium.remote.service.DriverCommandExecutor.execute(DriverCommandExecutor.java:174)
at org.openqa.selenium.remote.RemoteWebDriver.execute(RemoteWebDriver.java:518)
at org.openqa.selenium.remote.ElementLocation$ElementFinder$2.findElement(ElementLocation.java:165)
at org.openqa.selenium.remote.ElementLocation.findElement(ElementLocation.java:59)
at org.openqa.selenium.remote.RemoteWebDriver.findElement(RemoteWebDriver.java:355)
at org.openqa.selenium.remote.RemoteWebDriver.findElement(RemoteWebDriver.java:349)
at org.openqa.selenium.support.pagefactory.DefaultElementLocator.findElement(DefaultElementLocator.java:68)
at org.openqa.selenium.support.pagefactory.internal.LocatingElementHandler.invoke(LocatingElementHandler.java:38)
at jdk.proxy2/jdk.proxy2.$Proxy17.isDisplayed(Unknown Source)
at org.openqa.selenium.support.ui.ExpectedConditions.elementIfVisible(ExpectedConditions.java:304)
at org.openqa.selenium.support.ui.ExpectedConditions$10.apply(ExpectedConditions.java:290)
at org.openqa.selenium.support.ui.ExpectedConditions$10.apply(ExpectedConditions.java:287)
at org.openqa.selenium.support.ui.FluentWait.until(FluentWait.java:203)
... 18 more
... Removed 14 stack frames]]>
    </failure>
  </testcase> <!-- testTryHereButtonQueueOperations -->
  <testcase classname="testClasses.LinkListTests" name="testPracticeQuestionsLinkImplementLL" time="5.879"/>
  <testcase classname="testClasses.LinkListTests" name="traversalPage" time="5.509"/>
  <testcase classname="testClasses.LinkListTests" name="testTraversalPageNavigation" time="0.55"/>
  <testcase classname="testClasses.LinkListTests" name="testTryHereButtonTraversal" time="6.43"/>
  <testcase classname="testClasses.LinkListTests" name="testInvalidCodeTraversal" time="6.553"/>
  <testcase classname="testClasses.QueueTests" name="testInvalidCodeRunQueueOperationsPage" time="35.895">
    <failure type="org.openqa.selenium.TimeoutException" message="Expected condition failed: waiting for visibility of Proxy element for: DefaultElementLocator &amp;apos;By.xpath: //*[@id=&amp;apos;content&amp;apos;]/a&amp;apos; (tried for 20 second(s) with 500 milliseconds interval)">
      <![CDATA[org.openqa.selenium.TimeoutException: Expected condition failed: waiting for visibility of Proxy element for: DefaultElementLocator 'By.xpath: //*[@id='content']/a' (tried for 20 second(s) with 500 milliseconds interval)
at org.openqa.selenium.support.ui.WebDriverWait.timeoutException(WebDriverWait.java:84)
at org.openqa.selenium.support.ui.FluentWait.until(FluentWait.java:228)
at dsAlgoPageObjects.QueuePageObj.clickQueueOperationslink(QueuePageObj.java:71)
at testClasses.QueueTests.testInvalidCodeRunQueueOperationsPage(QueueTests.java:274)
at java.base/java.util.concurrent.Executors$RunnableAdapter.call(Executors.java:572)
at java.base/java.util.concurrent.FutureTask.run(FutureTask.java:317)
at java.base/java.util.concurrent.ThreadPoolExecutor.runWorker(ThreadPoolExecutor.java:1144)
at java.base/java.util.concurrent.ThreadPoolExecutor$Worker.run(ThreadPoolExecutor.java:642)
at java.base/java.lang.Thread.run(Thread.java:1575)
Caused by: org.openqa.selenium.NoSuchElementException: no such element: Unable to locate element: {"method":"xpath","selector":"//*[@id='content']/a"}
  (Session info: chrome=136.0.7103.114)
For documentation on this error, please visit: https://www.selenium.dev/documentation/webdriver/troubleshooting/errors#no-such-element-exception
Build info: version: '4.20.0', revision: '866c76ca80'
System info: os.name: 'Mac OS X', os.arch: 'x86_64', os.version: '15.1.1', java.version: '23.0.1'
Driver info: org.openqa.selenium.chrome.ChromeDriver
Command: [7c0c486f8ce7c9b3c5e2ac0132aaf75d, findElement {using=xpath, value=//*[@id='content']/a}]
Capabilities {acceptInsecureCerts: false, browserName: chrome, browserVersion: 136.0.7103.114, chrome: {chromedriverVersion: 136.0.7103.94 (fa0be0b33deb..., userDataDir: /var/folders/49/t7zfzxpj60s...}, fedcm:accounts: true, goog:chromeOptions: {debuggerAddress: localhost:64720}, networkConnectionEnabled: false, pageLoadStrategy: normal, platformName: mac, proxy: Proxy(), se:cdp: ws://localhost:64720/devtoo..., se:cdpVersion: 136.0.7103.114, setWindowRect: true, strictFileInteractability: false, timeouts: {implicit: 0, pageLoad: 300000, script: 30000}, unhandledPromptBehavior: dismiss and notify, webauthn:extension:credBlob: true, webauthn:extension:largeBlob: true, webauthn:extension:minPinLength: true, webauthn:extension:prf: true, webauthn:virtualAuthenticators: true}
Session ID: 7c0c486f8ce7c9b3c5e2ac0132aaf75d
at org.openqa.selenium.remote.ErrorCodec.decode(ErrorCodec.java:167)
at org.openqa.selenium.remote.codec.w3c.W3CHttpResponseCodec.decode(W3CHttpResponseCodec.java:138)
at org.openqa.selenium.remote.codec.w3c.W3CHttpResponseCodec.decode(W3CHttpResponseCodec.java:50)
at org.openqa.selenium.remote.HttpCommandExecutor.execute(HttpCommandExecutor.java:190)
at org.openqa.selenium.remote.service.DriverCommandExecutor.invokeExecute(DriverCommandExecutor.java:216)
at org.openqa.selenium.remote.service.DriverCommandExecutor.execute(DriverCommandExecutor.java:174)
at org.openqa.selenium.remote.RemoteWebDriver.execute(RemoteWebDriver.java:518)
at org.openqa.selenium.remote.ElementLocation$ElementFinder$2.findElement(ElementLocation.java:165)
at org.openqa.selenium.remote.ElementLocation.findElement(ElementLocation.java:59)
at org.openqa.selenium.remote.RemoteWebDriver.findElement(RemoteWebDriver.java:355)
at org.openqa.selenium.remote.RemoteWebDriver.findElement(RemoteWebDriver.java:349)
at org.openqa.selenium.support.pagefactory.DefaultElementLocator.findElement(DefaultElementLocator.java:68)
at org.openqa.selenium.support.pagefactory.internal.LocatingElementHandler.invoke(LocatingElementHandler.java:38)
at jdk.proxy2/jdk.proxy2.$Proxy17.isDisplayed(Unknown Source)
at org.openqa.selenium.support.ui.ExpectedConditions.elementIfVisible(ExpectedConditions.java:304)
at org.openqa.selenium.support.ui.ExpectedConditions$10.apply(ExpectedConditions.java:290)
at org.openqa.selenium.support.ui.ExpectedConditions$10.apply(ExpectedConditions.java:287)
at org.openqa.selenium.support.ui.FluentWait.until(FluentWait.java:203)
... 18 more
... Removed 14 stack frames]]>
    </failure>
  </testcase> <!-- testInvalidCodeRunQueueOperationsPage -->
  <testcase classname="testClasses.LinkListTests" name="testValidCodeTraversal" time="6.482"/>
  <testcase classname="testClasses.LinkListTests" name="testPracticeQuestionsLinkTraversal" time="0.877"/>
  <testcase classname="testClasses.LinkListTests" name="insertionPage" time="5.306"/>
  <testcase classname="testClasses.LinkListTests" name="testInsertionPageNavigation" time="0.636"/>
  <testcase classname="testClasses.LinkListTests" name="testTryHereButtonInsertion" time="6.704"/>
  <testcase classname="testClasses.QueueTests" name="testValidCodeRunQueueOperationsPage" time="36.066">
    <failure type="org.openqa.selenium.TimeoutException" message="Expected condition failed: waiting for visibility of Proxy element for: DefaultElementLocator &amp;apos;By.xpath: //*[@id=&amp;apos;content&amp;apos;]/a&amp;apos; (tried for 20 second(s) with 500 milliseconds interval)">
      <![CDATA[org.openqa.selenium.TimeoutException: Expected condition failed: waiting for visibility of Proxy element for: DefaultElementLocator 'By.xpath: //*[@id='content']/a' (tried for 20 second(s) with 500 milliseconds interval)
at org.openqa.selenium.support.ui.WebDriverWait.timeoutException(WebDriverWait.java:84)
at org.openqa.selenium.support.ui.FluentWait.until(FluentWait.java:228)
at dsAlgoPageObjects.QueuePageObj.clickQueueOperationslink(QueuePageObj.java:71)
at testClasses.QueueTests.testValidCodeRunQueueOperationsPage(QueueTests.java:288)
at java.base/java.util.concurrent.Executors$RunnableAdapter.call(Executors.java:572)
at java.base/java.util.concurrent.FutureTask.run(FutureTask.java:317)
at java.base/java.util.concurrent.ThreadPoolExecutor.runWorker(ThreadPoolExecutor.java:1144)
at java.base/java.util.concurrent.ThreadPoolExecutor$Worker.run(ThreadPoolExecutor.java:642)
at java.base/java.lang.Thread.run(Thread.java:1575)
Caused by: org.openqa.selenium.NoSuchElementException: no such element: Unable to locate element: {"method":"xpath","selector":"//*[@id='content']/a"}
  (Session info: chrome=136.0.7103.114)
For documentation on this error, please visit: https://www.selenium.dev/documentation/webdriver/troubleshooting/errors#no-such-element-exception
Build info: version: '4.20.0', revision: '866c76ca80'
System info: os.name: 'Mac OS X', os.arch: 'x86_64', os.version: '15.1.1', java.version: '23.0.1'
Driver info: org.openqa.selenium.chrome.ChromeDriver
Command: [7f6e6c0c511af82a574b3ed80d0d42a5, findElement {using=xpath, value=//*[@id='content']/a}]
Capabilities {acceptInsecureCerts: false, browserName: chrome, browserVersion: 136.0.7103.114, chrome: {chromedriverVersion: 136.0.7103.94 (fa0be0b33deb..., userDataDir: /var/folders/49/t7zfzxpj60s...}, fedcm:accounts: true, goog:chromeOptions: {debuggerAddress: localhost:64893}, networkConnectionEnabled: false, pageLoadStrategy: normal, platformName: mac, proxy: Proxy(), se:cdp: ws://localhost:64893/devtoo..., se:cdpVersion: 136.0.7103.114, setWindowRect: true, strictFileInteractability: false, timeouts: {implicit: 0, pageLoad: 300000, script: 30000}, unhandledPromptBehavior: dismiss and notify, webauthn:extension:credBlob: true, webauthn:extension:largeBlob: true, webauthn:extension:minPinLength: true, webauthn:extension:prf: true, webauthn:virtualAuthenticators: true}
Session ID: 7f6e6c0c511af82a574b3ed80d0d42a5
at org.openqa.selenium.remote.ErrorCodec.decode(ErrorCodec.java:167)
at org.openqa.selenium.remote.codec.w3c.W3CHttpResponseCodec.decode(W3CHttpResponseCodec.java:138)
at org.openqa.selenium.remote.codec.w3c.W3CHttpResponseCodec.decode(W3CHttpResponseCodec.java:50)
at org.openqa.selenium.remote.HttpCommandExecutor.execute(HttpCommandExecutor.java:190)
at org.openqa.selenium.remote.service.DriverCommandExecutor.invokeExecute(DriverCommandExecutor.java:216)
at org.openqa.selenium.remote.service.DriverCommandExecutor.execute(DriverCommandExecutor.java:174)
at org.openqa.selenium.remote.RemoteWebDriver.execute(RemoteWebDriver.java:518)
at org.openqa.selenium.remote.ElementLocation$ElementFinder$2.findElement(ElementLocation.java:165)
at org.openqa.selenium.remote.ElementLocation.findElement(ElementLocation.java:59)
at org.openqa.selenium.remote.RemoteWebDriver.findElement(RemoteWebDriver.java:355)
at org.openqa.selenium.remote.RemoteWebDriver.findElement(RemoteWebDriver.java:349)
at org.openqa.selenium.support.pagefactory.DefaultElementLocator.findElement(DefaultElementLocator.java:68)
at org.openqa.selenium.support.pagefactory.internal.LocatingElementHandler.invoke(LocatingElementHandler.java:38)
at jdk.proxy2/jdk.proxy2.$Proxy17.isDisplayed(Unknown Source)
at org.openqa.selenium.support.ui.ExpectedConditions.elementIfVisible(ExpectedConditions.java:304)
at org.openqa.selenium.support.ui.ExpectedConditions$10.apply(ExpectedConditions.java:290)
at org.openqa.selenium.support.ui.ExpectedConditions$10.apply(ExpectedConditions.java:287)
at org.openqa.selenium.support.ui.FluentWait.until(FluentWait.java:203)
... 18 more
... Removed 14 stack frames]]>
    </failure>
  </testcase> <!-- testValidCodeRunQueueOperationsPage -->
  <testcase classname="testClasses.LinkListTests" name="testInvalidCodeInsertion" time="6.375"/>
  <testcase classname="testClasses.LinkListTests" name="testValidCodeInsertion" time="6.54"/>
  <testcase classname="testClasses.LinkListTests" name="testPracticeQuestionsLinkInsertion" time="5.883"/>
  <testcase classname="testClasses.QueueTests" name="testPracticeQuestionsLinkQueueOperationsPage" time="36.007">
    <failure type="org.openqa.selenium.TimeoutException" message="Expected condition failed: waiting for visibility of Proxy element for: DefaultElementLocator &amp;apos;By.xpath: //*[@id=&amp;apos;content&amp;apos;]/a&amp;apos; (tried for 20 second(s) with 500 milliseconds interval)">
      <![CDATA[org.openqa.selenium.TimeoutException: Expected condition failed: waiting for visibility of Proxy element for: DefaultElementLocator 'By.xpath: //*[@id='content']/a' (tried for 20 second(s) with 500 milliseconds interval)
at org.openqa.selenium.support.ui.WebDriverWait.timeoutException(WebDriverWait.java:84)
at org.openqa.selenium.support.ui.FluentWait.until(FluentWait.java:228)
at dsAlgoPageObjects.QueuePageObj.clickQueueOperationslink(QueuePageObj.java:71)
at testClasses.QueueTests.testPracticeQuestionsLinkQueueOperationsPage(QueueTests.java:300)
at java.base/java.util.concurrent.Executors$RunnableAdapter.call(Executors.java:572)
at java.base/java.util.concurrent.FutureTask.run(FutureTask.java:317)
at java.base/java.util.concurrent.ThreadPoolExecutor.runWorker(ThreadPoolExecutor.java:1144)
at java.base/java.util.concurrent.ThreadPoolExecutor$Worker.run(ThreadPoolExecutor.java:642)
at java.base/java.lang.Thread.run(Thread.java:1575)
Caused by: org.openqa.selenium.NoSuchElementException: no such element: Unable to locate element: {"method":"xpath","selector":"//*[@id='content']/a"}
  (Session info: chrome=136.0.7103.114)
For documentation on this error, please visit: https://www.selenium.dev/documentation/webdriver/troubleshooting/errors#no-such-element-exception
Build info: version: '4.20.0', revision: '866c76ca80'
System info: os.name: 'Mac OS X', os.arch: 'x86_64', os.version: '15.1.1', java.version: '23.0.1'
Driver info: org.openqa.selenium.chrome.ChromeDriver
Command: [e5c44cd68ff6bde87664f77469fe1582, findElement {using=xpath, value=//*[@id='content']/a}]
Capabilities {acceptInsecureCerts: false, browserName: chrome, browserVersion: 136.0.7103.114, chrome: {chromedriverVersion: 136.0.7103.94 (fa0be0b33deb..., userDataDir: /var/folders/49/t7zfzxpj60s...}, fedcm:accounts: true, goog:chromeOptions: {debuggerAddress: localhost:65093}, networkConnectionEnabled: false, pageLoadStrategy: normal, platformName: mac, proxy: Proxy(), se:cdp: ws://localhost:65093/devtoo..., se:cdpVersion: 136.0.7103.114, setWindowRect: true, strictFileInteractability: false, timeouts: {implicit: 0, pageLoad: 300000, script: 30000}, unhandledPromptBehavior: dismiss and notify, webauthn:extension:credBlob: true, webauthn:extension:largeBlob: true, webauthn:extension:minPinLength: true, webauthn:extension:prf: true, webauthn:virtualAuthenticators: true}
Session ID: e5c44cd68ff6bde87664f77469fe1582
at org.openqa.selenium.remote.ErrorCodec.decode(ErrorCodec.java:167)
at org.openqa.selenium.remote.codec.w3c.W3CHttpResponseCodec.decode(W3CHttpResponseCodec.java:138)
at org.openqa.selenium.remote.codec.w3c.W3CHttpResponseCodec.decode(W3CHttpResponseCodec.java:50)
at org.openqa.selenium.remote.HttpCommandExecutor.execute(HttpCommandExecutor.java:190)
at org.openqa.selenium.remote.service.DriverCommandExecutor.invokeExecute(DriverCommandExecutor.java:216)
at org.openqa.selenium.remote.service.DriverCommandExecutor.execute(DriverCommandExecutor.java:174)
at org.openqa.selenium.remote.RemoteWebDriver.execute(RemoteWebDriver.java:518)
at org.openqa.selenium.remote.ElementLocation$ElementFinder$2.findElement(ElementLocation.java:165)
at org.openqa.selenium.remote.ElementLocation.findElement(ElementLocation.java:59)
at org.openqa.selenium.remote.RemoteWebDriver.findElement(RemoteWebDriver.java:355)
at org.openqa.selenium.remote.RemoteWebDriver.findElement(RemoteWebDriver.java:349)
at org.openqa.selenium.support.pagefactory.DefaultElementLocator.findElement(DefaultElementLocator.java:68)
at org.openqa.selenium.support.pagefactory.internal.LocatingElementHandler.invoke(LocatingElementHandler.java:38)
at jdk.proxy2/jdk.proxy2.$Proxy17.isDisplayed(Unknown Source)
at org.openqa.selenium.support.ui.ExpectedConditions.elementIfVisible(ExpectedConditions.java:304)
at org.openqa.selenium.support.ui.ExpectedConditions$10.apply(ExpectedConditions.java:290)
at org.openqa.selenium.support.ui.ExpectedConditions$10.apply(ExpectedConditions.java:287)
at org.openqa.selenium.support.ui.FluentWait.until(FluentWait.java:203)
... 18 more
... Removed 14 stack frames]]>
    </failure>
  </testcase> <!-- testPracticeQuestionsLinkQueueOperationsPage -->
  <testcase classname="testClasses.LinkListTests" name="deletionPage" time="5.296"/>
  <testcase classname="testClasses.LinkListTests" name="testDeletionPageNavigation" time="0.579"/>
  <testcase classname="testClasses.LinkListTests" name="testTryHereButtonDeletion" time="6.402"/>
  <testcase classname="testClasses.LinkListTests" name="testInvalidCodeDeletion" time="6.376"/>
  <testcase classname="testClasses.LinkListTests" name="testValidCodeDeletion" time="6.4"/>
  <testcase classname="testClasses.LinkListTests" name="testPracticeQuestionsLinkDeletion" time="5.794"/>
  <testcase classname="baseClass.BaseClass" name="@BeforeSuite setUpSuite" time="0.0">
    <ignored/>
  </testcase> <!-- @BeforeSuite setUpSuite -->
  <testcase classname="baseClass.BaseClass" name="@BeforeSuite setUpSuite" time="0.0">
    <ignored/>
  </testcase> <!-- @BeforeSuite setUpSuite -->
  <testcase classname="baseClass.BaseClass" name="@BeforeSuite setUpSuite" time="0.0">
    <ignored/>
  </testcase> <!-- @BeforeSuite setUpSuite -->
  <testcase classname="baseClass.BaseClass" name="@BeforeSuite setUpSuite" time="0.0">
    <ignored/>
  </testcase> <!-- @BeforeSuite setUpSuite -->
  <testcase classname="baseClass.BaseClass" name="@BeforeSuite setUpSuite" time="0.0">
    <ignored/>
  </testcase> <!-- @BeforeSuite setUpSuite -->
  <testcase classname="baseClass.BaseClass" name="@BeforeSuite setUpSuite" time="0.0">
    <ignored/>
  </testcase> <!-- @BeforeSuite setUpSuite -->
  <testcase classname="baseClass.BaseClass" name="@BeforeSuite setUpSuite" time="0.0">
    <ignored/>
  </testcase> <!-- @BeforeSuite setUpSuite -->
</testsuite> <!-- DSAlgo Tests -->
